#
# There is insufficient memory for the Java Runtime Environment to continue.
# Native memory allocation (mmap) failed to map 131072 bytes for committing reserved memory.
# Possible reasons:
#   The system is out of physical RAM or swap space
#   In 32 bit mode, the process size limit was hit
# Possible solutions:
#   Reduce memory load on the system
#   Increase physical memory or swap space
#   Check if swap backing store is full
#   Use 64 bit Java on a 64 bit OS
#   Decrease Java heap size (-Xmx/-Xms)
#   Decrease number of Java threads
#   Decrease Java thread stack sizes (-Xss)
#   Set larger code cache with -XX:ReservedCodeCacheSize=
# This output file may be truncated or incomplete.
#
#  Out of Memory Error (os_linux.cpp:2643), pid=11668, tid=0xb6397b40
#
# JRE version: OpenJDK Runtime Environment (8.0_181-b13) (build 1.8.0_181-8u181-b13-2~deb9u1-b13)
# Java VM: OpenJDK Server VM (25.181-b13 mixed mode linux-x86 )
# Failed to write core dump. Core dumps have been disabled. To enable core dumping, try "ulimit -c unlimited" before starting Java again
#

---------------  T H R E A D  ---------------

Current thread (0xb6208c00):  JavaThread "main" [_thread_in_vm, id=11671, stack(0xb6347000,0xb6398000)]

Stack: [0xb6347000,0xb6398000],  sp=0xb6395cc4,  free space=315k
Native frames: (J=compiled Java code, j=interpreted, Vv=VM code, C=native code)
V  [libjvm.so+0x8c7df3]
V  [libjvm.so+0x3750f6]
V  [libjvm.so+0x72b0a0]
V  [libjvm.so+0x724fb3]
V  [libjvm.so+0x8c495c]
V  [libjvm.so+0x6b0398]
V  [libjvm.so+0x6b05d1]
V  [libjvm.so+0x6b1905]
V  [libjvm.so+0x6b1a9c]
V  [libjvm.so+0x6b2f0c]
V  [libjvm.so+0x6b3067]
V  [libjvm.so+0x1834b8]
V  [libjvm.so+0x364de7]
V  [libjvm.so+0x6b9299]
V  [libjvm.so+0x2dc7e6]
V  [libjvm.so+0x2dd1a6]
V  [libjvm.so+0x2df022]
V  [libjvm.so+0x2e5c12]
V  [libjvm.so+0x8441a9]
V  [libjvm.so+0x842e06]
V  [libjvm.so+0x844e36]
V  [libjvm.so+0x36764b]
V  [libjvm.so+0x4eb3db]
j  java.io.File.toURI()Ljava/net/URI;+46
j  com.sun.tools.javac.file.JavacFileManager.getClassLoader(Ljavax/tools/JavaFileManager$Location;)Ljava/lang/ClassLoader;+58
j  com.sun.tools.javac.processing.JavacProcessingEnvironment.initProcessorClassLoader()V+30
j  com.sun.tools.javac.processing.JavacProcessingEnvironment.<init>(Lcom/sun/tools/javac/util/Context;)V+274
j  com.sun.tools.javac.processing.JavacProcessingEnvironment.instance(Lcom/sun/tools/javac/util/Context;)Lcom/sun/tools/javac/processing/JavacProcessingEnvironment;+19
j  com.sun.tools.javac.main.JavaCompiler.initProcessAnnotations(Ljava/lang/Iterable;)V+36
j  com.sun.tools.javac.main.JavaCompiler.compile(Lcom/sun/tools/javac/util/List;Lcom/sun/tools/javac/util/List;Ljava/lang/Iterable;)V+133
j  com.sun.tools.javac.main.Main.compile([Ljava/lang/String;[Ljava/lang/String;Lcom/sun/tools/javac/util/Context;Lcom/sun/tools/javac/util/List;Ljava/lang/Iterable;)Lcom/sun/tools/javac/main/Main$Result;+1299
j  com.sun.tools.javac.main.Main.compile([Ljava/lang/String;Lcom/sun/tools/javac/util/Context;Lcom/sun/tools/javac/util/List;Ljava/lang/Iterable;)Lcom/sun/tools/javac/main/Main$Result;+7
j  com.sun.tools.javac.main.Main.compile([Ljava/lang/String;Lcom/sun/tools/javac/util/Context;)Lcom/sun/tools/javac/main/Main$Result;+7
j  com.sun.tools.javac.main.Main.compile([Ljava/lang/String;)Lcom/sun/tools/javac/main/Main$Result;+15
j  com.sun.tools.javac.Main.compile([Ljava/lang/String;)I+12
j  com.sun.tools.javac.Main.main([Ljava/lang/String;)V+1
v  ~StubRoutines::call_stub
V  [libjvm.so+0x4fd07d]
V  [libjvm.so+0x4fc18a]
V  [libjvm.so+0x51b4a7]
V  [libjvm.so+0x51d240]
C  [libjli.so+0x2c60]
C  [libpthread.so.0+0x627a]  start_thread+0xda
C  [libc.so.6+0xe7ae6]  clone+0x66

Java frames: (J=compiled Java code, j=interpreted, Vv=VM code)
j  java.io.File.toURI()Ljava/net/URI;+46
j  com.sun.tools.javac.file.JavacFileManager.getClassLoader(Ljavax/tools/JavaFileManager$Location;)Ljava/lang/ClassLoader;+58
j  com.sun.tools.javac.processing.JavacProcessingEnvironment.initProcessorClassLoader()V+30
j  com.sun.tools.javac.processing.JavacProcessingEnvironment.<init>(Lcom/sun/tools/javac/util/Context;)V+274
j  com.sun.tools.javac.processing.JavacProcessingEnvironment.instance(Lcom/sun/tools/javac/util/Context;)Lcom/sun/tools/javac/processing/JavacProcessingEnvironment;+19
j  com.sun.tools.javac.main.JavaCompiler.initProcessAnnotations(Ljava/lang/Iterable;)V+36
j  com.sun.tools.javac.main.JavaCompiler.compile(Lcom/sun/tools/javac/util/List;Lcom/sun/tools/javac/util/List;Ljava/lang/Iterable;)V+133
j  com.sun.tools.javac.main.Main.compile([Ljava/lang/String;[Ljava/lang/String;Lcom/sun/tools/javac/util/Context;Lcom/sun/tools/javac/util/List;Ljava/lang/Iterable;)Lcom/sun/tools/javac/main/Main$Result;+1299
j  com.sun.tools.javac.main.Main.compile([Ljava/lang/String;Lcom/sun/tools/javac/util/Context;Lcom/sun/tools/javac/util/List;Ljava/lang/Iterable;)Lcom/sun/tools/javac/main/Main$Result;+7
j  com.sun.tools.javac.main.Main.compile([Ljava/lang/String;Lcom/sun/tools/javac/util/Context;)Lcom/sun/tools/javac/main/Main$Result;+7
j  com.sun.tools.javac.main.Main.compile([Ljava/lang/String;)Lcom/sun/tools/javac/main/Main$Result;+15
j  com.sun.tools.javac.Main.compile([Ljava/lang/String;)I+12
j  com.sun.tools.javac.Main.main([Ljava/lang/String;)V+1
v  ~StubRoutines::call_stub

---------------  P R O C E S S  ---------------

Java Threads: ( => current thread )
  0xb6286400 JavaThread "Service Thread" daemon [_thread_blocked, id=11679, stack(0x865c1000,0x86612000)]
  0xb6284000 JavaThread "C1 CompilerThread1" daemon [_thread_blocked, id=11678, stack(0x86612000,0x86693000)]
  0xb6282800 JavaThread "C2 CompilerThread0" daemon [_thread_blocked, id=11677, stack(0x86693000,0x86714000)]
  0xb6281000 JavaThread "Signal Dispatcher" daemon [_thread_blocked, id=11676, stack(0x86714000,0x86765000)]
  0xb6266000 JavaThread "Finalizer" daemon [_thread_blocked, id=11675, stack(0x86a19000,0x86a6a000)]
  0xb6264400 JavaThread "Reference Handler" daemon [_thread_blocked, id=11674, stack(0x86a6a000,0x86abb000)]
=>0xb6208c00 JavaThread "main" [_thread_in_vm, id=11671, stack(0xb6347000,0xb6398000)]

Other Threads:
  0xb625ec00 VMThread [stack: 0x86abb000,0x86b3c000] [id=11673]
  0xb6288000 WatcherThread [stack: 0x86540000,0x865c1000] [id=11680]

VM state:not at safepoint (normal execution)

VM Mutex/Monitor currently owned by a thread: None

Heap:
 def new generation   total 3840K, used 1760K [0x87200000, 0x87620000, 0x91aa0000)
  eden space 3456K,  39% used [0x87200000, 0x87358200, 0x87560000)
  from space 384K, 100% used [0x87560000, 0x875c0000, 0x875c0000)
  to   space 384K,   0% used [0x875c0000, 0x875c0000, 0x87620000)
 tenured generation   total 8328K, used 7130K [0x91aa0000, 0x922c2000, 0xa6c00000)
   the space 8328K,  85% used [0x91aa0000, 0x921968c0, 0x92196a00, 0x922c2000)
 Metaspace       used 4581K, capacity 4612K, committed 4632K, reserved 5424K

Card table byte_map: [0xa6cf1000,0xa6def000] byte_map_base: 0xa68b8000

Polling page: 0xb76d8000

CodeCache: size=245760Kb used=1718Kb max_used=1725Kb free=244041Kb
 bounds [0xa71af000, 0xa73ef000, 0xb61af000]
 total_blobs=631 nmethods=472 adapters=74
 compilation: enabled

Compilation events (10 events):
Event: 8.271 Thread 0xb6284000  469       3       java.io.UnixFileSystem::canonicalize (232 bytes)
Event: 8.280 Thread 0xb6284000 nmethod 469 0xa735cc08 code [0xa735d000, 0xa735ebbc]
Event: 8.319 Thread 0xb6282800  470       4       java.util.ArrayList$Itr::hasNext (20 bytes)
Event: 8.320 Thread 0xb6282800 nmethod 470 0xa7351588 code [0xa7351680, 0xa73516f0]
Event: 8.320 Thread 0xb6284000  471       3       java.io.File::isFile (43 bytes)
Event: 8.321 Thread 0xb6284000 nmethod 471 0xa7343d88 code [0xa7343ee0, 0xa7344200]
Event: 8.687 Thread 0xb6284000  472       3       com.sun.tools.javac.file.CacheFSInfo::getCanonicalFile (11 bytes)
Event: 8.687 Thread 0xb6284000 nmethod 472 0xa7350fc8 code [0xa73510e0, 0xa73511cc]
Event: 8.687 Thread 0xb6284000  473       3       java.lang.ref.ReferenceQueue::<init> (27 bytes)
Event: 8.688 Thread 0xb6284000 nmethod 473 0xa7343888 code [0xa73439c0, 0xa7343c20]

GC Heap History (10 events):
Event: 5.835 GC heap before
{Heap before GC invocations=108 (full 0):
 def new generation   total 2432K, used 2193K [0x87200000, 0x874a0000, 0x91aa0000)
  eden space 2176K, 100% used [0x87200000, 0x87420000, 0x87420000)
  from space 256K,   7% used [0x87420000, 0x874247b0, 0x87460000)
  to   space 256K,   0% used [0x87460000, 0x87460000, 0x874a0000)
 tenured generation   total 5504K, used 4727K [0x91aa0000, 0x92000000, 0xa6c00000)
   the space 5504K,  85% used [0x91aa0000, 0x91f3df80, 0x91f3e000, 0x92000000)
 Metaspace       used 4552K, capacity 4612K, committed 4632K, reserved 5424K
Event: 5.837 GC heap after
Heap after GC invocations=109 (full 0):
 def new generation   total 2432K, used 256K [0x87200000, 0x874a0000, 0x91aa0000)
  eden space 2176K,   0% used [0x87200000, 0x87200000, 0x87420000)
  from space 256K, 100% used [0x87460000, 0x874a0000, 0x874a0000)
  to   space 256K,   0% used [0x87420000, 0x87420000, 0x87460000)
 tenured generation   total 5504K, used 4865K [0x91aa0000, 0x92000000, 0xa6c00000)
   the space 5504K,  88% used [0x91aa0000, 0x91f604f0, 0x91f60600, 0x92000000)
 Metaspace       used 4552K, capacity 4612K, committed 4632K, reserved 5424K
}
Event: 5.992 GC heap before
{Heap before GC invocations=109 (full 0):
 def new generation   total 2432K, used 2428K [0x87200000, 0x874a0000, 0x91aa0000)
  eden space 2176K,  99% used [0x87200000, 0x8741f1a0, 0x87420000)
  from space 256K, 100% used [0x87460000, 0x874a0000, 0x874a0000)
  to   space 256K,   0% used [0x87420000, 0x87420000, 0x87460000)
 tenured generation   total 5504K, used 4865K [0x91aa0000, 0x92000000, 0xa6c00000)
   the space 5504K,  88% used [0x91aa0000, 0x91f604f0, 0x91f60600, 0x92000000)
 Metaspace       used 4552K, capacity 4612K, committed 4632K, reserved 5424K
Event: 5.994 GC heap after
Heap after GC invocations=110 (full 0):
 def new generation   total 2432K, used 209K [0x87200000, 0x874a0000, 0x91aa0000)
  eden space 2176K,   0% used [0x87200000, 0x87200000, 0x87420000)
  from space 256K,  82% used [0x87420000, 0x874547f0, 0x87460000)
  to   space 256K,   0% used [0x87460000, 0x87460000, 0x874a0000)
 tenured generation   total 5504K, used 5347K [0x91aa0000, 0x92000000, 0xa6c00000)
   the space 5504K,  97% used [0x91aa0000, 0x91fd8c90, 0x91fd8e00, 0x92000000)
 Metaspace       used 4552K, capacity 4612K, committed 4632K, reserved 5424K
}
Event: 6.262 GC heap before
{Heap before GC invocations=110 (full 0):
 def new generation   total 2432K, used 2385K [0x87200000, 0x874a0000, 0x91aa0000)
  eden space 2176K, 100% used [0x87200000, 0x87420000, 0x87420000)
  from space 256K,  82% used [0x87420000, 0x874547f0, 0x87460000)
  to   space 256K,   0% used [0x87460000, 0x87460000, 0x874a0000)
 tenured generation   total 5504K, used 5347K [0x91aa0000, 0x92000000, 0xa6c00000)
   the space 5504K,  97% used [0x91aa0000, 0x91fd8c90, 0x91fd8e00, 0x92000000)
 Metaspace       used 4554K, capacity 4612K, committed 4632K, reserved 5424K
Event: 6.693 GC heap after
Heap after GC invocations=111 (full 1):
 def new generation   total 3840K, used 0K [0x87200000, 0x87620000, 0x91aa0000)
  eden space 3456K,   0% used [0x87200000, 0x87200000, 0x87560000)
  from space 384K,   0% used [0x87560000, 0x87560000, 0x875c0000)
  to   space 384K,   0% used [0x875c0000, 0x875c0000, 0x87620000)
 tenured generation   total 8328K, used 4995K [0x91aa0000, 0x922c2000, 0xa6c00000)
   the space 8328K,  59% used [0x91aa0000, 0x91f80e28, 0x91f81000, 0x922c2000)
 Metaspace       used 4554K, capacity 4612K, committed 4632K, reserved 5424K
}
Event: 6.943 GC heap before
{Heap before GC invocations=111 (full 1):
 def new generation   total 3840K, used 3456K [0x87200000, 0x87620000, 0x91aa0000)
  eden space 3456K, 100% used [0x87200000, 0x87560000, 0x87560000)
  from space 384K,   0% used [0x87560000, 0x87560000, 0x875c0000)
  to   space 384K,   0% used [0x875c0000, 0x875c0000, 0x87620000)
 tenured generation   total 8328K, used 4995K [0x91aa0000, 0x922c2000, 0xa6c00000)
   the space 8328K,  59% used [0x91aa0000, 0x91f80e28, 0x91f81000, 0x922c2000)
 Metaspace       used 4556K, capacity 4612K, committed 4632K, reserved 5424K
Event: 6.951 GC heap after
Heap after GC invocations=112 (full 1):
 def new generation   total 3840K, used 384K [0x87200000, 0x87620000, 0x91aa0000)
  eden space 3456K,   0% used [0x87200000, 0x87200000, 0x87560000)
  from space 384K, 100% used [0x875c0000, 0x87620000, 0x87620000)
  to   space 384K,   0% used [0x87560000, 0x87560000, 0x875c0000)
 tenured generation   total 8328K, used 6313K [0x91aa0000, 0x922c2000, 0xa6c00000)
   the space 8328K,  75% used [0x91aa0000, 0x920ca5a8, 0x920ca600, 0x922c2000)
 Metaspace       used 4556K, capacity 4612K, committed 4632K, reserved 5424K
}
Event: 8.634 GC heap before
{Heap before GC invocations=112 (full 1):
 def new generation   total 3840K, used 3834K [0x87200000, 0x87620000, 0x91aa0000)
  eden space 3456K,  99% used [0x87200000, 0x8755ebd8, 0x87560000)
  from space 384K, 100% used [0x875c0000, 0x87620000, 0x87620000)
  to   space 384K,   0% used [0x87560000, 0x87560000, 0x875c0000)
 tenured generation   total 8328K, used 6313K [0x91aa0000, 0x922c2000, 0xa6c00000)
   the space 8328K,  75% used [0x91aa0000, 0x920ca5a8, 0x920ca600, 0x922c2000)
 Metaspace       used 4558K, capacity 4612K, committed 4632K, reserved 5424K
Event: 8.642 GC heap after
Heap after GC invocations=113 (full 1):
 def new generation   total 3840K, used 384K [0x87200000, 0x87620000, 0x91aa0000)
  eden space 3456K,   0% used [0x87200000, 0x87200000, 0x87560000)
  from space 384K, 100% used [0x87560000, 0x875c0000, 0x875c0000)
  to   space 384K,   0% used [0x875c0000, 0x875c0000, 0x87620000)
 tenured generation   total 8328K, used 7130K [0x91aa0000, 0x922c2000, 0xa6c00000)
   the space 8328K,  85% used [0x91aa0000, 0x921968c0, 0x92196a00, 0x922c2000)
 Metaspace       used 4558K, capacity 4612K, committed 4632K, reserved 5424K
}

Deoptimization events (2 events):
Event: 3.215 Thread 0xb6208c00 Uncommon trap: reason=unstable_if action=reinterpret pc=0xa72bebd4 method=java.util.zip.ZipCoder.encoder()Ljava/nio/charset/CharsetEncoder; @ 4
Event: 3.225 Thread 0xb6208c00 Uncommon trap: reason=unstable_if action=reinterpret pc=0xa72dcc1c method=java.util.zip.ZipCoder.encoder()Ljava/nio/charset/CharsetEncoder; @ 4

Classes redefined (0 events):
No events

Internal exceptions (10 events):
Event: 0.847 Thread 0xb6208c00 Exception <a 'java/security/PrivilegedActionException'> (0x872538e8) thrown at [/build/openjdk-8-FRGKAs/openjdk-8-8u181-b13/src/hotspot/src/share/vm/prims/jvm.cpp, line 1435]
Event: 0.847 Thread 0xb6208c00 Exception <a 'java/security/PrivilegedActionException'> (0x87253ae8) thrown at [/build/openjdk-8-FRGKAs/openjdk-8-8u181-b13/src/hotspot/src/share/vm/prims/jvm.cpp, line 1435]
Event: 1.631 Thread 0xb6208c00 Exception <a 'java/security/PrivilegedActionException'> (0x873952d8) thrown at [/build/openjdk-8-FRGKAs/openjdk-8-8u181-b13/src/hotspot/src/share/vm/prims/jvm.cpp, line 1435]
Event: 1.631 Thread 0xb6208c00 Exception <a 'java/security/PrivilegedActionException'> (0x873956b8) thrown at [/build/openjdk-8-FRGKAs/openjdk-8-8u181-b13/src/hotspot/src/share/vm/prims/jvm.cpp, line 1435]
Event: 1.632 Thread 0xb6208c00 Exception <a 'java/security/PrivilegedActionException'> (0x87397700) thrown at [/build/openjdk-8-FRGKAs/openjdk-8-8u181-b13/src/hotspot/src/share/vm/prims/jvm.cpp, line 1435]
Event: 1.632 Thread 0xb6208c00 Exception <a 'java/security/PrivilegedActionException'> (0x87397ae0) thrown at [/build/openjdk-8-FRGKAs/openjdk-8-8u181-b13/src/hotspot/src/share/vm/prims/jvm.cpp, line 1435]
Event: 1.637 Thread 0xb6208c00 Exception <a 'java/security/PrivilegedActionException'> (0x873986f8) thrown at [/build/openjdk-8-FRGKAs/openjdk-8-8u181-b13/src/hotspot/src/share/vm/prims/jvm.cpp, line 1435]
Event: 1.637 Thread 0xb6208c00 Exception <a 'java/security/PrivilegedActionException'> (0x87398ad8) thrown at [/build/openjdk-8-FRGKAs/openjdk-8-8u181-b13/src/hotspot/src/share/vm/prims/jvm.cpp, line 1435]
Event: 1.676 Thread 0xb6208c00 Exception <a 'java/security/PrivilegedActionException'> (0x873cfd70) thrown at [/build/openjdk-8-FRGKAs/openjdk-8-8u181-b13/src/hotspot/src/share/vm/prims/jvm.cpp, line 1435]
Event: 1.676 Thread 0xb6208c00 Exception <a 'java/security/PrivilegedActionException'> (0x873d0150) thrown at [/build/openjdk-8-FRGKAs/openjdk-8-8u181-b13/src/hotspot/src/share/vm/prims/jvm.cpp, line 1435]

Events (10 events):
Event: 5.837 Executing VM operation: GenCollectForAllocation done
Event: 5.992 Executing VM operation: GenCollectForAllocation
Event: 5.994 Executing VM operation: GenCollectForAllocation done
Event: 6.261 Executing VM operation: GenCollectForAllocation
Event: 6.693 Executing VM operation: GenCollectForAllocation done
Event: 6.943 Executing VM operation: GenCollectForAllocation
Event: 6.957 Executing VM operation: GenCollectForAllocation done
Event: 8.634 Executing VM operation: GenCollectForAllocation
Event: 8.644 Executing VM operation: GenCollectForAllocation done
Event: 9.071 loading class java/net/URI


Dynamic libraries:
0041f000-00420000 r-xp 00000000 08:01 162652     /usr/lib/jvm/java-8-openjdk-i386/bin/javac
00420000-00421000 r--p 00000000 08:01 162652     /usr/lib/jvm/java-8-openjdk-i386/bin/javac
00421000-00422000 rw-p 00001000 08:01 162652     /usr/lib/jvm/java-8-openjdk-i386/bin/javac
0145c000-0188e000 rw-p 00000000 00:00 0          [heap]
86000000-860d1000 rw-p 00000000 00:00 0 
860d1000-86100000 ---p 00000000 00:00 0 
86100000-86155000 rw-p 00000000 00:00 0 
86155000-86200000 ---p 00000000 00:00 0 
86200000-86240000 rw-p 00000000 00:00 0 
86260000-86300000 ---p 00000000 00:00 0 
86300000-863fa000 rw-p 00000000 00:00 0 
863fa000-86400000 ---p 00000000 00:00 0 
864c6000-86540000 r--s 010ff000 08:01 162691     /usr/lib/jvm/java-8-openjdk-i386/lib/tools.jar
86540000-86541000 ---p 00000000 00:00 0 
86541000-865c1000 rw-p 00000000 00:00 0 
865c1000-865c4000 ---p 00000000 00:00 0 
865c4000-86612000 rw-p 00000000 00:00 0 
86612000-86615000 ---p 00000000 00:00 0 
86615000-86693000 rw-p 00000000 00:00 0 
86693000-86696000 ---p 00000000 00:00 0 
86696000-86714000 rw-p 00000000 00:00 0 
86714000-86717000 ---p 00000000 00:00 0 
86717000-86765000 rw-p 00000000 00:00 0 
86765000-86900000 r--p 00000000 08:01 1266       /usr/lib/locale/locale-archive
86900000-86a00000 rw-p 00000000 00:00 0 
86a13000-86a19000 r--s 0003b000 08:01 280584     /usr/lib/jvm/java-8-openjdk-i386/jre/lib/ext/sunjce_provider.jar
86a19000-86a1c000 ---p 00000000 00:00 0 
86a1c000-86a6a000 rw-p 00000000 00:00 0 
86a6a000-86a6d000 ---p 00000000 00:00 0 
86a6d000-86abb000 rw-p 00000000 00:00 0 
86abb000-86abc000 ---p 00000000 00:00 0 
86abc000-86b8a000 rw-p 00000000 00:00 0 
86b8a000-86d59000 r--s 03c33000 08:01 280632     /usr/lib/jvm/java-8-openjdk-i386/jre/lib/rt.jar
86d59000-86db4000 rw-p 00000000 00:00 0 
86db4000-871fa000 rw-p 00000000 00:00 0 
871fa000-87200000 ---p 00000000 00:00 0 
87200000-87620000 rw-p 00000000 00:00 0 
87620000-91aa0000 ---p 00000000 00:00 0 
91aa0000-922c2000 rw-p 00000000 00:00 0 
922c2000-a6c00000 ---p 00000000 00:00 0 
a6c03000-a6c1e000 r--s 001d6000 08:01 280582     /usr/lib/jvm/java-8-openjdk-i386/jre/lib/ext/nashorn.jar
a6c1e000-a6c21000 r--s 00038000 08:01 280585     /usr/lib/jvm/java-8-openjdk-i386/jre/lib/ext/sunpkcs11.jar
a6c21000-a6c23000 r--s 00007000 08:01 155715     /usr/share/java/java-atk-wrapper.jar
a6c23000-a6c2d000 r--s 00116000 08:01 280581     /usr/lib/jvm/java-8-openjdk-i386/jre/lib/ext/localedata.jar
a6c2d000-a6c48000 r--s 00394000 08:01 280577     /usr/lib/jvm/java-8-openjdk-i386/jre/lib/ext/cldrdata.jar
a6c48000-a6c4d000 rw-p 00000000 00:00 0 
a6c4d000-a6cf1000 ---p 00000000 00:00 0 
a6cf1000-a6cf4000 rw-p 00000000 00:00 0 
a6cf4000-a6d45000 ---p 00000000 00:00 0 
a6d45000-a6d4a000 rw-p 00000000 00:00 0 
a6d4a000-a6dee000 ---p 00000000 00:00 0 
a6dee000-a6df8000 rw-p 00000000 00:00 0 
a6df8000-a71af000 ---p 00000000 00:00 0 
a71af000-a73ef000 rwxp 00000000 00:00 0 
a73ef000-b61af000 ---p 00000000 00:00 0 
b61af000-b61b7000 r-xp 00000000 08:01 280621     /usr/lib/jvm/java-8-openjdk-i386/jre/lib/i386/libzip.so
b61b7000-b61b8000 r--p 00007000 08:01 280621     /usr/lib/jvm/java-8-openjdk-i386/jre/lib/i386/libzip.so
b61b8000-b61b9000 rw-p 00008000 08:01 280621     /usr/lib/jvm/java-8-openjdk-i386/jre/lib/i386/libzip.so
b61b9000-b61c4000 r-xp 00000000 08:01 262175     /lib/i386-linux-gnu/libnss_files-2.24.so
b61c4000-b61c5000 r--p 0000a000 08:01 262175     /lib/i386-linux-gnu/libnss_files-2.24.so
b61c5000-b61c6000 rw-p 0000b000 08:01 262175     /lib/i386-linux-gnu/libnss_files-2.24.so
b61c6000-b61cc000 rw-p 00000000 00:00 0 
b61cc000-b61d7000 r-xp 00000000 08:01 262177     /lib/i386-linux-gnu/libnss_nis-2.24.so
b61d7000-b61d8000 r--p 0000a000 08:01 262177     /lib/i386-linux-gnu/libnss_nis-2.24.so
b61d8000-b61d9000 rw-p 0000b000 08:01 262177     /lib/i386-linux-gnu/libnss_nis-2.24.so
b61d9000-b61ef000 r-xp 00000000 08:01 262172     /lib/i386-linux-gnu/libnsl-2.24.so
b61ef000-b61f0000 r--p 00016000 08:01 262172     /lib/i386-linux-gnu/libnsl-2.24.so
b61f0000-b61f1000 rw-p 00017000 08:01 262172     /lib/i386-linux-gnu/libnsl-2.24.so
b61f1000-b61f3000 rw-p 00000000 00:00 0 
b61f3000-b61f4000 r--s 00010000 08:01 280586     /usr/lib/jvm/java-8-openjdk-i386/jre/lib/ext/zipfs.jar
b61f4000-b61f6000 r--s 00008000 08:01 280583     /usr/lib/jvm/java-8-openjdk-i386/jre/lib/ext/sunec.jar
b61f6000-b61f8000 r--s 00001000 08:01 280578     /usr/lib/jvm/java-8-openjdk-i386/jre/lib/ext/dnsns.jar
b61f8000-b6200000 rw-s 00000000 08:01 296452     /tmp/hsperfdata_sergio/11668
b6200000-b62fe000 rw-p 00000000 00:00 0 
b62fe000-b6300000 ---p 00000000 00:00 0 
b6300000-b6303000 r--s 0000f000 08:01 280579     /usr/lib/jvm/java-8-openjdk-i386/jre/lib/ext/icedtea-sound.jar
b6303000-b6304000 r--s 0000a000 08:01 280580     /usr/lib/jvm/java-8-openjdk-i386/jre/lib/ext/jaccess.jar
b6304000-b632c000 r-xp 00000000 08:01 280602     /usr/lib/jvm/java-8-openjdk-i386/jre/lib/i386/libjava.so
b632c000-b632d000 r--p 00027000 08:01 280602     /usr/lib/jvm/java-8-openjdk-i386/jre/lib/i386/libjava.so
b632d000-b632e000 rw-p 00028000 08:01 280602     /usr/lib/jvm/java-8-openjdk-i386/jre/lib/i386/libjava.so
b632e000-b633c000 r-xp 00000000 08:01 280620     /usr/lib/jvm/java-8-openjdk-i386/jre/lib/i386/libverify.so
b633c000-b633d000 r--p 0000d000 08:01 280620     /usr/lib/jvm/java-8-openjdk-i386/jre/lib/i386/libverify.so
b633d000-b633e000 rw-p 0000e000 08:01 280620     /usr/lib/jvm/java-8-openjdk-i386/jre/lib/i386/libverify.so
b633e000-b6345000 r-xp 00000000 08:01 262182     /lib/i386-linux-gnu/librt-2.24.so
b6345000-b6346000 r--p 00006000 08:01 262182     /lib/i386-linux-gnu/librt-2.24.so
b6346000-b6347000 rw-p 00007000 08:01 262182     /lib/i386-linux-gnu/librt-2.24.so
b6347000-b634a000 ---p 00000000 00:00 0 
b634a000-b6398000 rw-p 00000000 00:00 0 
b6398000-b63b4000 r-xp 00000000 08:01 262160     /lib/i386-linux-gnu/libgcc_s.so.1
b63b4000-b63b5000 r--p 0001b000 08:01 262160     /lib/i386-linux-gnu/libgcc_s.so.1
b63b5000-b63b6000 rw-p 0001c000 08:01 262160     /lib/i386-linux-gnu/libgcc_s.so.1
b63b6000-b6409000 r-xp 00000000 08:01 262170     /lib/i386-linux-gnu/libm-2.24.so
b6409000-b640a000 r--p 00052000 08:01 262170     /lib/i386-linux-gnu/libm-2.24.so
b640a000-b640b000 rw-p 00053000 08:01 262170     /lib/i386-linux-gnu/libm-2.24.so
b640b000-b657b000 r-xp 00000000 08:01 6430       /usr/lib/i386-linux-gnu/libstdc++.so.6.0.22
b657b000-b6581000 r--p 0016f000 08:01 6430       /usr/lib/i386-linux-gnu/libstdc++.so.6.0.22
b6581000-b6582000 rw-p 00175000 08:01 6430       /usr/lib/i386-linux-gnu/libstdc++.so.6.0.22
b6582000-b6585000 rw-p 00000000 00:00 0 
b6585000-b7045000 r-xp 00000000 08:01 280623     /usr/lib/jvm/java-8-openjdk-i386/jre/lib/i386/server/libjvm.so
b7045000-b7091000 r--p 00abf000 08:01 280623     /usr/lib/jvm/java-8-openjdk-i386/jre/lib/i386/server/libjvm.so
b7091000-b70a8000 rw-p 00b0b000 08:01 280623     /usr/lib/jvm/java-8-openjdk-i386/jre/lib/i386/server/libjvm.so
b70a8000-b74c7000 rw-p 00000000 00:00 0 
b74c7000-b74c9000 rw-p 00000000 00:00 0 
b74c9000-b767a000 r-xp 00000000 08:01 262166     /lib/i386-linux-gnu/libc-2.24.so
b767a000-b767c000 r--p 001b0000 08:01 262166     /lib/i386-linux-gnu/libc-2.24.so
b767c000-b767d000 rw-p 001b2000 08:01 262166     /lib/i386-linux-gnu/libc-2.24.so
b767d000-b7680000 rw-p 00000000 00:00 0 
b7680000-b7683000 r-xp 00000000 08:01 262169     /lib/i386-linux-gnu/libdl-2.24.so
b7683000-b7684000 r--p 00002000 08:01 262169     /lib/i386-linux-gnu/libdl-2.24.so
b7684000-b7685000 rw-p 00003000 08:01 262169     /lib/i386-linux-gnu/libdl-2.24.so
b7685000-b7692000 r-xp 00000000 08:01 280588     /usr/lib/jvm/java-8-openjdk-i386/jre/lib/i386/jli/libjli.so
b7692000-b7693000 r--p 0000c000 08:01 280588     /usr/lib/jvm/java-8-openjdk-i386/jre/lib/i386/jli/libjli.so
b7693000-b7694000 rw-p 0000d000 08:01 280588     /usr/lib/jvm/java-8-openjdk-i386/jre/lib/i386/jli/libjli.so
b7694000-b76ad000 r-xp 00000000 08:01 262405     /lib/i386-linux-gnu/libz.so.1.2.8
b76ad000-b76ae000 r--p 00018000 08:01 262405     /lib/i386-linux-gnu/libz.so.1.2.8
b76ae000-b76af000 rw-p 00019000 08:01 262405     /lib/i386-linux-gnu/libz.so.1.2.8
b76af000-b76c8000 r-xp 00000000 08:01 262180     /lib/i386-linux-gnu/libpthread-2.24.so
b76c8000-b76c9000 r--p 00018000 08:01 262180     /lib/i386-linux-gnu/libpthread-2.24.so
b76c9000-b76ca000 rw-p 00019000 08:01 262180     /lib/i386-linux-gnu/libpthread-2.24.so
b76ca000-b76cc000 rw-p 00000000 00:00 0 
b76cc000-b76cd000 r--p 0019a000 08:01 1266       /usr/lib/locale/locale-archive
b76cd000-b76d5000 r-xp 00000000 08:01 262173     /lib/i386-linux-gnu/libnss_compat-2.24.so
b76d5000-b76d6000 r--p 00007000 08:01 262173     /lib/i386-linux-gnu/libnss_compat-2.24.so
b76d6000-b76d7000 rw-p 00008000 08:01 262173     /lib/i386-linux-gnu/libnss_compat-2.24.so
b76d7000-b76d8000 rw-p 00000000 00:00 0 
b76d8000-b76d9000 r--p 00000000 00:00 0 
b76d9000-b76dc000 rw-p 00000000 00:00 0 
b76dc000-b76de000 r--p 00000000 00:00 0          [vvar]
b76de000-b76e0000 r-xp 00000000 00:00 0          [vdso]
b76e0000-b7703000 r-xp 00000000 08:01 262162     /lib/i386-linux-gnu/ld-2.24.so
b7703000-b7704000 r--p 00022000 08:01 262162     /lib/i386-linux-gnu/ld-2.24.so
b7704000-b7705000 rw-p 00023000 08:01 262162     /lib/i386-linux-gnu/ld-2.24.so
bff13000-bff34000 rw-p 00000000 00:00 0          [stack]

VM Arguments:
jvm_args: -Dapplication.home=/usr/lib/jvm/java-8-openjdk-i386 -Xms8m 
java_command: com.sun.tools.javac.Main -d /home/sergio/PD_TP_ESPECIAL/viagens_cliente-rca/build/classes -classpath /home/sergio/PD_TP_ESPECIAL/viagens_cliente-rca/build/classes:/opt/payara5/glassfish/lib/appserv-rt.jar:/opt/payara5/glassfish/lib/gf-client.jar:/opt/payara5/glassfish/lib/javaee.jar:/opt/payara5/glassfish/lib/jndi-properties.jar:/home/sergio/PD_TP_ESPECIAL/viagens-lib/dist/viagens-lib.jar -sourcepath /home/sergio/PD_TP_ESPECIAL/viagens_cliente-rca/build/empty -target 1.8 -encoding UTF-8 -g -processorpath /opt/payara5/glassfish/lib/appserv-rt.jar:/opt/payara5/glassfish/lib/gf-client.jar:/opt/payara5/glassfish/lib/javaee.jar:/opt/payara5/glassfish/lib/jndi-properties.jar:/home/sergio/PD_TP_ESPECIAL/viagens-lib/dist/viagens-lib.jar:/home/sergio/PD_TP_ESPECIAL/viagens_cliente-rca/build/empty -s /home/sergio/PD_TP_ESPECIAL/viagens_cliente-rca/build/generated-sources/ap-source-output -source 1.8 /home/sergio/PD_TP_ESPECIAL/viagens_cliente-rca/src/viagens_cliente/menu/Cliente.java /home/sergio/PD_TP_ESPECIAL/viagens_cliente-rca/src/viagens_cliente/menu/Menu.java /home/sergio/PD_TP_ESPECIAL/viagens_cliente-rca/src/viagens_cliente/menu/Operador.java /home/sergio/PD_TP_ESPECIAL/viagens_cliente-rca/src/viagens_cliente/menu/Visitante.java /home/sergio/PD_TP_ESPECIAL/viagens_cliente-rca/src/viagens_cliente/rca/Viagens_clienteRca.java
java_class_path (initial): /usr/lib/jvm/java-8-openjdk-i386/lib/tools.jar:/usr/lib/jvm/java-8-openjdk-i386/classes
Launcher Type: SUN_STANDARD

Environment Variables:
PATH=/usr/local/bin:/usr/bin:/bin:/usr/local/games:/usr/games
LD_LIBRARY_PATH=/usr/lib/jvm/java-8-openjdk-i386/jre/lib/amd64:/usr/lib/jvm/java-8-openjdk-i386/jre/lib/i386:
SHELL=/bin/bash
DISPLAY=:0.0

Signal Handlers:
SIGSEGV: [libjvm.so+0x8c88c0], sa_mask[0]=11111111011111111101111111111110, sa_flags=SA_RESTART|SA_SIGINFO
SIGBUS: [libjvm.so+0x8c88c0], sa_mask[0]=11111111011111111101111111111110, sa_flags=SA_RESTART|SA_SIGINFO
SIGFPE: [libjvm.so+0x726380], sa_mask[0]=11111111011111111101111111111110, sa_flags=SA_RESTART|SA_SIGINFO
SIGPIPE: [libjvm.so+0x726380], sa_mask[0]=11111111011111111101111111111110, sa_flags=SA_RESTART|SA_SIGINFO
SIGXFSZ: [libjvm.so+0x726380], sa_mask[0]=11111111011111111101111111111110, sa_flags=SA_RESTART|SA_SIGINFO
SIGILL: [libjvm.so+0x726380], sa_mask[0]=11111111011111111101111111111110, sa_flags=SA_RESTART|SA_SIGINFO
SIGUSR1: SIG_DFL, sa_mask[0]=00000000000000000000000000000000, sa_flags=none
SIGUSR2: [libjvm.so+0x7261c0], sa_mask[0]=00100000000000000000000000000000, sa_flags=SA_RESTART|SA_SIGINFO
SIGHUP: [libjvm.so+0x726810], sa_mask[0]=11111111011111111101111111111110, sa_flags=SA_RESTART|SA_SIGINFO
SIGINT: SIG_IGN, sa_mask[0]=00000000000000000000000000000000, sa_flags=none
SIGTERM: [libjvm.so+0x726810], sa_mask[0]=11111111011111111101111111111110, sa_flags=SA_RESTART|SA_SIGINFO
SIGQUIT: [libjvm.so+0x726810], sa_mask[0]=11111111011111111101111111111110, sa_flags=SA_RESTART|SA_SIGINFO


---------------  S Y S T E M  ---------------

OS:PRETTY_NAME="Debian GNU/Linux 9 (stretch)"
NAME="Debian GNU/Linux"
VERSION_ID="9"
VERSION="9 (stretch)"
ID=debian
HOME_URL="https://www.debian.org/"
SUPPORT_URL="https://www.debian.org/support"
BUG_REPORT_URL="https://bugs.debian.org/"

uname:Linux 4.9.0-8-686-pae #1 SMP Debian 4.9.130-2 (2018-10-27) i686
libc:glibc 2.24 NPTL 2.24 
rlimit: STACK 8192k, CORE 0k, NPROC 16017, NOFILE 1048576, AS infinity
load average:1.86 1.80 1.65

/proc/meminfo:
MemTotal:        2068084 kB
MemFree:          116424 kB
MemAvailable:          0 kB
Buffers:            2884 kB
Cached:            32336 kB
SwapCached:            0 kB
Active:          1889576 kB
Inactive:          24288 kB
Active(anon):    1879004 kB
Inactive(anon):    14948 kB
Active(file):      10572 kB
Inactive(file):     9340 kB
Unevictable:          96 kB
Mlocked:              96 kB
HighTotal:       1185736 kB
HighFree:          15548 kB
LowTotal:         882348 kB
LowFree:          100876 kB
SwapTotal:             0 kB
SwapFree:              0 kB
Dirty:               324 kB
Writeback:             0 kB
AnonPages:       1878796 kB
Mapped:            27692 kB
Shmem:             15252 kB
Slab:              18264 kB
SReclaimable:       8976 kB
SUnreclaim:         9288 kB
KernelStack:        2304 kB
PageTables:         7896 kB
NFS_Unstable:          0 kB
Bounce:                0 kB
WritebackTmp:          0 kB
CommitLimit:     1034040 kB
Committed_AS:    2348060 kB
VmallocTotal:     122880 kB
VmallocUsed:           0 kB
VmallocChunk:          0 kB
HardwareCorrupted:     0 kB
AnonHugePages:         0 kB
ShmemHugePages:        0 kB
ShmemPmdMapped:        0 kB
HugePages_Total:       0
HugePages_Free:        0
HugePages_Rsvd:        0
HugePages_Surp:        0
Hugepagesize:       2048 kB
DirectMap4k:       16376 kB
DirectMap2M:      894976 kB


CPU:total 1 (initial active 1) (1 cores per cpu, 1 threads per core) family 6 model 58 stepping 9, cmov, cx8, fxsr, mmx, sse, sse2, sse3, ssse3, sse4.1, sse4.2, popcnt, avx, aes, clmul, tsc, tscinvbit, tscinv

/proc/cpuinfo:
processor	: 0
vendor_id	: GenuineIntel
cpu family	: 6
model		: 58
model name	: Intel(R) Core(TM) i7-3630QM CPU @ 2.40GHz
stepping	: 9
microcode	: 0x19
cpu MHz		: 2394.560
cache size	: 6144 KB
physical id	: 0
siblings	: 1
core id		: 0
cpu cores	: 1
apicid		: 0
initial apicid	: 0
fdiv_bug	: no
f00f_bug	: no
coma_bug	: no
fpu		: yes
fpu_exception	: yes
cpuid level	: 13
wp		: yes
flags		: fpu vme de pse tsc msr pae mce cx8 apic sep mtrr pge mca cmov pat pse36 clflush mmx fxsr sse sse2 nx rdtscp constant_tsc xtopology nonstop_tsc pni pclmulqdq monitor ssse3 cx16 sse4_1 sse4_2 x2apic popcnt aes xsave avx rdrand hypervisor lahf_lm fsgsbase
bugs		: cpu_meltdown spectre_v1 spectre_v2 spec_store_bypass l1tf
bogomips	: 4789.12
clflush size	: 64
cache_alignment	: 64
address sizes	: 36 bits physical, 48 bits virtual
power management:



Memory: 4k page, physical 2068084k(116424k free), swap 0k(0k free)

vm_info: OpenJDK Server VM (25.181-b13) for linux-x86 JRE (1.8.0_181-8u181-b13-2~deb9u1-b13), built on Oct 22 2018 18:05:23 by "buildd" with gcc 6.3.0 20170516

time: Thu Jan 17 23:03:26 2019
elapsed time: 9 seconds (0d 0h 0m 9s)

