#
# There is insufficient memory for the Java Runtime Environment to continue.
# Native memory allocation (mmap) failed to map 131072 bytes for committing reserved memory.
# Possible reasons:
#   The system is out of physical RAM or swap space
#   In 32 bit mode, the process size limit was hit
# Possible solutions:
#   Reduce memory load on the system
#   Increase physical memory or swap space
#   Check if swap backing store is full
#   Use 64 bit Java on a 64 bit OS
#   Decrease Java heap size (-Xmx/-Xms)
#   Decrease number of Java threads
#   Decrease Java thread stack sizes (-Xss)
#   Set larger code cache with -XX:ReservedCodeCacheSize=
# This output file may be truncated or incomplete.
#
#  Out of Memory Error (os_linux.cpp:2643), pid=24269, tid=0x86b94b40
#
# JRE version: OpenJDK Runtime Environment (8.0_181-b13) (build 1.8.0_181-8u181-b13-2~deb9u1-b13)
# Java VM: OpenJDK Server VM (25.181-b13 mixed mode linux-x86 )
# Failed to write core dump. Core dumps have been disabled. To enable core dumping, try "ulimit -c unlimited" before starting Java again
#

---------------  T H R E A D  ---------------

Current thread (0xb625ec00):  VMThread [stack: 0x86b14000,0x86b95000] [id=24273]

Stack: [0x86b14000,0x86b95000],  sp=0x86b93750,  free space=509k
Native frames: (J=compiled Java code, j=interpreted, Vv=VM code, C=native code)
V  [libjvm.so+0x8c7df3]
V  [libjvm.so+0x3750f6]
V  [libjvm.so+0x72b0a0]
V  [libjvm.so+0x724fb3]
V  [libjvm.so+0x8c495c]
V  [libjvm.so+0x4760a3]
V  [libjvm.so+0x477056]
V  [libjvm.so+0x4641d4]
V  [libjvm.so+0x476282]
V  [libjvm.so+0x37ccec]
V  [libjvm.so+0x4bcef7]
V  [libjvm.so+0x7f3c61]
V  [libjvm.so+0x476639]
V  [libjvm.so+0x462914]
V  [libjvm.so+0x37b7ed]
V  [libjvm.so+0x463787]
V  [libjvm.so+0x301b64]
V  [libjvm.so+0x8c8ebd]
V  [libjvm.so+0x8cef06]
V  [libjvm.so+0x8ccff0]
V  [libjvm.so+0x8cd7d3]
V  [libjvm.so+0x8cdd8b]
V  [libjvm.so+0x728315]
C  [libpthread.so.0+0x627a]  start_thread+0xda

VM_Operation (0xb63e76b0): GenCollectForAllocation, mode: safepoint, requested by thread 0xb6208c00


---------------  P R O C E S S  ---------------

Java Threads: ( => current thread )
  0xb6286800 JavaThread "Service Thread" daemon [_thread_blocked, id=24279, stack(0x8661f000,0x86670000)]
  0xb6284400 JavaThread "C1 CompilerThread1" daemon [_thread_blocked, id=24278, stack(0x86670000,0x866f1000)]
  0xb6282800 JavaThread "C2 CompilerThread0" daemon [_thread_blocked, id=24277, stack(0x866f1000,0x86772000)]
  0xb6281000 JavaThread "Signal Dispatcher" daemon [_thread_blocked, id=24276, stack(0x86772000,0x867c3000)]
  0xb6266000 JavaThread "Finalizer" daemon [_thread_blocked, id=24275, stack(0x8695e000,0x869af000)]
  0xb6264400 JavaThread "Reference Handler" daemon [_thread_blocked, id=24274, stack(0x869af000,0x86a00000)]
  0xb6208c00 JavaThread "main" [_thread_blocked, id=24272, stack(0xb6398000,0xb63e9000)]

Other Threads:
=>0xb625ec00 VMThread [stack: 0x86b14000,0x86b95000] [id=24273]
  0xb6288800 WatcherThread [stack: 0x8659e000,0x8661f000] [id=24280]

VM state:at safepoint (normal execution)

VM Mutex/Monitor currently owned by a thread:  ([mutex/lock_event])
[0xb6206430] Threads_lock - owner thread: 0xb625ec00
[0xb6206840] Heap_lock - owner thread: 0xb6208c00

Heap:
 def new generation   total 6400K, used 6399K [0x87400000, 0x87af0000, 0x91ca0000)
  eden space 5696K, 100% used [0x87400000, 0x87990000, 0x87990000)
  from space 704K,  99% used [0x87a40000, 0x87aefff8, 0x87af0000)
  to   space 704K, 100% used [0x87990000, 0x87a40000, 0x87a40000)
 tenured generation   total 14212K, used 14211K [0x91ca0000, 0x92a81000, 0xa6e00000)
   the space 14212K,  99% used [0x91ca0000, 0x92a80ff0, 0x92a81000, 0x92a81000)
 Metaspace       used 5924K, capacity 5956K, committed 6040K, reserved 6448K

Card table byte_map: [0x87302000,0x87400000] byte_map_base: 0x86ec8000

Polling page: 0xb7727000

CodeCache: size=245760Kb used=3052Kb max_used=3063Kb free=242707Kb
 bounds [0xa7200000, 0xa7508000, 0xb6200000]
 total_blobs=1033 nmethods=869 adapters=79
 compilation: enabled

Compilation events (10 events):
Event: 15.395 Thread 0xb6284400 nmethod 870 0xa74e0c88 code [0xa74e0dc0, 0xa74e1034]
Event: 15.694 Thread 0xb6282800 nmethod 868 0xa74fd3c8 code [0xa74fd520, 0xa74fdbf0]
Event: 16.072 Thread 0xb6282800  872       4       java.util.LinkedHashMap$LinkedHashIterator::hasNext (13 bytes)
Event: 16.072 Thread 0xb6282800 nmethod 872 0xa741f488 code [0xa741f580, 0xa741f5d0]
Event: 16.072 Thread 0xb6284400  873 %     3       java.util.ComparableTimSort::countRunAndMakeAscending @ 89 (123 bytes)
Event: 16.073 Thread 0xb6284400 nmethod 873% 0xa74fc088 code [0xa74fc260, 0xa74fcde0]
Event: 16.073 Thread 0xb6284400  874       3       java.util.ComparableTimSort::countRunAndMakeAscending (123 bytes)
Event: 16.073 Thread 0xb6284400 nmethod 874 0xa74faec8 code [0xa74fb0a0, 0xa74fbb60]
Event: 16.276 Thread 0xb6282800  875       4       java.util.LinkedHashMap$LinkedHashIterator::nextNode (54 bytes)
Event: 16.277 Thread 0xb6282800 nmethod 875 0xa74e0748 code [0xa74e0840, 0xa74e08f0]

GC Heap History (10 events):
Event: 7.371 GC heap after
Heap after GC invocations=121 (full 2):
 def new generation   total 3840K, used 335K [0x87400000, 0x87820000, 0x91ca0000)
  eden space 3456K,   0% used [0x87400000, 0x87400000, 0x87760000)
  from space 384K,  87% used [0x87760000, 0x877b3f38, 0x877c0000)
  to   space 384K,   0% used [0x877c0000, 0x877c0000, 0x87820000)
 tenured generation   total 8332K, used 5198K [0x91ca0000, 0x924c3000, 0xa6e00000)
   the space 8332K,  62% used [0x91ca0000, 0x921b39a0, 0x921b3a00, 0x924c3000)
 Metaspace       used 4665K, capacity 4708K, committed 4760K, reserved 5424K
}
Event: 8.154 GC heap before
{Heap before GC invocations=121 (full 2):
 def new generation   total 3840K, used 3791K [0x87400000, 0x87820000, 0x91ca0000)
  eden space 3456K, 100% used [0x87400000, 0x87760000, 0x87760000)
  from space 384K,  87% used [0x87760000, 0x877b3f38, 0x877c0000)
  to   space 384K,   0% used [0x877c0000, 0x877c0000, 0x87820000)
 tenured generation   total 8332K, used 5198K [0x91ca0000, 0x924c3000, 0xa6e00000)
   the space 8332K,  62% used [0x91ca0000, 0x921b39a0, 0x921b3a00, 0x924c3000)
 Metaspace       used 5813K, capacity 5860K, committed 5912K, reserved 6448K
Event: 8.167 GC heap after
Heap after GC invocations=122 (full 2):
 def new generation   total 3840K, used 384K [0x87400000, 0x87820000, 0x91ca0000)
  eden space 3456K,   0% used [0x87400000, 0x87400000, 0x87760000)
  from space 384K, 100% used [0x877c0000, 0x87820000, 0x87820000)
  to   space 384K,   0% used [0x87760000, 0x87760000, 0x877c0000)
 tenured generation   total 8332K, used 5549K [0x91ca0000, 0x924c3000, 0xa6e00000)
   the space 8332K,  66% used [0x91ca0000, 0x9220b580, 0x9220b600, 0x924c3000)
 Metaspace       used 5813K, capacity 5860K, committed 5912K, reserved 6448K
}
Event: 8.939 GC heap before
{Heap before GC invocations=122 (full 2):
 def new generation   total 3840K, used 3840K [0x87400000, 0x87820000, 0x91ca0000)
  eden space 3456K, 100% used [0x87400000, 0x87760000, 0x87760000)
  from space 384K, 100% used [0x877c0000, 0x87820000, 0x87820000)
  to   space 384K,   0% used [0x87760000, 0x87760000, 0x877c0000)
 tenured generation   total 8332K, used 5549K [0x91ca0000, 0x924c3000, 0xa6e00000)
   the space 8332K,  66% used [0x91ca0000, 0x9220b580, 0x9220b600, 0x924c3000)
 Metaspace       used 5905K, capacity 5924K, committed 6040K, reserved 6448K
Event: 8.944 GC heap after
Heap after GC invocations=123 (full 2):
 def new generation   total 3840K, used 384K [0x87400000, 0x87820000, 0x91ca0000)
  eden space 3456K,   0% used [0x87400000, 0x87400000, 0x87760000)
  from space 384K, 100% used [0x87760000, 0x877c0000, 0x877c0000)
  to   space 384K,   0% used [0x877c0000, 0x877c0000, 0x87820000)
 tenured generation   total 8332K, used 8100K [0x91ca0000, 0x924c3000, 0xa6e00000)
   the space 8332K,  97% used [0x91ca0000, 0x92489220, 0x92489400, 0x924c3000)
 Metaspace       used 5905K, capacity 5924K, committed 6040K, reserved 6448K
}
Event: 9.740 GC heap before
{Heap before GC invocations=123 (full 2):
 def new generation   total 3840K, used 3840K [0x87400000, 0x87820000, 0x91ca0000)
  eden space 3456K, 100% used [0x87400000, 0x87760000, 0x87760000)
  from space 384K, 100% used [0x87760000, 0x877c0000, 0x877c0000)
  to   space 384K,   0% used [0x877c0000, 0x877c0000, 0x87820000)
 tenured generation   total 8332K, used 8100K [0x91ca0000, 0x924c3000, 0xa6e00000)
   the space 8332K,  97% used [0x91ca0000, 0x92489220, 0x92489400, 0x924c3000)
 Metaspace       used 5915K, capacity 5956K, committed 6040K, reserved 6448K
Event: 9.839 GC heap after
Heap after GC invocations=124 (full 3):
 def new generation   total 6400K, used 0K [0x87400000, 0x87af0000, 0x91ca0000)
  eden space 5696K,   0% used [0x87400000, 0x87400000, 0x87990000)
  from space 704K,   0% used [0x87990000, 0x87990000, 0x87a40000)
  to   space 704K,   0% used [0x87a40000, 0x87a40000, 0x87af0000)
 tenured generation   total 14084K, used 8448K [0x91ca0000, 0x92a61000, 0xa6e00000)
   the space 14084K,  59% used [0x91ca0000, 0x924e00b8, 0x924e0200, 0x92a61000)
 Metaspace       used 5915K, capacity 5956K, committed 6040K, reserved 6448K
}
Event: 13.891 GC heap before
{Heap before GC invocations=124 (full 3):
 def new generation   total 6400K, used 5696K [0x87400000, 0x87af0000, 0x91ca0000)
  eden space 5696K, 100% used [0x87400000, 0x87990000, 0x87990000)
  from space 704K,   0% used [0x87990000, 0x87990000, 0x87a40000)
  to   space 704K,   0% used [0x87a40000, 0x87a40000, 0x87af0000)
 tenured generation   total 14084K, used 8448K [0x91ca0000, 0x92a61000, 0xa6e00000)
   the space 14084K,  59% used [0x91ca0000, 0x924e00b8, 0x924e0200, 0x92a61000)
 Metaspace       used 5917K, capacity 5956K, committed 6040K, reserved 6448K
Event: 14.313 GC heap after
Heap after GC invocations=125 (full 3):
 def new generation   total 6400K, used 703K [0x87400000, 0x87af0000, 0x91ca0000)
  eden space 5696K,   0% used [0x87400000, 0x87400000, 0x87990000)
  from space 704K,  99% used [0x87a40000, 0x87aefff8, 0x87af0000)
  to   space 704K,   0% used [0x87990000, 0x87990000, 0x87a40000)
 tenured generation   total 14084K, used 11263K [0x91ca0000, 0x92a61000, 0xa6e00000)
   the space 14084K,  79% used [0x91ca0000, 0x9279fcc0, 0x9279fe00, 0x92a61000)
 Metaspace       used 5917K, capacity 5956K, committed 6040K, reserved 6448K
}
Event: 16.328 GC heap before
{Heap before GC invocations=125 (full 3):
 def new generation   total 6400K, used 6399K [0x87400000, 0x87af0000, 0x91ca0000)
  eden space 5696K, 100% used [0x87400000, 0x87990000, 0x87990000)
  from space 704K,  99% used [0x87a40000, 0x87aefff8, 0x87af0000)
  to   space 704K,   0% used [0x87990000, 0x87990000, 0x87a40000)
 tenured generation   total 14084K, used 11263K [0x91ca0000, 0x92a61000, 0xa6e00000)
   the space 14084K,  79% used [0x91ca0000, 0x9279fcc0, 0x9279fe00, 0x92a61000)
 Metaspace       used 5924K, capacity 5956K, committed 6040K, reserved 6448K

Deoptimization events (10 events):
Event: 8.284 Thread 0xb6208c00 Uncommon trap: reason=unstable_if action=reinterpret pc=0xa739e30c method=java.io.File.equals(Ljava/lang/Object;)Z @ 19
Event: 8.505 Thread 0xb6208c00 Uncommon trap: reason=unstable_if action=reinterpret pc=0xa73734a4 method=java.lang.String.compareTo(Ljava/lang/String;)I @ 59
Event: 9.585 Thread 0xb6208c00 Uncommon trap: reason=unstable_if action=reinterpret pc=0xa7354710 method=java.io.UnixFileSystem.normalize(Ljava/lang/String;)Ljava/lang/String; @ 60
Event: 11.061 Thread 0xb6208c00 Uncommon trap: reason=predicate action=maybe_recompile pc=0xa74f2248 method=java.util.ComparableTimSort.binarySort([Ljava/lang/Object;III)V @ 37
Event: 11.294 Thread 0xb6208c00 Uncommon trap: reason=array_check action=maybe_recompile pc=0xa74dfbb8 method=java.util.ComparableTimSort.binarySort([Ljava/lang/Object;III)V @ 215
Event: 11.378 Thread 0xb6208c00 Uncommon trap: reason=array_check action=maybe_recompile pc=0xa74f3038 method=java.util.ComparableTimSort.binarySort([Ljava/lang/Object;III)V @ 193
Event: 11.378 Thread 0xb6208c00 Uncommon trap: reason=array_check action=maybe_recompile pc=0xa74f3038 method=java.util.ComparableTimSort.binarySort([Ljava/lang/Object;III)V @ 193
Event: 11.378 Thread 0xb6208c00 Uncommon trap: reason=array_check action=maybe_recompile pc=0xa74f30d0 method=java.util.ComparableTimSort.binarySort([Ljava/lang/Object;III)V @ 183
Event: 11.378 Thread 0xb6208c00 Uncommon trap: reason=array_check action=maybe_recompile pc=0xa74f2fa8 method=java.util.ComparableTimSort.binarySort([Ljava/lang/Object;III)V @ 215
Event: 11.378 Thread 0xb6208c00 Uncommon trap: reason=array_check action=maybe_recompile pc=0xa74dfbb8 method=java.util.ComparableTimSort.binarySort([Ljava/lang/Object;III)V @ 215

Classes redefined (0 events):
No events

Internal exceptions (10 events):
Event: 15.076 Thread 0xb6208c00 Exception <a 'java/io/FileNotFoundException'> (0x876231d0) thrown at [/build/openjdk-8-FRGKAs/openjdk-8-8u181-b13/src/hotspot/src/share/vm/prims/jni.cpp, line 709]
Event: 15.328 Thread 0xb6208c00 Exception <a 'java/io/FileNotFoundException'> (0x876923c8) thrown at [/build/openjdk-8-FRGKAs/openjdk-8-8u181-b13/src/hotspot/src/share/vm/prims/jni.cpp, line 709]
Event: 15.328 Thread 0xb6208c00 Exception <a 'java/io/FileNotFoundException'> (0x87692da0) thrown at [/build/openjdk-8-FRGKAs/openjdk-8-8u181-b13/src/hotspot/src/share/vm/prims/jni.cpp, line 709]
Event: 16.109 Thread 0xb6208c00 Exception <a 'java/io/FileNotFoundException'> (0x877ec5a0) thrown at [/build/openjdk-8-FRGKAs/openjdk-8-8u181-b13/src/hotspot/src/share/vm/prims/jni.cpp, line 709]
Event: 16.109 Thread 0xb6208c00 Exception <a 'java/io/FileNotFoundException'> (0x877ecf08) thrown at [/build/openjdk-8-FRGKAs/openjdk-8-8u181-b13/src/hotspot/src/share/vm/prims/jni.cpp, line 709]
Event: 16.109 Thread 0xb6208c00 Exception <a 'java/io/FileNotFoundException'> (0x877ed878) thrown at [/build/openjdk-8-FRGKAs/openjdk-8-8u181-b13/src/hotspot/src/share/vm/prims/jni.cpp, line 709]
Event: 16.109 Thread 0xb6208c00 Exception <a 'java/io/FileNotFoundException'> (0x877ee1e8) thrown at [/build/openjdk-8-FRGKAs/openjdk-8-8u181-b13/src/hotspot/src/share/vm/prims/jni.cpp, line 709]
Event: 16.109 Thread 0xb6208c00 Exception <a 'java/io/FileNotFoundException'> (0x877eeb28) thrown at [/build/openjdk-8-FRGKAs/openjdk-8-8u181-b13/src/hotspot/src/share/vm/prims/jni.cpp, line 709]
Event: 16.118 Thread 0xb6208c00 Exception <a 'java/io/FileNotFoundException'> (0x877f1fc8) thrown at [/build/openjdk-8-FRGKAs/openjdk-8-8u181-b13/src/hotspot/src/share/vm/prims/jni.cpp, line 709]
Event: 16.119 Thread 0xb6208c00 Exception <a 'java/io/FileNotFoundException'> (0x877f2a00) thrown at [/build/openjdk-8-FRGKAs/openjdk-8-8u181-b13/src/hotspot/src/share/vm/prims/jni.cpp, line 709]

Events (10 events):
Event: 11.378 Thread 0xb6208c00 DEOPT PACKING pc=0xa74f2fa8 sp=0xb63e7830
Event: 11.378 Thread 0xb6208c00 DEOPT UNPACKING pc=0xa723abdf sp=0xb63e781c mode 2
Event: 11.378 Thread 0xb6208c00 Uncommon trap: trap_request=0xffffffd6 fr.pc=0xa74dfbb8
Event: 11.378 Thread 0xb6208c00 DEOPT PACKING pc=0xa74dfbb8 sp=0xb63e7830
Event: 11.378 Thread 0xb6208c00 DEOPT UNPACKING pc=0xa723abdf sp=0xb63e782c mode 2
Event: 13.836 Executing VM operation: GenCollectForAllocation
Event: 14.313 Executing VM operation: GenCollectForAllocation done
Event: 16.073 Thread 0xb6208c00 DEOPT PACKING pc=0xa74b4263 sp=0xb63e77f0
Event: 16.074 Thread 0xb6208c00 DEOPT UNPACKING pc=0xa723c61a sp=0xb63e76bc mode 0
Event: 16.323 Executing VM operation: GenCollectForAllocation


Dynamic libraries:
004b3000-004b4000 r-xp 00000000 08:01 559883     /usr/lib/jvm/java-8-openjdk-i386/bin/javac
004b4000-004b5000 r--p 00000000 08:01 559883     /usr/lib/jvm/java-8-openjdk-i386/bin/javac
004b5000-004b6000 rw-p 00001000 08:01 559883     /usr/lib/jvm/java-8-openjdk-i386/bin/javac
00778000-00eaf000 rw-p 00000000 00:00 0          [heap]
85000000-85076000 rw-p 00000000 00:00 0 
85076000-85100000 ---p 00000000 00:00 0 
85200000-852fe000 rw-p 00000000 00:00 0 
852fe000-85300000 ---p 00000000 00:00 0 
853c0000-85460000 rw-p 00000000 00:00 0 
85460000-854c0000 ---p 00000000 00:00 0 
854c0000-85500000 r--s 004e4000 08:01 280350     /opt/payara5/glassfish/modules/org.eclipse.persistence.core.jar
85500000-855c2000 rw-p 00000000 00:00 0 
855c2000-85600000 ---p 00000000 00:00 0 
85602000-85620000 r--s 00142000 08:01 280250     /opt/payara5/glassfish/modules/org.eclipse.persistence.jpa.jpql.jar
85620000-85637000 r--s 00155000 08:01 280345     /opt/payara5/glassfish/modules/org.eclipse.persistence.jpa.jar
85637000-85700000 r--s 00c07000 08:01 280211     /opt/payara5/glassfish/modules/webservices-osgi.jar
85700000-85800000 rw-p 00000000 00:00 0 
85800000-858ff000 rw-p 00000000 00:00 0 
858ff000-85900000 ---p 00000000 00:00 0 
85907000-85909000 r--s 00016000 08:01 532418     /usr/lib/jvm/java-8-openjdk-i386/jre/lib/jce.jar
85909000-8590e000 r--s 0009d000 08:01 532422     /usr/lib/jvm/java-8-openjdk-i386/jre/lib/jsse.jar
8590e000-85910000 r--s 0000d000 08:01 280245     /opt/payara5/glassfish/modules/org.eclipse.persistence.jpa.modelgen.processor.jar
85910000-85911000 r--s 00003000 08:01 280339     /opt/payara5/glassfish/modules/gf-jms-connector.jar
85911000-85913000 r--s 00014000 08:01 280340     /opt/payara5/glassfish/modules/jms-core.jar
85913000-85915000 r--s 0000f000 08:01 280557     /opt/payara5/glassfish/modules/jta.jar
85915000-8591b000 r--s 00059000 08:01 280381     /opt/payara5/glassfish/modules/jts.jar
8591b000-8591d000 r--s 00010000 08:01 280546     /opt/payara5/glassfish/modules/webservices-connector.jar
8591d000-8591f000 r--s 00006000 08:01 280318     /opt/payara5/glassfish/modules/javamail-connector.jar
8591f000-85920000 r--s 00002000 08:01 280430     /opt/payara5/glassfish/modules/gf-connectors-connector.jar
85920000-85927000 r--s 0007b000 08:01 280560     /opt/payara5/glassfish/modules/connectors-runtime.jar
85927000-85928000 r--s 00007000 08:01 280297     /opt/payara5/glassfish/modules/connectors-inbound-runtime.jar
85928000-8592a000 r--s 0000a000 08:01 280166     /opt/payara5/glassfish/modules/work-management.jar
8592a000-8592e000 r--s 0003d000 08:01 280545     /opt/payara5/glassfish/modules/jsr109-impl.jar
8592e000-85942000 r--s 000e3000 08:01 280220     /opt/payara5/glassfish/modules/jaxb-extra-osgi.jar
85942000-85983000 r--s 00359000 08:01 280437     /opt/payara5/glassfish/modules/jaxb-osgi.jar
85983000-85987000 r--s 00024000 08:01 280256     /opt/payara5/glassfish/modules/stax2-api.jar
85987000-8598d000 r--s 00071000 08:01 280169     /opt/payara5/glassfish/modules/woodstox-core-asl.jar
8598d000-8598e000 r--s 00000000 08:01 280304     /opt/payara5/glassfish/modules/webservices-extra-jdk-packages.jar
8598e000-85991000 r--s 00009000 08:01 280219     /opt/payara5/glassfish/modules/javax.xml.rpc-api.jar
85991000-85993000 r--s 00004000 08:01 280310     /opt/payara5/glassfish/modules/web-sse.jar
85993000-85995000 r--s 00006000 08:01 280507     /opt/payara5/glassfish/modules/web-embed-api.jar
85995000-85997000 r--s 0000b000 08:01 280285     /opt/payara5/glassfish/modules/websecurity.jar
85997000-85998000 r--s 00009000 08:01 280239     /opt/payara5/glassfish/modules/web-gui-plugin-common.jar
85998000-8599a000 r--s 00001000 08:01 280398     /opt/payara5/glassfish/modules/admin-core.jar
8599a000-859a1000 r--s 00080000 08:01 280197     /opt/payara5/glassfish/modules/javax.servlet.jsp.jar
859a1000-859a2000 r--s 00002000 08:01 280491     /opt/payara5/glassfish/modules/microprofile-opentracing-api.jar
859a2000-859a3000 r--s 00004000 08:01 280187     /opt/payara5/glassfish/modules/opentracing-adapter.jar
859a3000-859a7000 r--s 0001c000 08:01 280157     /opt/payara5/glassfish/modules/javax.ws.rs-api.jar
859a7000-859aa000 r--s 0000f000 08:01 280532     /opt/payara5/glassfish/modules/jersey-media-jaxb.jar
859aa000-859b0000 r--s 00036000 08:01 280516     /opt/payara5/glassfish/modules/jersey-client.jar
859b0000-859c3000 r--s 000d1000 08:01 280253     /opt/payara5/glassfish/modules/jersey-server.jar
859c3000-859c5000 r--s 00003000 08:01 280299     /opt/payara5/glassfish/modules/microprofile-config-api.jar
859c5000-859c6000 r--s 00003000 08:01 280232     /opt/payara5/glassfish/modules/microprofile-rest-client-api.jar
859c6000-859dd000 r--s 00100000 08:01 280421     /opt/payara5/glassfish/modules/jersey-common.jar
859dd000-859df000 r--s 0000d000 08:01 280251     /opt/payara5/glassfish/modules/jersey-container-servlet-core.jar
859df000-859e1000 r--s 0000b000 08:01 280295     /opt/payara5/glassfish/modules/tyrus-container-grizzly-client.jar
859e1000-859e3000 r--s 00002000 08:01 280549     /opt/payara5/glassfish/modules/tyrus-spi.jar
859e3000-859ea000 r--s 00057000 08:01 280331     /opt/payara5/glassfish/modules/tyrus-core.jar
859ea000-859ec000 r--s 00010000 08:01 280301     /opt/payara5/glassfish/modules/tyrus-client.jar
859ec000-859ee000 r--s 00007000 08:01 280319     /opt/payara5/glassfish/modules/javax.websocket-api.jar
859ee000-859f0000 r--s 00005000 08:01 280551     /opt/payara5/glassfish/modules/tyrus-container-servlet.jar
859f0000-859fd000 r--s 00112000 08:01 280510     /opt/payara5/glassfish/modules/web-core.jar
859fd000-85a00000 r--s 0001a000 08:01 280309     /opt/payara5/glassfish/modules/web-naming.jar
85a00000-85afa000 rw-p 00000000 00:00 0 
85afa000-85b00000 ---p 00000000 00:00 0 
85b00000-85b02000 r--s 00008000 08:01 280212     /opt/payara5/glassfish/modules/gf-web-connector.jar
85b02000-85b05000 r--s 0000b000 08:01 280321     /opt/payara5/glassfish/modules/javax.servlet.jsp-api.jar
85b05000-85b08000 r--s 00019000 08:01 280383     /opt/payara5/glassfish/modules/war-util.jar
85b08000-85b0a000 r--s 00006000 08:01 280283     /opt/payara5/glassfish/modules/javax.management.j2ee-api.jar
85b0a000-85b0d000 r--s 00012000 08:01 280286     /opt/payara5/glassfish/modules/amx-javaee.jar
85b0d000-85b16000 r--s 0009b000 08:01 280259     /opt/payara5/glassfish/modules/web-glue.jar
85b16000-85b34000 r--s 0017a000 08:01 280361     /opt/payara5/glassfish/modules/glassfish-corba-orb.jar
85b34000-85c00000 r--s 00872000 08:01 280559     /opt/payara5/glassfish/modules/hazelcast.jar
85c00000-85cfb000 rw-p 00000000 00:00 0 
85cfb000-85d00000 ---p 00000000 00:00 0 
85d00000-85dfa000 rw-p 00000000 00:00 0 
85dfa000-85e00000 ---p 00000000 00:00 0 
85e00000-85e01000 r--s 00003000 08:01 280271     /opt/payara5/glassfish/modules/tyrus-server.jar
85e01000-85e05000 r--s 0002f000 08:01 280335     /opt/payara5/glassfish/modules/web-cli.jar
85e05000-85e07000 r--s 00013000 08:01 280519     /opt/payara5/glassfish/modules/webservices.security.jar
85e07000-85e09000 r--s 00006000 08:01 280172     /opt/payara5/glassfish/modules/acc-config.jar
85e09000-85e0c000 r--s 00014000 08:01 280509     /opt/payara5/glassfish/modules/orb-iiop.jar
85e0c000-85e10000 r--s 00019000 08:01 280392     /opt/payara5/glassfish/modules/glassfish-corba-csiv2-idl.jar
85e10000-85e13000 r--s 00015000 08:01 280366     /opt/payara5/glassfish/modules/ejb.security.jar
85e13000-85e14000 r--s 00004000 08:01 280515     /opt/payara5/glassfish/modules/appclient.security.jar
85e14000-85e17000 r--s 0000d000 08:01 280188     /opt/payara5/glassfish/modules/javax.jms-api.jar
85e17000-85e19000 r--s 00007000 08:01 280384     /opt/payara5/glassfish/modules/glassfish-corba-internal-api.jar
85e19000-85e36000 r--s 00133000 08:01 280404     /opt/payara5/glassfish/modules/glassfish-corba-omgapi.jar
85e36000-85e38000 r--s 00002000 08:01 280505     /opt/payara5/glassfish/modules/orb-enabler.jar
85e38000-85e3b000 r--s 0000c000 08:01 280175     /opt/payara5/glassfish/modules/orb-connector.jar
85e3b000-85e3c000 r--s 00004000 08:01 280432     /opt/payara5/glassfish/modules/gf-ejb-connector.jar
85e3c000-85e3d000 r--s 00006000 08:01 280482     /opt/payara5/glassfish/modules/persistence-common.jar
85e3d000-85e3e000 r--s 00004000 08:01 280348     /opt/payara5/glassfish/modules/osgi-resource-locator.jar
85e3e000-85e40000 r--s 00007000 08:01 280445     /opt/payara5/glassfish/modules/ha-api.jar
85e40000-85e43000 r--s 00012000 08:01 280255     /opt/payara5/glassfish/modules/glassfish-naming.jar
85e43000-85e49000 r--s 00029000 08:01 280317     /opt/payara5/glassfish/modules/container-common.jar
85e49000-85e4d000 r--s 00011000 08:01 280426     /opt/payara5/glassfish/modules/stats77.jar
85e4d000-85e52000 r--s 00038000 08:01 280529     /opt/payara5/glassfish/modules/jmxremote_optional-repackaged.jar
85e52000-85e54000 r--s 00010000 08:01 280176     /opt/payara5/glassfish/modules/glassfish-mbeanserver.jar
85e54000-85e5c000 r--s 00068000 08:01 280526     /opt/payara5/glassfish/modules/amx-core.jar
85e5c000-85e60000 r--s 0001a000 08:01 280330     /opt/payara5/glassfish/modules/monitoring-core.jar
85e60000-85e64000 r--s 00033000 08:01 280554     /opt/payara5/glassfish/modules/javax.el.jar
85e64000-85e67000 r--s 0001d000 08:01 280284     /opt/payara5/glassfish/modules/healthcheck-core.jar
85e67000-85e68000 r--s 00003000 08:01 280293     /opt/payara5/glassfish/modules/healthcheck-stuck.jar
85e68000-85e69000 r--s 00003000 08:01 280373     /opt/payara5/glassfish/modules/payara-executor-service.jar
85e69000-85e6b000 r--s 0000e000 08:01 280294     /opt/payara5/glassfish/modules/launcher.jar
85e6b000-85e6e000 r--s 0001c000 08:01 280418     /opt/payara5/glassfish/modules/javax.json.jar
85e6e000-85e70000 r--s 0000e000 08:01 280336     /opt/payara5/glassfish/modules/mimepull.jar
85e70000-85e74000 r--s 0002a000 08:01 280159     /opt/payara5/glassfish/modules/admin-cli.jar
85e74000-85e77000 r--s 00016000 08:01 280456     /opt/payara5/glassfish/modules/hazelcast-bootstrap.jar
85e77000-85e7f000 r--s 00098000 08:01 280171     /opt/payara5/glassfish/modules/javax.mail.jar
85e7f000-85e83000 r--s 00014000 08:01 280322     /opt/payara5/glassfish/modules/notification-core.jar
85e83000-85e86000 r--s 00010000 08:01 280378     /opt/payara5/glassfish/modules/requesttracing-core.jar
85e86000-85e88000 r--s 00000000 08:01 280438     /opt/payara5/glassfish/modules/api-exporter.jar
85e88000-85e8c000 r--s 0002e000 08:01 280391     /opt/payara5/glassfish/modules/logging.jar
85e8c000-85e8d000 r--s 00002000 08:01 280400     /opt/payara5/glassfish/modules/simple-glassfish-api.jar
85e8d000-85e90000 r--s 0001e000 08:01 280222     /opt/payara5/glassfish/modules/glassfish.jar
85e90000-85e94000 r--s 00020000 08:01 280493     /opt/payara5/glassfish/modules/flashlight-framework.jar
85e94000-85e9f000 r--s 000b9000 08:01 280525     /opt/payara5/glassfish/modules/kernel.jar
85e9f000-85ea0000 r--s 00007000 08:01 280249     /opt/payara5/glassfish/modules/deployment-javaee-core.jar
85ea0000-85ea2000 r--s 00004000 08:01 280495     /opt/payara5/glassfish/modules/libpam4j-repackaged.jar
85ea2000-85ea5000 r--s 00019000 08:01 280344     /opt/payara5/glassfish/modules/resources-connector.jar
85ea5000-85ea6000 r--s 00007000 08:01 280379     /opt/payara5/glassfish/modules/jackson-module-jaxb-annotations.jar
85ea6000-85eaa000 r--s 0004b000 08:01 280543     /opt/payara5/glassfish/modules/jackson-core.jar
85eaa000-85ebd000 r--s 00135000 08:01 280303     /opt/payara5/glassfish/modules/jackson-databind.jar
85ebd000-85ec0000 r--s 0000e000 08:01 280427     /opt/payara5/glassfish/modules/jackson-annotations.jar
85ec0000-85ec5000 r--s 00021000 08:01 280439     /opt/payara5/glassfish/modules/security-services.jar
85ec5000-85ecc000 r--s 00051000 08:01 280368     /opt/payara5/glassfish/modules/admin-util.jar
85ecc000-85ece000 r--s 00005000 08:01 280161     /opt/payara5/glassfish/modules/transaction-internal-api.jar
85ece000-85ed1000 r--s 00016000 08:01 280168     /opt/payara5/glassfish/modules/connectors-internal-api.jar
85ed1000-85ed2000 r--s 00002000 08:01 280414     /opt/payara5/glassfish/modules/ejb-internal-api.jar
85ed2000-85ed4000 r--s 0000f000 08:01 280328     /opt/payara5/glassfish/modules/jaspic.provider.framework.jar
85ed4000-85f00000 r--s 00208000 08:01 280192     /opt/payara5/glassfish/modules/guava.jar
85f00000-85fff000 rw-p 00000000 00:00 0 
85fff000-86000000 ---p 00000000 00:00 0 
86000000-86001000 r--s 0000c000 08:01 280347     /opt/payara5/glassfish/modules/javax.security.jacc-api.jar
86001000-86003000 r--s 0000b000 08:01 280454     /opt/payara5/glassfish/modules/javax.security.auth.message-api.jar
86003000-86005000 r--s 0000e000 08:01 280346     /opt/payara5/glassfish/modules/nucleus-resources.jar
86005000-86008000 r--s 00009000 08:01 280206     /opt/payara5/glassfish/modules/payara-api.jar
86008000-8600a000 r--s 00009000 08:01 280501     /opt/payara5/glassfish/modules/annotation-framework.jar
8600a000-8600e000 r--s 0000e000 08:01 280367     /opt/payara5/glassfish/modules/javax.resource-api.jar
8600e000-86014000 r--s 0002a000 08:01 280324     /opt/payara5/glassfish/modules/javax.persistence.jar
86014000-86017000 r--s 0000a000 08:01 280533     /opt/payara5/glassfish/modules/javax.enterprise.deploy-api.jar
86017000-86019000 r--s 00005000 08:01 280450     /opt/payara5/glassfish/modules/javax.interceptor-api.jar
86019000-8601e000 r--s 00016000 08:01 280296     /opt/payara5/glassfish/modules/cdi-api.jar
8601e000-8602c000 r--s 000b7000 08:01 280440     /opt/payara5/glassfish/modules/dol.jar
8602c000-86030000 r--s 00016000 08:01 280200     /opt/payara5/glassfish/modules/javax.servlet-api.jar
86030000-86031000 r--s 00002000 08:01 280314     /opt/payara5/glassfish/modules/glassfish-ee-api.jar
86031000-86034000 r--s 0000b000 08:01 280352     /opt/payara5/glassfish/modules/ldapbp-repackaged.jar
86034000-86036000 r--s 0000b000 08:01 280359     /opt/payara5/glassfish/modules/pfl-tf-tools.jar
86036000-86038000 r--s 00010000 08:01 280447     /opt/payara5/glassfish/modules/pfl-basic-tools.jar
86038000-86041000 r--s 0004c000 08:01 280160     /opt/payara5/glassfish/modules/pfl-dynamic.jar
86041000-86047000 r--s 00051000 08:01 280412     /opt/payara5/glassfish/modules/pfl-asm.jar
86047000-8604a000 r--s 00015000 08:01 280270     /opt/payara5/glassfish/modules/pfl-tf.jar
8604a000-86050000 r--s 0002c000 08:01 280228     /opt/payara5/glassfish/modules/pfl-basic.jar
86050000-86055000 r--s 0002d000 08:01 280213     /opt/payara5/glassfish/modules/gmbal.jar
86055000-86059000 r--s 0002a000 08:01 280524     /opt/payara5/glassfish/modules/deployment-common.jar
86059000-8605e000 r--s 0001e000 08:01 280494     /opt/payara5/glassfish/modules/internal-api.jar
8605e000-8605f000 r--s 00005000 08:01 280276     /opt/payara5/glassfish/modules/ssl-impl.jar
8605f000-8606c000 r--s 00085000 08:01 280390     /opt/payara5/glassfish/modules/config-api.jar
8606c000-86073000 r--s 00059000 08:01 280363     /opt/payara5/glassfish/modules/asm-repackaged.jar
86073000-86076000 r--s 00013000 08:01 280247     /opt/payara5/glassfish/modules/class-model.jar
86076000-86077000 r--s 00000000 08:01 280268     /opt/payara5/glassfish/modules/hk2.jar
86077000-8607f000 r--s 0006d000 08:01 280226     /opt/payara5/glassfish/modules/security.jar
8607f000-86086000 r--s 0004c000 08:01 280503     /opt/payara5/glassfish/modules/security-ee.jar
86086000-86087000 r--s 00002000 08:01 280170     /opt/payara5/glassfish/modules/ejb-client.jar
86087000-86089000 r--s 00006000 08:01 280289     /opt/payara5/glassfish/modules/javax.transaction-api.jar
86089000-8608c000 r--s 0000d000 08:01 280452     /opt/payara5/glassfish/modules/javax.ejb-api.jar
8608c000-86098000 r--s 000de000 08:01 280506     /opt/payara5/glassfish/modules/ejb-container.jar
86098000-8609a000 r--s 00011000 08:01 280520     /opt/payara5/glassfish/modules/ejb-full-container.jar
8609a000-8609c000 r--s 0000a000 08:01 280530     /opt/payara5/glassfish/modules/management-api.jar
8609c000-8609d000 r--s 00002000 08:01 280334     /opt/payara5/glassfish/modules/config-types.jar
8609d000-8609f000 r--s 0000e000 08:01 280257     /opt/payara5/glassfish/modules/classmate.jar
8609f000-860a1000 r--s 0000f000 08:01 280420     /opt/payara5/glassfish/modules/jboss-logging.jar
860a1000-860a6000 r--s 00012000 08:01 280490     /opt/payara5/glassfish/modules/validation-api.jar
860a6000-860c3000 r--s 000fe000 08:01 280326     /opt/payara5/glassfish/modules/hibernate-validator.jar
860c3000-860c8000 r--s 00030000 08:01 280356     /opt/payara5/glassfish/modules/hk2-config.jar
860c8000-860e7000 r--s 001af000 08:01 280561     /opt/payara5/glassfish/modules/nucleus-grizzly-all.jar
860e7000-860ea000 r--s 0000c000 08:01 280254     /opt/payara5/glassfish/modules/hk2-runlevel.jar
860ea000-860f2000 r--s 00029000 08:01 280553     /opt/payara5/glassfish/modules/glassfish-api.jar
860f2000-860fd000 r--s 00078000 08:01 280522     /opt/payara5/glassfish/modules/common-util.jar
860fd000-86100000 r--s 0001e000 08:01 280461     /opt/payara5/glassfish/modules/hk2-utils.jar
86100000-861ff000 rw-p 00000000 00:00 0 
861ff000-86200000 ---p 00000000 00:00 0 
86200000-862fc000 rw-p 00000000 00:00 0 
862fc000-86300000 ---p 00000000 00:00 0 
86300000-86400000 rw-p 00000000 00:00 0 
86400000-864eb000 rw-p 00000000 00:00 0 
864eb000-86500000 ---p 00000000 00:00 0 
86500000-86502000 r--s 00002000 08:01 280376     /opt/payara5/glassfish/modules/scattered-archive-api.jar
86502000-8650c000 r--s 000ab000 08:01 280382     /opt/payara5/glassfish/modules/javassist.jar
8650c000-86511000 r--s 00029000 08:01 280446     /opt/payara5/glassfish/modules/hk2-api.jar
86511000-86513000 r--s 00002000 08:01 280377     /opt/payara5/glassfish/modules/aopalliance-repackaged.jar
86513000-86517000 r--s 0002b000 08:01 280397     /opt/payara5/glassfish/modules/hk2-locator.jar
86517000-86524000 r--s 001ae000 08:01 280306     /opt/payara5/glassfish/modules/gf-client-module.jar
86524000-8659e000 r--s 010ff000 08:01 559922     /usr/lib/jvm/java-8-openjdk-i386/lib/tools.jar
8659e000-8659f000 ---p 00000000 00:00 0 
8659f000-8661f000 rw-p 00000000 00:00 0 
8661f000-86622000 ---p 00000000 00:00 0 
86622000-86670000 rw-p 00000000 00:00 0 
86670000-86673000 ---p 00000000 00:00 0 
86673000-866f1000 rw-p 00000000 00:00 0 
866f1000-866f4000 ---p 00000000 00:00 0 
866f4000-86772000 rw-p 00000000 00:00 0 
86772000-86775000 ---p 00000000 00:00 0 
86775000-867c3000 rw-p 00000000 00:00 0 
867c3000-8695e000 r--p 00000000 08:01 524289     /usr/lib/locale/locale-archive
8695e000-86961000 ---p 00000000 00:00 0 
86961000-869af000 rw-p 00000000 00:00 0 
869af000-869b2000 ---p 00000000 00:00 0 
869b2000-86a00000 rw-p 00000000 00:00 0 
86a00000-86b00000 rw-p 00000000 00:00 0 
86b00000-86b04000 r--s 00019000 08:01 280333     /opt/payara5/glassfish/modules/hk2-core.jar
86b04000-86b0a000 r--s 0003b000 08:01 532322     /usr/lib/jvm/java-8-openjdk-i386/jre/lib/ext/sunjce_provider.jar
86b0a000-86b14000 r--s 00116000 08:01 532316     /usr/lib/jvm/java-8-openjdk-i386/jre/lib/ext/localedata.jar
86b14000-86b15000 ---p 00000000 00:00 0 
86b15000-86be3000 rw-p 00000000 00:00 0 
86be3000-86db2000 r--s 03c33000 08:01 532432     /usr/lib/jvm/java-8-openjdk-i386/jre/lib/rt.jar
86db2000-86e0d000 rw-p 00000000 00:00 0 
86e0d000-87253000 rw-p 00000000 00:00 0 
87253000-87259000 ---p 00000000 00:00 0 
87259000-87260000 rw-p 00000000 00:00 0 
87260000-87302000 ---p 00000000 00:00 0 
87302000-87306000 rw-p 00000000 00:00 0 
87306000-87356000 ---p 00000000 00:00 0 
87356000-8735e000 rw-p 00000000 00:00 0 
8735e000-873ff000 ---p 00000000 00:00 0 
873ff000-87af0000 rw-p 00000000 00:00 0 
87af0000-91ca0000 ---p 00000000 00:00 0 
91ca0000-92a81000 rw-p 00000000 00:00 0 
92aa1000-a6e00000 ---p 00000000 00:00 0 
a6e00000-a6e01000 r--s 00001000 08:01 280224     /opt/payara5/glassfish/modules/javax.inject.jar
a6e01000-a6e02000 r--s 00005000 08:01 280829     /opt/payara5/glassfish/lib/gf-client.jar
a6e02000-a6e03000 r--s 00000000 08:01 281238     /opt/payara5/glassfish/lib/appserv-rt.jar
a6e03000-a6e06000 r--s 00038000 08:01 532324     /usr/lib/jvm/java-8-openjdk-i386/jre/lib/ext/sunpkcs11.jar
a6e06000-a6e08000 r--s 00001000 08:01 532310     /usr/lib/jvm/java-8-openjdk-i386/jre/lib/ext/dnsns.jar
a6e08000-a6e23000 r--s 00394000 08:01 532308     /usr/lib/jvm/java-8-openjdk-i386/jre/lib/ext/cldrdata.jar
a6e23000-a6e25000 r--s 00007000 08:01 9546       /usr/share/java/java-atk-wrapper.jar
a6e25000-a6e40000 r--s 001d6000 08:01 532318     /usr/lib/jvm/java-8-openjdk-i386/jre/lib/ext/nashorn.jar
a6e40000-a6e4d000 rw-p 00000000 00:00 0 
a6e4d000-a7200000 ---p 00000000 00:00 0 
a7200000-a7508000 rwxp 00000000 00:00 0 
a7508000-b6200000 ---p 00000000 00:00 0 
b6200000-b62fc000 rw-p 00000000 00:00 0 
b62fc000-b6300000 ---p 00000000 00:00 0 
b6300000-b6301000 r--s 0000a000 08:01 532314     /usr/lib/jvm/java-8-openjdk-i386/jre/lib/ext/jaccess.jar
b6301000-b6303000 r--s 00008000 08:01 532320     /usr/lib/jvm/java-8-openjdk-i386/jre/lib/ext/sunec.jar
b6303000-b6306000 r--s 0000f000 08:01 532312     /usr/lib/jvm/java-8-openjdk-i386/jre/lib/ext/icedtea-sound.jar
b6306000-b6311000 r-xp 00000000 08:01 131092     /lib/i386-linux-gnu/libnss_files-2.24.so
b6311000-b6312000 r--p 0000a000 08:01 131092     /lib/i386-linux-gnu/libnss_files-2.24.so
b6312000-b6313000 rw-p 0000b000 08:01 131092     /lib/i386-linux-gnu/libnss_files-2.24.so
b6313000-b6319000 rw-p 00000000 00:00 0 
b6319000-b6324000 r-xp 00000000 08:01 131094     /lib/i386-linux-gnu/libnss_nis-2.24.so
b6324000-b6325000 r--p 0000a000 08:01 131094     /lib/i386-linux-gnu/libnss_nis-2.24.so
b6325000-b6326000 rw-p 0000b000 08:01 131094     /lib/i386-linux-gnu/libnss_nis-2.24.so
b6326000-b633c000 r-xp 00000000 08:01 131089     /lib/i386-linux-gnu/libnsl-2.24.so
b633c000-b633d000 r--p 00016000 08:01 131089     /lib/i386-linux-gnu/libnsl-2.24.so
b633d000-b633e000 rw-p 00017000 08:01 131089     /lib/i386-linux-gnu/libnsl-2.24.so
b633e000-b6340000 rw-p 00000000 00:00 0 
b6340000-b6348000 r-xp 00000000 08:01 131090     /lib/i386-linux-gnu/libnss_compat-2.24.so
b6348000-b6349000 r--p 00007000 08:01 131090     /lib/i386-linux-gnu/libnss_compat-2.24.so
b6349000-b634a000 rw-p 00008000 08:01 131090     /lib/i386-linux-gnu/libnss_compat-2.24.so
b634a000-b634b000 r--s 00010000 08:01 532326     /usr/lib/jvm/java-8-openjdk-i386/jre/lib/ext/zipfs.jar
b634b000-b6353000 r-xp 00000000 08:01 532396     /usr/lib/jvm/java-8-openjdk-i386/jre/lib/i386/libzip.so
b6353000-b6354000 r--p 00007000 08:01 532396     /usr/lib/jvm/java-8-openjdk-i386/jre/lib/i386/libzip.so
b6354000-b6355000 rw-p 00008000 08:01 532396     /usr/lib/jvm/java-8-openjdk-i386/jre/lib/i386/libzip.so
b6355000-b637d000 r-xp 00000000 08:01 532358     /usr/lib/jvm/java-8-openjdk-i386/jre/lib/i386/libjava.so
b637d000-b637e000 r--p 00027000 08:01 532358     /usr/lib/jvm/java-8-openjdk-i386/jre/lib/i386/libjava.so
b637e000-b637f000 rw-p 00028000 08:01 532358     /usr/lib/jvm/java-8-openjdk-i386/jre/lib/i386/libjava.so
b637f000-b638d000 r-xp 00000000 08:01 532394     /usr/lib/jvm/java-8-openjdk-i386/jre/lib/i386/libverify.so
b638d000-b638e000 r--p 0000d000 08:01 532394     /usr/lib/jvm/java-8-openjdk-i386/jre/lib/i386/libverify.so
b638e000-b638f000 rw-p 0000e000 08:01 532394     /usr/lib/jvm/java-8-openjdk-i386/jre/lib/i386/libverify.so
b638f000-b6396000 r-xp 00000000 08:01 131099     /lib/i386-linux-gnu/librt-2.24.so
b6396000-b6397000 r--p 00006000 08:01 131099     /lib/i386-linux-gnu/librt-2.24.so
b6397000-b6398000 rw-p 00007000 08:01 131099     /lib/i386-linux-gnu/librt-2.24.so
b6398000-b639b000 ---p 00000000 00:00 0 
b639b000-b63e9000 rw-p 00000000 00:00 0 
b63e9000-b6405000 r-xp 00000000 08:01 131079     /lib/i386-linux-gnu/libgcc_s.so.1
b6405000-b6406000 r--p 0001b000 08:01 131079     /lib/i386-linux-gnu/libgcc_s.so.1
b6406000-b6407000 rw-p 0001c000 08:01 131079     /lib/i386-linux-gnu/libgcc_s.so.1
b6407000-b645a000 r-xp 00000000 08:01 131087     /lib/i386-linux-gnu/libm-2.24.so
b645a000-b645b000 r--p 00052000 08:01 131087     /lib/i386-linux-gnu/libm-2.24.so
b645b000-b645c000 rw-p 00053000 08:01 131087     /lib/i386-linux-gnu/libm-2.24.so
b645c000-b65cc000 r-xp 00000000 08:01 529707     /usr/lib/i386-linux-gnu/libstdc++.so.6.0.22
b65cc000-b65d2000 r--p 0016f000 08:01 529707     /usr/lib/i386-linux-gnu/libstdc++.so.6.0.22
b65d2000-b65d3000 rw-p 00175000 08:01 529707     /usr/lib/i386-linux-gnu/libstdc++.so.6.0.22
b65d3000-b65d6000 rw-p 00000000 00:00 0 
b65d6000-b7096000 r-xp 00000000 08:01 532400     /usr/lib/jvm/java-8-openjdk-i386/jre/lib/i386/server/libjvm.so
b7096000-b70e2000 r--p 00abf000 08:01 532400     /usr/lib/jvm/java-8-openjdk-i386/jre/lib/i386/server/libjvm.so
b70e2000-b70f9000 rw-p 00b0b000 08:01 532400     /usr/lib/jvm/java-8-openjdk-i386/jre/lib/i386/server/libjvm.so
b70f9000-b7518000 rw-p 00000000 00:00 0 
b7518000-b751a000 rw-p 00000000 00:00 0 
b751a000-b76cb000 r-xp 00000000 08:01 131083     /lib/i386-linux-gnu/libc-2.24.so
b76cb000-b76cd000 r--p 001b0000 08:01 131083     /lib/i386-linux-gnu/libc-2.24.so
b76cd000-b76ce000 rw-p 001b2000 08:01 131083     /lib/i386-linux-gnu/libc-2.24.so
b76ce000-b76d1000 rw-p 00000000 00:00 0 
b76d1000-b76d4000 r-xp 00000000 08:01 131086     /lib/i386-linux-gnu/libdl-2.24.so
b76d4000-b76d5000 r--p 00002000 08:01 131086     /lib/i386-linux-gnu/libdl-2.24.so
b76d5000-b76d6000 rw-p 00003000 08:01 131086     /lib/i386-linux-gnu/libdl-2.24.so
b76d6000-b76e3000 r-xp 00000000 08:01 532330     /usr/lib/jvm/java-8-openjdk-i386/jre/lib/i386/jli/libjli.so
b76e3000-b76e4000 r--p 0000c000 08:01 532330     /usr/lib/jvm/java-8-openjdk-i386/jre/lib/i386/jli/libjli.so
b76e4000-b76e5000 rw-p 0000d000 08:01 532330     /usr/lib/jvm/java-8-openjdk-i386/jre/lib/i386/jli/libjli.so
b76e5000-b76fe000 r-xp 00000000 08:01 131186     /lib/i386-linux-gnu/libz.so.1.2.8
b76fe000-b76ff000 r--p 00018000 08:01 131186     /lib/i386-linux-gnu/libz.so.1.2.8
b76ff000-b7700000 rw-p 00019000 08:01 131186     /lib/i386-linux-gnu/libz.so.1.2.8
b7700000-b7719000 r-xp 00000000 08:01 131097     /lib/i386-linux-gnu/libpthread-2.24.so
b7719000-b771a000 r--p 00018000 08:01 131097     /lib/i386-linux-gnu/libpthread-2.24.so
b771a000-b771b000 rw-p 00019000 08:01 131097     /lib/i386-linux-gnu/libpthread-2.24.so
b771b000-b771d000 rw-p 00000000 00:00 0 
b771d000-b771e000 r--p 0019a000 08:01 524289     /usr/lib/locale/locale-archive
b771e000-b7726000 rw-s 00000000 08:01 12624      /tmp/hsperfdata_kristhian/24269
b7726000-b7727000 rw-p 00000000 00:00 0 
b7727000-b7728000 ---p 00000000 00:00 0 
b7728000-b772b000 rw-p 00000000 00:00 0 
b772b000-b772d000 r--p 00000000 00:00 0          [vvar]
b772d000-b772f000 r-xp 00000000 00:00 0          [vdso]
b772f000-b7752000 r-xp 00000000 08:01 131078     /lib/i386-linux-gnu/ld-2.24.so
b7752000-b7753000 r--p 00022000 08:01 131078     /lib/i386-linux-gnu/ld-2.24.so
b7753000-b7754000 rw-p 00023000 08:01 131078     /lib/i386-linux-gnu/ld-2.24.so
bfba9000-bfbca000 rw-p 00000000 00:00 0          [stack]

VM Arguments:
jvm_args: -Dapplication.home=/usr/lib/jvm/java-8-openjdk-i386 -Xms8m 
java_command: com.sun.tools.javac.Main -d /home/kristhian/Desktop/PD_TP_ESPECIAL/viagens_cliente-rca/build/classes -classpath /home/kristhian/Desktop/PD_TP_ESPECIAL/viagens_cliente-rca/build/classes:/opt/payara5/glassfish/lib/appserv-rt.jar:/opt/payara5/glassfish/lib/gf-client.jar:/opt/payara5/glassfish/lib/javaee.jar:/opt/payara5/glassfish/lib/jndi-properties.jar:/home/kristhian/Desktop/PD_TP_ESPECIAL/viagens-lib/dist/viagens-lib.jar:/home/kristhian/netbeans-8.2/enterprise/modules/ext/javaee-api-6.0.jar -sourcepath /home/kristhian/Desktop/PD_TP_ESPECIAL/viagens_cliente-rca/build/empty -target 1.8 -encoding UTF-8 -g -processorpath /opt/payara5/glassfish/lib/appserv-rt.jar:/opt/payara5/glassfish/lib/gf-client.jar:/opt/payara5/glassfish/lib/javaee.jar:/opt/payara5/glassfish/lib/jndi-properties.jar:/home/kristhian/Desktop/PD_TP_ESPECIAL/viagens-lib/dist/viagens-lib.jar:/home/kristhian/netbeans-8.2/enterprise/modules/ext/javaee-api-6.0.jar:/home/kristhian/Desktop/PD_TP_ESPECIAL/viagens_cliente-rca/build/empty -s /home/kristhian/Desktop/PD_TP_ESPECIAL/viagens_cliente-rca/build/generated-sources/ap-source-output -source 1.8 /home/kristhian/Desktop/PD_TP_ESPECIAL/viagens_cliente-rca/src/viagens_cliente/menu/Cliente.java /home/kristhian/Desktop/PD_TP_ESPECIAL/viagens_cliente-rca/src/viagens_cliente/menu/Menu.java /home/kristhian/Desktop/PD_TP_ESPECIAL/viagens_cliente-rca/src/viagens_cliente/menu/Operador.java /home/kristhian/Desktop/PD_TP_ESPECIAL/viagens_cliente-rca/src/viagens_cliente/menu/Visitante.java /home/kristhian/Desktop/PD_TP_ESPECIAL/viagens_cliente-rca/src/viagens_cliente/rca/Viagens_clienteRca.java
java_class_path (initial): /usr/lib/jvm/java-8-openjdk-i386/lib/tools.jar:/usr/lib/jvm/java-8-openjdk-i386/classes
Launcher Type: SUN_STANDARD

Environment Variables:
PATH=/usr/local/bin:/usr/bin:/bin:/usr/local/games:/usr/games
LD_LIBRARY_PATH=/usr/lib/jvm/java-8-openjdk-i386/jre/lib/amd64:/usr/lib/jvm/java-8-openjdk-i386/jre/lib/i386:
SHELL=/bin/bash
DISPLAY=:0.0

Signal Handlers:
SIGSEGV: [libjvm.so+0x8c88c0], sa_mask[0]=11111111011111111101111111111110, sa_flags=SA_RESTART|SA_SIGINFO
SIGBUS: [libjvm.so+0x8c88c0], sa_mask[0]=11111111011111111101111111111110, sa_flags=SA_RESTART|SA_SIGINFO
SIGFPE: [libjvm.so+0x726380], sa_mask[0]=11111111011111111101111111111110, sa_flags=SA_RESTART|SA_SIGINFO
SIGPIPE: [libjvm.so+0x726380], sa_mask[0]=11111111011111111101111111111110, sa_flags=SA_RESTART|SA_SIGINFO
SIGXFSZ: [libjvm.so+0x726380], sa_mask[0]=11111111011111111101111111111110, sa_flags=SA_RESTART|SA_SIGINFO
SIGILL: [libjvm.so+0x726380], sa_mask[0]=11111111011111111101111111111110, sa_flags=SA_RESTART|SA_SIGINFO
SIGUSR1: SIG_DFL, sa_mask[0]=00000000000000000000000000000000, sa_flags=none
SIGUSR2: [libjvm.so+0x7261c0], sa_mask[0]=00100000000000000000000000000000, sa_flags=SA_RESTART|SA_SIGINFO
SIGHUP: [libjvm.so+0x726810], sa_mask[0]=11111111011111111101111111111110, sa_flags=SA_RESTART|SA_SIGINFO
SIGINT: SIG_IGN, sa_mask[0]=00000000000000000000000000000000, sa_flags=none
SIGTERM: [libjvm.so+0x726810], sa_mask[0]=11111111011111111101111111111110, sa_flags=SA_RESTART|SA_SIGINFO
SIGQUIT: [libjvm.so+0x726810], sa_mask[0]=11111111011111111101111111111110, sa_flags=SA_RESTART|SA_SIGINFO


---------------  S Y S T E M  ---------------

OS:PRETTY_NAME="Debian GNU/Linux 9 (stretch)"
NAME="Debian GNU/Linux"
VERSION_ID="9"
VERSION="9 (stretch)"
ID=debian
HOME_URL="https://www.debian.org/"
SUPPORT_URL="https://www.debian.org/support"
BUG_REPORT_URL="https://bugs.debian.org/"

uname:Linux 4.9.0-8-686-pae #1 SMP Debian 4.9.130-2 (2018-10-27) i686
libc:glibc 2.24 NPTL 2.24 
rlimit: STACK 8192k, CORE 0k, NPROC 16018, NOFILE 1048576, AS infinity
load average:1.50 0.53 0.31

/proc/meminfo:
MemTotal:        2068340 kB
MemFree:          117040 kB
MemAvailable:          0 kB
Buffers:             872 kB
Cached:           111360 kB
SwapCached:            0 kB
Active:          1808388 kB
Inactive:         100296 kB
Active(anon):    1796776 kB
Inactive(anon):    90896 kB
Active(file):      11612 kB
Inactive(file):     9400 kB
Unevictable:          96 kB
Mlocked:              96 kB
HighTotal:       1185736 kB
HighFree:          16564 kB
LowTotal:         882604 kB
LowFree:          100476 kB
SwapTotal:             0 kB
SwapFree:              0 kB
Dirty:               456 kB
Writeback:             0 kB
AnonPages:       1796568 kB
Mapped:           105544 kB
Shmem:             91200 kB
Slab:              19896 kB
SReclaimable:       9624 kB
SUnreclaim:        10272 kB
KernelStack:        2704 kB
PageTables:         9880 kB
NFS_Unstable:          0 kB
Bounce:                0 kB
WritebackTmp:          0 kB
CommitLimit:     1034168 kB
Committed_AS:    3498720 kB
VmallocTotal:     122880 kB
VmallocUsed:           0 kB
VmallocChunk:          0 kB
HardwareCorrupted:     0 kB
AnonHugePages:         0 kB
ShmemHugePages:        0 kB
ShmemPmdMapped:        0 kB
HugePages_Total:       0
HugePages_Free:        0
HugePages_Rsvd:        0
HugePages_Surp:        0
Hugepagesize:       2048 kB
DirectMap4k:       34808 kB
DirectMap2M:      876544 kB


CPU:total 1 (initial active 1) (1 cores per cpu, 1 threads per core) family 6 model 94 stepping 3, cmov, cx8, fxsr, mmx, sse, sse2, sse3, ssse3, sse4.1, sse4.2, popcnt, avx, avx2, aes, clmul, 3dnowpref, lzcnt, tsc, tscinvbit

/proc/cpuinfo:
processor	: 0
vendor_id	: GenuineIntel
cpu family	: 6
model		: 94
model name	: Intel(R) Core(TM) i7-6700HQ CPU @ 2.60GHz
stepping	: 3
cpu MHz		: 2592.002
cache size	: 6144 KB
physical id	: 0
siblings	: 1
core id		: 0
cpu cores	: 1
apicid		: 0
initial apicid	: 0
fdiv_bug	: no
f00f_bug	: no
coma_bug	: no
fpu		: yes
fpu_exception	: yes
cpuid level	: 22
wp		: yes
flags		: fpu vme de pse tsc msr pae mce cx8 apic sep mtrr pge mca cmov pat pse36 clflush mmx fxsr sse sse2 nx rdtscp constant_tsc xtopology nonstop_tsc pni pclmulqdq monitor ssse3 cx16 sse4_1 sse4_2 x2apic movbe popcnt aes xsave avx rdrand hypervisor lahf_lm abm 3dnowprefetch fsgsbase avx2 invpcid rdseed clflushopt flush_l1d
bugs		: cpu_meltdown spectre_v1 spectre_v2 spec_store_bypass l1tf
bogomips	: 5184.00
clflush size	: 64
cache_alignment	: 64
address sizes	: 39 bits physical, 48 bits virtual
power management:



Memory: 4k page, physical 2068340k(117040k free), swap 0k(0k free)

vm_info: OpenJDK Server VM (25.181-b13) for linux-x86 JRE (1.8.0_181-8u181-b13-2~deb9u1-b13), built on Oct 22 2018 18:05:23 by "buildd" with gcc 6.3.0 20170516

time: Mon Sep  9 22:07:32 2019
elapsed time: 18 seconds (0d 0h 0m 18s)

