#
# There is insufficient memory for the Java Runtime Environment to continue.
# Native memory allocation (mmap) failed to map 131072 bytes for committing reserved memory.
# Possible reasons:
#   The system is out of physical RAM or swap space
#   In 32 bit mode, the process size limit was hit
# Possible solutions:
#   Reduce memory load on the system
#   Increase physical memory or swap space
#   Check if swap backing store is full
#   Use 64 bit Java on a 64 bit OS
#   Decrease Java heap size (-Xmx/-Xms)
#   Decrease number of Java threads
#   Decrease Java thread stack sizes (-Xss)
#   Set larger code cache with -XX:ReservedCodeCacheSize=
# This output file may be truncated or incomplete.
#
#  Out of Memory Error (os_linux.cpp:2643), pid=12127, tid=0x86b94b40
#
# JRE version: OpenJDK Runtime Environment (8.0_181-b13) (build 1.8.0_181-8u181-b13-2~deb9u1-b13)
# Java VM: OpenJDK Server VM (25.181-b13 mixed mode linux-x86 )
# Failed to write core dump. Core dumps have been disabled. To enable core dumping, try "ulimit -c unlimited" before starting Java again
#

---------------  T H R E A D  ---------------

Current thread (0xb625ec00):  VMThread [stack: 0x86b14000,0x86b95000] [id=12132]

Stack: [0x86b14000,0x86b95000],  sp=0x86b93750,  free space=509k
Native frames: (J=compiled Java code, j=interpreted, Vv=VM code, C=native code)
V  [libjvm.so+0x8c7df3]
V  [libjvm.so+0x3750f6]
V  [libjvm.so+0x72b0a0]
V  [libjvm.so+0x724fb3]
V  [libjvm.so+0x8c495c]
V  [libjvm.so+0x4760a3]
V  [libjvm.so+0x477056]
V  [libjvm.so+0x4641d4]
V  [libjvm.so+0x476282]
V  [libjvm.so+0x37ccec]
V  [libjvm.so+0x4bcef7]
V  [libjvm.so+0x7f3c61]
V  [libjvm.so+0x476639]
V  [libjvm.so+0x462914]
V  [libjvm.so+0x37b7ed]
V  [libjvm.so+0x463787]
V  [libjvm.so+0x301b64]
V  [libjvm.so+0x8c8ebd]
V  [libjvm.so+0x8cef06]
V  [libjvm.so+0x8ccff0]
V  [libjvm.so+0x8cd7d3]
V  [libjvm.so+0x8cdd8b]
V  [libjvm.so+0x728315]
C  [libpthread.so.0+0x627a]  start_thread+0xda

VM_Operation (0xb63d918c): GenCollectForAllocation, mode: safepoint, requested by thread 0xb6208c00


---------------  P R O C E S S  ---------------

Java Threads: ( => current thread )
  0xb6286400 JavaThread "Service Thread" daemon [_thread_blocked, id=12138, stack(0x8661f000,0x86670000)]
  0xb6284000 JavaThread "C1 CompilerThread1" daemon [_thread_blocked, id=12137, stack(0x86670000,0x866f1000)]
  0xb6282800 JavaThread "C2 CompilerThread0" daemon [_thread_blocked, id=12136, stack(0x866f1000,0x86772000)]
  0xb6281000 JavaThread "Signal Dispatcher" daemon [_thread_blocked, id=12135, stack(0x86772000,0x867c3000)]
  0xb6266000 JavaThread "Finalizer" daemon [_thread_blocked, id=12134, stack(0x8695e000,0x869af000)]
  0xb6264400 JavaThread "Reference Handler" daemon [_thread_blocked, id=12133, stack(0x869af000,0x86a00000)]
  0xb6208c00 JavaThread "main" [_thread_blocked, id=12131, stack(0xb638a000,0xb63db000)]

Other Threads:
=>0xb625ec00 VMThread [stack: 0x86b14000,0x86b95000] [id=12132]
  0xb6288000 WatcherThread [stack: 0x8659e000,0x8661f000] [id=12139]

VM state:at safepoint (normal execution)

VM Mutex/Monitor currently owned by a thread:  ([mutex/lock_event])
[0xb6206210] Threads_lock - owner thread: 0xb625ec00
[0xb6206620] Heap_lock - owner thread: 0xb6208c00

Heap:
 def new generation   total 3840K, used 3840K [0x87400000, 0x87820000, 0x91ca0000)
  eden space 3456K, 100% used [0x87400000, 0x87760000, 0x87760000)
  from space 384K, 100% used [0x877c0000, 0x87820000, 0x87820000)
  to   space 384K,  67% used [0x87760000, 0x877a0d38, 0x877c0000)
 tenured generation   total 8332K, used 8329K [0x91ca0000, 0x924c3000, 0xa6e00000)
   the space 8332K,  99% used [0x91ca0000, 0x924c2598, 0x924c2600, 0x924c3000)
 Metaspace       used 4663K, capacity 4708K, committed 4760K, reserved 5424K

Card table byte_map: [0x87302000,0x87400000] byte_map_base: 0x86ec8000

Polling page: 0xb771b000

CodeCache: size=245760Kb used=2105Kb max_used=2119Kb free=243654Kb
 bounds [0xa71f6000, 0xa7436000, 0xb61f6000]
 total_blobs=757 nmethods=596 adapters=76
 compilation: enabled

Compilation events (10 events):
Event: 14.341 Thread 0xb6282800 nmethod 597 0xa73fb808 code [0xa73fb900, 0xa73fba50]
Event: 14.344 Thread 0xb6284000 nmethod 595 0xa7400008 code [0xa7400220, 0xa7400c10]
Event: 14.344 Thread 0xb6284000  596       3       sun.misc.URLClassPath$JarLoader::getJarFile (81 bytes)
Event: 14.345 Thread 0xb6284000 nmethod 596 0xa73feb48 code [0xa73fedc0, 0xa73ff96c]
Event: 14.481 Thread 0xb6282800  598       4       java.lang.String::toLowerCase (439 bytes)
Event: 14.512 Thread 0xb6282800 nmethod 598 0xa7404988 code [0xa7404b00, 0xa740543c]
Event: 14.543 Thread 0xb6282800  599       4       java.lang.String::equalsIgnoreCase (48 bytes)
Event: 14.563 Thread 0xb6282800 nmethod 599 0xa7405b48 code [0xa7405c80, 0xa7406330]
Event: 14.635 Thread 0xb6282800  600       4       java.util.jar.JarFile::getJarEntry (9 bytes)
Event: 14.918 Thread 0xb6282800 nmethod 600 0xa7409108 code [0xa7409380, 0xa740a264]

GC Heap History (10 events):
Event: 11.215 GC heap after
Heap after GC invocations=112 (full 1):
 def new generation   total 3840K, used 384K [0x87400000, 0x87820000, 0x91ca0000)
  eden space 3456K,   0% used [0x87400000, 0x87400000, 0x87760000)
  from space 384K, 100% used [0x877c0000, 0x87820000, 0x87820000)
  to   space 384K,   0% used [0x87760000, 0x87760000, 0x877c0000)
 tenured generation   total 8332K, used 6284K [0x91ca0000, 0x924c3000, 0xa6e00000)
   the space 8332K,  75% used [0x91ca0000, 0x922c3330, 0x922c3400, 0x924c3000)
 Metaspace       used 4557K, capacity 4612K, committed 4632K, reserved 5424K
}
Event: 12.382 GC heap before
{Heap before GC invocations=112 (full 1):
 def new generation   total 3840K, used 3837K [0x87400000, 0x87820000, 0x91ca0000)
  eden space 3456K,  99% used [0x87400000, 0x8775f628, 0x87760000)
  from space 384K, 100% used [0x877c0000, 0x87820000, 0x87820000)
  to   space 384K,   0% used [0x87760000, 0x87760000, 0x877c0000)
 tenured generation   total 8332K, used 6284K [0x91ca0000, 0x924c3000, 0xa6e00000)
   the space 8332K,  75% used [0x91ca0000, 0x922c3330, 0x922c3400, 0x924c3000)
 Metaspace       used 4558K, capacity 4612K, committed 4632K, reserved 5424K
Event: 12.395 GC heap after
Heap after GC invocations=113 (full 1):
 def new generation   total 3840K, used 384K [0x87400000, 0x87820000, 0x91ca0000)
  eden space 3456K,   0% used [0x87400000, 0x87400000, 0x87760000)
  from space 384K, 100% used [0x87760000, 0x877c0000, 0x877c0000)
  to   space 384K,   0% used [0x877c0000, 0x877c0000, 0x87820000)
 tenured generation   total 8332K, used 7103K [0x91ca0000, 0x924c3000, 0xa6e00000)
   the space 8332K,  85% used [0x91ca0000, 0x9238fff0, 0x92390000, 0x924c3000)
 Metaspace       used 4558K, capacity 4612K, committed 4632K, reserved 5424K
}
Event: 13.073 GC heap before
{Heap before GC invocations=113 (full 1):
 def new generation   total 3840K, used 3840K [0x87400000, 0x87820000, 0x91ca0000)
  eden space 3456K, 100% used [0x87400000, 0x87760000, 0x87760000)
  from space 384K, 100% used [0x87760000, 0x877c0000, 0x877c0000)
  to   space 384K,   0% used [0x877c0000, 0x877c0000, 0x87820000)
 tenured generation   total 8332K, used 7103K [0x91ca0000, 0x924c3000, 0xa6e00000)
   the space 8332K,  85% used [0x91ca0000, 0x9238fff0, 0x92390000, 0x924c3000)
 Metaspace       used 4633K, capacity 4676K, committed 4760K, reserved 5424K
Event: 13.077 GC heap after
Heap after GC invocations=114 (full 1):
 def new generation   total 3840K, used 363K [0x87400000, 0x87820000, 0x91ca0000)
  eden space 3456K,   0% used [0x87400000, 0x87400000, 0x87760000)
  from space 384K,  94% used [0x877c0000, 0x8781acb8, 0x87820000)
  to   space 384K,   0% used [0x87760000, 0x87760000, 0x877c0000)
 tenured generation   total 8332K, used 7261K [0x91ca0000, 0x924c3000, 0xa6e00000)
   the space 8332K,  87% used [0x91ca0000, 0x923b76a8, 0x923b7800, 0x924c3000)
 Metaspace       used 4633K, capacity 4676K, committed 4760K, reserved 5424K
}
Event: 13.520 GC heap before
{Heap before GC invocations=114 (full 1):
 def new generation   total 3840K, used 3819K [0x87400000, 0x87820000, 0x91ca0000)
  eden space 3456K, 100% used [0x87400000, 0x87760000, 0x87760000)
  from space 384K,  94% used [0x877c0000, 0x8781acb8, 0x87820000)
  to   space 384K,   0% used [0x87760000, 0x87760000, 0x877c0000)
 tenured generation   total 8332K, used 7261K [0x91ca0000, 0x924c3000, 0xa6e00000)
   the space 8332K,  87% used [0x91ca0000, 0x923b76a8, 0x923b7800, 0x924c3000)
 Metaspace       used 4642K, capacity 4676K, committed 4760K, reserved 5424K
Event: 13.522 GC heap after
Heap after GC invocations=115 (full 1):
 def new generation   total 3840K, used 383K [0x87400000, 0x87820000, 0x91ca0000)
  eden space 3456K,   0% used [0x87400000, 0x87400000, 0x87760000)
  from space 384K,  99% used [0x87760000, 0x877bfff8, 0x877c0000)
  to   space 384K,   0% used [0x877c0000, 0x877c0000, 0x87820000)
 tenured generation   total 8332K, used 7666K [0x91ca0000, 0x924c3000, 0xa6e00000)
   the space 8332K,  92% used [0x91ca0000, 0x9241ca10, 0x9241cc00, 0x924c3000)
 Metaspace       used 4642K, capacity 4676K, committed 4760K, reserved 5424K
}
Event: 14.048 GC heap before
{Heap before GC invocations=115 (full 1):
 def new generation   total 3840K, used 3839K [0x87400000, 0x87820000, 0x91ca0000)
  eden space 3456K, 100% used [0x87400000, 0x87760000, 0x87760000)
  from space 384K,  99% used [0x87760000, 0x877bfff8, 0x877c0000)
  to   space 384K,   0% used [0x877c0000, 0x877c0000, 0x87820000)
 tenured generation   total 8332K, used 7666K [0x91ca0000, 0x924c3000, 0xa6e00000)
   the space 8332K,  92% used [0x91ca0000, 0x9241ca10, 0x9241cc00, 0x924c3000)
 Metaspace       used 4660K, capacity 4676K, committed 4760K, reserved 5424K
Event: 14.050 GC heap after
Heap after GC invocations=116 (full 1):
 def new generation   total 3840K, used 384K [0x87400000, 0x87820000, 0x91ca0000)
  eden space 3456K,   0% used [0x87400000, 0x87400000, 0x87760000)
  from space 384K, 100% used [0x877c0000, 0x87820000, 0x87820000)
  to   space 384K,   0% used [0x87760000, 0x87760000, 0x877c0000)
 tenured generation   total 8332K, used 8133K [0x91ca0000, 0x924c3000, 0xa6e00000)
   the space 8332K,  97% used [0x91ca0000, 0x92491748, 0x92491800, 0x924c3000)
 Metaspace       used 4660K, capacity 4676K, committed 4760K, reserved 5424K
}
Event: 15.045 GC heap before
{Heap before GC invocations=116 (full 1):
 def new generation   total 3840K, used 3840K [0x87400000, 0x87820000, 0x91ca0000)
  eden space 3456K, 100% used [0x87400000, 0x87760000, 0x87760000)
  from space 384K, 100% used [0x877c0000, 0x87820000, 0x87820000)
  to   space 384K,   0% used [0x87760000, 0x87760000, 0x877c0000)
 tenured generation   total 8332K, used 8133K [0x91ca0000, 0x924c3000, 0xa6e00000)
   the space 8332K,  97% used [0x91ca0000, 0x92491748, 0x92491800, 0x924c3000)
 Metaspace       used 4663K, capacity 4708K, committed 4760K, reserved 5424K

Deoptimization events (10 events):
Event: 4.011 Thread 0xb6208c00 Uncommon trap: reason=unstable_if action=reinterpret pc=0xa7301e54 method=java.util.zip.ZipCoder.encoder()Ljava/nio/charset/CharsetEncoder; @ 4
Event: 4.023 Thread 0xb6208c00 Uncommon trap: reason=unstable_if action=reinterpret pc=0xa732535c method=java.util.zip.ZipCoder.encoder()Ljava/nio/charset/CharsetEncoder; @ 4
Event: 12.641 Thread 0xb6208c00 Uncommon trap: reason=unstable_if action=reinterpret pc=0xa72f6494 method=java.lang.String.replace(CC)Ljava/lang/String; @ 2
Event: 12.819 Thread 0xb6208c00 Uncommon trap: reason=unstable_if action=reinterpret pc=0xa738e488 method=java.util.StringTokenizer.skipDelimiters(I)I @ 64
Event: 12.819 Thread 0xb6208c00 Uncommon trap: reason=unstable_if action=reinterpret pc=0xa7351c40 method=java.util.StringTokenizer.scanToken(I)I @ 42
Event: 12.845 Thread 0xb6208c00 Uncommon trap: reason=unstable_if action=reinterpret pc=0xa73a09d8 method=java.lang.StringCoding$StringDecoder.decode([BII)[C @ 20
Event: 12.860 Thread 0xb6208c00 Uncommon trap: reason=unstable_if action=reinterpret pc=0xa73267c8 method=java.lang.String.indexOf([CII[CIII)I @ 134
Event: 13.238 Thread 0xb6208c00 Uncommon trap: reason=unstable_if action=reinterpret pc=0xa732f7c8 method=java.lang.String.<init>([CII)V @ 18
Event: 13.238 Thread 0xb6208c00 Uncommon trap: reason=unstable_if action=reinterpret pc=0xa73b7f10 method=java.lang.String.startsWith(Ljava/lang/String;I)Z @ 25
Event: 13.238 Thread 0xb6208c00 Uncommon trap: reason=unstable_if action=reinterpret pc=0xa7327150 method=sun.misc.URLClassPath$JarLoader.getResource(Ljava/lang/String;Z)Lsun/misc/Resource; @ 62

Classes redefined (0 events):
No events

Internal exceptions (10 events):
Event: 14.916 Thread 0xb6208c00 Exception <a 'java/security/PrivilegedActionException'> (0x87742728) thrown at [/build/openjdk-8-FRGKAs/openjdk-8-8u181-b13/src/hotspot/src/share/vm/prims/jvm.cpp, line 1435]
Event: 14.916 Thread 0xb6208c00 Exception <a 'java/security/PrivilegedActionException'> (0x87742928) thrown at [/build/openjdk-8-FRGKAs/openjdk-8-8u181-b13/src/hotspot/src/share/vm/prims/jvm.cpp, line 1435]
Event: 14.916 Thread 0xb6208c00 Exception <a 'java/security/PrivilegedActionException'> (0x877435a8) thrown at [/build/openjdk-8-FRGKAs/openjdk-8-8u181-b13/src/hotspot/src/share/vm/prims/jvm.cpp, line 1435]
Event: 14.916 Thread 0xb6208c00 Exception <a 'java/security/PrivilegedActionException'> (0x877437a8) thrown at [/build/openjdk-8-FRGKAs/openjdk-8-8u181-b13/src/hotspot/src/share/vm/prims/jvm.cpp, line 1435]
Event: 14.916 Thread 0xb6208c00 Exception <a 'java/security/PrivilegedActionException'> (0x877444b0) thrown at [/build/openjdk-8-FRGKAs/openjdk-8-8u181-b13/src/hotspot/src/share/vm/prims/jvm.cpp, line 1435]
Event: 14.916 Thread 0xb6208c00 Exception <a 'java/security/PrivilegedActionException'> (0x877446b0) thrown at [/build/openjdk-8-FRGKAs/openjdk-8-8u181-b13/src/hotspot/src/share/vm/prims/jvm.cpp, line 1435]
Event: 14.916 Thread 0xb6208c00 Exception <a 'java/security/PrivilegedActionException'> (0x877452b0) thrown at [/build/openjdk-8-FRGKAs/openjdk-8-8u181-b13/src/hotspot/src/share/vm/prims/jvm.cpp, line 1435]
Event: 14.916 Thread 0xb6208c00 Exception <a 'java/security/PrivilegedActionException'> (0x877454b0) thrown at [/build/openjdk-8-FRGKAs/openjdk-8-8u181-b13/src/hotspot/src/share/vm/prims/jvm.cpp, line 1435]
Event: 14.916 Thread 0xb6208c00 Exception <a 'java/security/PrivilegedActionException'> (0x87746130) thrown at [/build/openjdk-8-FRGKAs/openjdk-8-8u181-b13/src/hotspot/src/share/vm/prims/jvm.cpp, line 1435]
Event: 14.916 Thread 0xb6208c00 Exception <a 'java/security/PrivilegedActionException'> (0x87746330) thrown at [/build/openjdk-8-FRGKAs/openjdk-8-8u181-b13/src/hotspot/src/share/vm/prims/jvm.cpp, line 1435]

Events (10 events):
Event: 13.238 Thread 0xb6208c00 DEOPT UNPACKING pc=0xa7230bdf sp=0xb63d96fc mode 2
Event: 13.520 Executing VM operation: GenCollectForAllocation
Event: 13.522 Executing VM operation: GenCollectForAllocation done
Event: 13.522 Executing VM operation: RevokeBias
Event: 13.522 Executing VM operation: RevokeBias done
Event: 13.861 Thread 0xb6208c00 DEOPT PACKING pc=0xa73bd0a7 sp=0xb63d9410
Event: 13.861 Thread 0xb6208c00 DEOPT UNPACKING pc=0xa723261a sp=0xb63d9320 mode 0
Event: 14.047 Executing VM operation: GenCollectForAllocation
Event: 14.050 Executing VM operation: GenCollectForAllocation done
Event: 15.045 Executing VM operation: GenCollectForAllocation


Dynamic libraries:
0047a000-0047b000 r-xp 00000000 08:01 162652     /usr/lib/jvm/java-8-openjdk-i386/bin/javac
0047b000-0047c000 r--p 00000000 08:01 162652     /usr/lib/jvm/java-8-openjdk-i386/bin/javac
0047c000-0047d000 rw-p 00001000 08:01 162652     /usr/lib/jvm/java-8-openjdk-i386/bin/javac
016b4000-01a9d000 rw-p 00000000 00:00 0          [heap]
85a00000-85a29000 rw-p 00000000 00:00 0 
85a29000-85b00000 ---p 00000000 00:00 0 
85b34000-85c00000 r--s 00872000 08:01 410481     /opt/payara5/glassfish/modules/hazelcast.jar
85c00000-85cfb000 rw-p 00000000 00:00 0 
85cfb000-85d00000 ---p 00000000 00:00 0 
85d00000-85dfb000 rw-p 00000000 00:00 0 
85dfb000-85e00000 ---p 00000000 00:00 0 
85e37000-85e3d000 r--s 00029000 08:01 410238     /opt/payara5/glassfish/modules/container-common.jar
85e3d000-85e41000 r--s 00011000 08:01 410348     /opt/payara5/glassfish/modules/stats77.jar
85e41000-85e46000 r--s 00038000 08:01 410451     /opt/payara5/glassfish/modules/jmxremote_optional-repackaged.jar
85e46000-85e48000 r--s 00010000 08:01 409680     /opt/payara5/glassfish/modules/glassfish-mbeanserver.jar
85e48000-85e50000 r--s 00068000 08:01 410448     /opt/payara5/glassfish/modules/amx-core.jar
85e50000-85e54000 r--s 0001a000 08:01 410252     /opt/payara5/glassfish/modules/monitoring-core.jar
85e54000-85e58000 r--s 00033000 08:01 410476     /opt/payara5/glassfish/modules/javax.el.jar
85e58000-85e5b000 r--s 0001d000 08:01 410136     /opt/payara5/glassfish/modules/healthcheck-core.jar
85e5b000-85e5c000 r--s 00003000 08:01 410214     /opt/payara5/glassfish/modules/healthcheck-stuck.jar
85e5c000-85e5d000 r--s 00003000 08:01 410295     /opt/payara5/glassfish/modules/payara-executor-service.jar
85e5d000-85e5f000 r--s 0000e000 08:01 410215     /opt/payara5/glassfish/modules/launcher.jar
85e5f000-85e62000 r--s 0001c000 08:01 410340     /opt/payara5/glassfish/modules/javax.json.jar
85e62000-85e64000 r--s 0000e000 08:01 410258     /opt/payara5/glassfish/modules/mimepull.jar
85e64000-85e68000 r--s 0002a000 08:01 409561     /opt/payara5/glassfish/modules/admin-cli.jar
85e68000-85e6b000 r--s 00016000 08:01 410378     /opt/payara5/glassfish/modules/hazelcast-bootstrap.jar
85e6b000-85e73000 r--s 00098000 08:01 409662     /opt/payara5/glassfish/modules/javax.mail.jar
85e73000-85e77000 r--s 00014000 08:01 410244     /opt/payara5/glassfish/modules/notification-core.jar
85e77000-85e7a000 r--s 00010000 08:01 410300     /opt/payara5/glassfish/modules/requesttracing-core.jar
85e7a000-85e7c000 r--s 00000000 08:01 410360     /opt/payara5/glassfish/modules/api-exporter.jar
85e7c000-85e80000 r--s 0002e000 08:01 410313     /opt/payara5/glassfish/modules/logging.jar
85e80000-85e81000 r--s 00002000 08:01 410322     /opt/payara5/glassfish/modules/simple-glassfish-api.jar
85e81000-85e84000 r--s 0001e000 08:01 409979     /opt/payara5/glassfish/modules/glassfish.jar
85e84000-85e88000 r--s 00020000 08:01 410415     /opt/payara5/glassfish/modules/flashlight-framework.jar
85e88000-85e93000 r--s 000b9000 08:01 410447     /opt/payara5/glassfish/modules/kernel.jar
85e93000-85e94000 r--s 00007000 08:01 410093     /opt/payara5/glassfish/modules/deployment-javaee-core.jar
85e94000-85e96000 r--s 00004000 08:01 410417     /opt/payara5/glassfish/modules/libpam4j-repackaged.jar
85e96000-85e99000 r--s 00019000 08:01 410266     /opt/payara5/glassfish/modules/resources-connector.jar
85e99000-85e9a000 r--s 00007000 08:01 410301     /opt/payara5/glassfish/modules/jackson-module-jaxb-annotations.jar
85e9a000-85e9e000 r--s 0004b000 08:01 410465     /opt/payara5/glassfish/modules/jackson-core.jar
85e9e000-85eb1000 r--s 00135000 08:01 410224     /opt/payara5/glassfish/modules/jackson-databind.jar
85eb1000-85eb4000 r--s 0000e000 08:01 410349     /opt/payara5/glassfish/modules/jackson-annotations.jar
85eb4000-85eb9000 r--s 00021000 08:01 410361     /opt/payara5/glassfish/modules/security-services.jar
85eb9000-85ec0000 r--s 00051000 08:01 410290     /opt/payara5/glassfish/modules/admin-util.jar
85ec0000-85ec2000 r--s 00005000 08:01 409565     /opt/payara5/glassfish/modules/transaction-internal-api.jar
85ec2000-85ec5000 r--s 00016000 08:01 409654     /opt/payara5/glassfish/modules/connectors-internal-api.jar
85ec5000-85ec6000 r--s 00002000 08:01 410336     /opt/payara5/glassfish/modules/ejb-internal-api.jar
85ec6000-85ec8000 r--s 0000f000 08:01 410250     /opt/payara5/glassfish/modules/jaspic.provider.framework.jar
85ec8000-85ec9000 r--s 0000c000 08:01 410269     /opt/payara5/glassfish/modules/javax.security.jacc-api.jar
85ec9000-85ecb000 r--s 0000b000 08:01 410376     /opt/payara5/glassfish/modules/javax.security.auth.message-api.jar
85ecb000-85ecd000 r--s 0000e000 08:01 410268     /opt/payara5/glassfish/modules/nucleus-resources.jar
85ecd000-85ed0000 r--s 00009000 08:01 409876     /opt/payara5/glassfish/modules/payara-api.jar
85ed0000-85efc000 r--s 00208000 08:01 409820     /opt/payara5/glassfish/modules/guava.jar
85efc000-85f00000 r--s 0000e000 08:01 410289     /opt/payara5/glassfish/modules/javax.resource-api.jar
85f00000-85fff000 rw-p 00000000 00:00 0 
85fff000-86000000 ---p 00000000 00:00 0 
86000000-86002000 r--s 00009000 08:01 410423     /opt/payara5/glassfish/modules/annotation-framework.jar
86002000-86008000 r--s 0002a000 08:01 410246     /opt/payara5/glassfish/modules/javax.persistence.jar
86008000-8600b000 r--s 0000a000 08:01 410455     /opt/payara5/glassfish/modules/javax.enterprise.deploy-api.jar
8600b000-8600d000 r--s 00005000 08:01 410372     /opt/payara5/glassfish/modules/javax.interceptor-api.jar
8600d000-86012000 r--s 00016000 08:01 410217     /opt/payara5/glassfish/modules/cdi-api.jar
86012000-86020000 r--s 000b7000 08:01 410362     /opt/payara5/glassfish/modules/dol.jar
86020000-86024000 r--s 00016000 08:01 409846     /opt/payara5/glassfish/modules/javax.servlet-api.jar
86024000-86025000 r--s 00002000 08:01 410235     /opt/payara5/glassfish/modules/glassfish-ee-api.jar
86025000-86028000 r--s 0000b000 08:01 410274     /opt/payara5/glassfish/modules/ldapbp-repackaged.jar
86028000-8602a000 r--s 0000b000 08:01 410281     /opt/payara5/glassfish/modules/pfl-tf-tools.jar
8602a000-8602c000 r--s 00010000 08:01 410369     /opt/payara5/glassfish/modules/pfl-basic-tools.jar
8602c000-86035000 r--s 0004c000 08:01 409563     /opt/payara5/glassfish/modules/pfl-dynamic.jar
86035000-8603b000 r--s 00051000 08:01 410334     /opt/payara5/glassfish/modules/pfl-asm.jar
8603b000-8603e000 r--s 00015000 08:01 410118     /opt/payara5/glassfish/modules/pfl-tf.jar
8603e000-86044000 r--s 0002c000 08:01 410011     /opt/payara5/glassfish/modules/pfl-basic.jar
86044000-86049000 r--s 0002d000 08:01 409896     /opt/payara5/glassfish/modules/gmbal.jar
86049000-8604d000 r--s 0002a000 08:01 410446     /opt/payara5/glassfish/modules/deployment-common.jar
8604d000-86052000 r--s 0001e000 08:01 410416     /opt/payara5/glassfish/modules/internal-api.jar
86052000-86053000 r--s 00005000 08:01 410128     /opt/payara5/glassfish/modules/ssl-impl.jar
86053000-86060000 r--s 00085000 08:01 410312     /opt/payara5/glassfish/modules/config-api.jar
86060000-86067000 r--s 00059000 08:01 410285     /opt/payara5/glassfish/modules/asm-repackaged.jar
86067000-8606a000 r--s 00013000 08:01 410091     /opt/payara5/glassfish/modules/class-model.jar
8606a000-8606b000 r--s 00000000 08:01 410112     /opt/payara5/glassfish/modules/hk2.jar
8606b000-86073000 r--s 0006d000 08:01 410002     /opt/payara5/glassfish/modules/security.jar
86073000-8607a000 r--s 0004c000 08:01 410425     /opt/payara5/glassfish/modules/security-ee.jar
8607a000-8607b000 r--s 00002000 08:01 409657     /opt/payara5/glassfish/modules/ejb-client.jar
8607b000-8607d000 r--s 00006000 08:01 410141     /opt/payara5/glassfish/modules/javax.transaction-api.jar
8607d000-86080000 r--s 0000d000 08:01 410374     /opt/payara5/glassfish/modules/javax.ejb-api.jar
86080000-8608c000 r--s 000de000 08:01 410428     /opt/payara5/glassfish/modules/ejb-container.jar
8608c000-8608e000 r--s 00011000 08:01 410442     /opt/payara5/glassfish/modules/ejb-full-container.jar
8608e000-86090000 r--s 0000a000 08:01 410452     /opt/payara5/glassfish/modules/management-api.jar
86090000-86091000 r--s 00002000 08:01 410256     /opt/payara5/glassfish/modules/config-types.jar
86091000-86093000 r--s 0000e000 08:01 410101     /opt/payara5/glassfish/modules/classmate.jar
86093000-86095000 r--s 0000f000 08:01 410342     /opt/payara5/glassfish/modules/jboss-logging.jar
86095000-8609a000 r--s 00012000 08:01 410412     /opt/payara5/glassfish/modules/validation-api.jar
8609a000-860b7000 r--s 000fe000 08:01 410248     /opt/payara5/glassfish/modules/hibernate-validator.jar
860b7000-860bc000 r--s 00030000 08:01 410278     /opt/payara5/glassfish/modules/hk2-config.jar
860bc000-860db000 r--s 001af000 08:01 410483     /opt/payara5/glassfish/modules/nucleus-grizzly-all.jar
860db000-860de000 r--s 0000c000 08:01 410098     /opt/payara5/glassfish/modules/hk2-runlevel.jar
860de000-860e0000 r--s 00002000 08:01 410298     /opt/payara5/glassfish/modules/scattered-archive-api.jar
860e0000-860e8000 r--s 00029000 08:01 410475     /opt/payara5/glassfish/modules/glassfish-api.jar
860e8000-860f3000 r--s 00078000 08:01 410444     /opt/payara5/glassfish/modules/common-util.jar
860f3000-860f6000 r--s 0001e000 08:01 410383     /opt/payara5/glassfish/modules/hk2-utils.jar
860f6000-86100000 r--s 000ab000 08:01 410304     /opt/payara5/glassfish/modules/javassist.jar
86100000-86160000 rw-p 00000000 00:00 0 
86160000-86200000 ---p 00000000 00:00 0 
86200000-86295000 rw-p 00000000 00:00 0 
86295000-86300000 ---p 00000000 00:00 0 
86300000-86400000 rw-p 00000000 00:00 0 
86400000-864f3000 rw-p 00000000 00:00 0 
864f3000-86500000 ---p 00000000 00:00 0 
86500000-86505000 r--s 00029000 08:01 410368     /opt/payara5/glassfish/modules/hk2-api.jar
86505000-86509000 r--s 0002b000 08:01 410319     /opt/payara5/glassfish/modules/hk2-locator.jar
86509000-86583000 r--s 010ff000 08:01 162691     /usr/lib/jvm/java-8-openjdk-i386/lib/tools.jar
86583000-8659e000 r--s 001d6000 08:01 280582     /usr/lib/jvm/java-8-openjdk-i386/jre/lib/ext/nashorn.jar
8659e000-8659f000 ---p 00000000 00:00 0 
8659f000-8661f000 rw-p 00000000 00:00 0 
8661f000-86622000 ---p 00000000 00:00 0 
86622000-86670000 rw-p 00000000 00:00 0 
86670000-86673000 ---p 00000000 00:00 0 
86673000-866f1000 rw-p 00000000 00:00 0 
866f1000-866f4000 ---p 00000000 00:00 0 
866f4000-86772000 rw-p 00000000 00:00 0 
86772000-86775000 ---p 00000000 00:00 0 
86775000-867c3000 rw-p 00000000 00:00 0 
867c3000-8695e000 r--p 00000000 08:01 1266       /usr/lib/locale/locale-archive
8695e000-86961000 ---p 00000000 00:00 0 
86961000-869af000 rw-p 00000000 00:00 0 
869af000-869b2000 ---p 00000000 00:00 0 
869b2000-86a00000 rw-p 00000000 00:00 0 
86a00000-86afc000 rw-p 00000000 00:00 0 
86afc000-86b00000 ---p 00000000 00:00 0 
86b00000-86b02000 r--s 00002000 08:01 410299     /opt/payara5/glassfish/modules/aopalliance-repackaged.jar
86b02000-86b03000 r--s 00001000 08:01 409982     /opt/payara5/glassfish/modules/javax.inject.jar
86b03000-86b07000 r--s 00019000 08:01 410255     /opt/payara5/glassfish/modules/hk2-core.jar
86b07000-86b14000 r--s 001ae000 08:01 410227     /opt/payara5/glassfish/modules/gf-client-module.jar
86b14000-86b15000 ---p 00000000 00:00 0 
86b15000-86be3000 rw-p 00000000 00:00 0 
86be3000-86db2000 r--s 03c33000 08:01 280632     /usr/lib/jvm/java-8-openjdk-i386/jre/lib/rt.jar
86db2000-86e0d000 rw-p 00000000 00:00 0 
86e0d000-87253000 rw-p 00000000 00:00 0 
87253000-87259000 ---p 00000000 00:00 0 
87259000-8725e000 rw-p 00000000 00:00 0 
8725e000-87302000 ---p 00000000 00:00 0 
87302000-87305000 rw-p 00000000 00:00 0 
87305000-87356000 ---p 00000000 00:00 0 
87356000-8735b000 rw-p 00000000 00:00 0 
8735b000-873ff000 ---p 00000000 00:00 0 
873ff000-87820000 rw-p 00000000 00:00 0 
87820000-91ca0000 ---p 00000000 00:00 0 
91ca0000-924c3000 rw-p 00000000 00:00 0 
924e3000-a6e00000 ---p 00000000 00:00 0 
a6e00000-a6e01000 r--s 00005000 08:01 410751     /opt/payara5/glassfish/lib/gf-client.jar
a6e01000-a6e02000 r--s 00000000 08:01 411028     /opt/payara5/glassfish/lib/appserv-rt.jar
a6e02000-a6e08000 r--s 0003b000 08:01 280584     /usr/lib/jvm/java-8-openjdk-i386/jre/lib/ext/sunjce_provider.jar
a6e08000-a6e0b000 r--s 00038000 08:01 280585     /usr/lib/jvm/java-8-openjdk-i386/jre/lib/ext/sunpkcs11.jar
a6e0b000-a6e0d000 r--s 00007000 08:01 155715     /usr/share/java/java-atk-wrapper.jar
a6e0d000-a6e17000 r--s 00116000 08:01 280581     /usr/lib/jvm/java-8-openjdk-i386/jre/lib/ext/localedata.jar
a6e17000-a6e19000 r--s 00008000 08:01 280583     /usr/lib/jvm/java-8-openjdk-i386/jre/lib/ext/sunec.jar
a6e19000-a6e1b000 r--s 00001000 08:01 280578     /usr/lib/jvm/java-8-openjdk-i386/jre/lib/ext/dnsns.jar
a6e1b000-a6e36000 r--s 00394000 08:01 280577     /usr/lib/jvm/java-8-openjdk-i386/jre/lib/ext/cldrdata.jar
a6e36000-a6e3f000 rw-p 00000000 00:00 0 
a6e3f000-a71f6000 ---p 00000000 00:00 0 
a71f6000-a7436000 rwxp 00000000 00:00 0 
a7436000-b61f6000 ---p 00000000 00:00 0 
b61f6000-b61fe000 r-xp 00000000 08:01 280621     /usr/lib/jvm/java-8-openjdk-i386/jre/lib/i386/libzip.so
b61fe000-b61ff000 r--p 00007000 08:01 280621     /usr/lib/jvm/java-8-openjdk-i386/jre/lib/i386/libzip.so
b61ff000-b6200000 rw-p 00008000 08:01 280621     /usr/lib/jvm/java-8-openjdk-i386/jre/lib/i386/libzip.so
b6200000-b62fc000 rw-p 00000000 00:00 0 
b62fc000-b6300000 ---p 00000000 00:00 0 
b6300000-b630b000 r-xp 00000000 08:01 262175     /lib/i386-linux-gnu/libnss_files-2.24.so
b630b000-b630c000 r--p 0000a000 08:01 262175     /lib/i386-linux-gnu/libnss_files-2.24.so
b630c000-b630d000 rw-p 0000b000 08:01 262175     /lib/i386-linux-gnu/libnss_files-2.24.so
b630d000-b6313000 rw-p 00000000 00:00 0 
b6313000-b631e000 r-xp 00000000 08:01 262177     /lib/i386-linux-gnu/libnss_nis-2.24.so
b631e000-b631f000 r--p 0000a000 08:01 262177     /lib/i386-linux-gnu/libnss_nis-2.24.so
b631f000-b6320000 rw-p 0000b000 08:01 262177     /lib/i386-linux-gnu/libnss_nis-2.24.so
b6320000-b6336000 r-xp 00000000 08:01 262172     /lib/i386-linux-gnu/libnsl-2.24.so
b6336000-b6337000 r--p 00016000 08:01 262172     /lib/i386-linux-gnu/libnsl-2.24.so
b6337000-b6338000 rw-p 00017000 08:01 262172     /lib/i386-linux-gnu/libnsl-2.24.so
b6338000-b633a000 rw-p 00000000 00:00 0 
b633a000-b633b000 r--s 00010000 08:01 280586     /usr/lib/jvm/java-8-openjdk-i386/jre/lib/ext/zipfs.jar
b633b000-b633e000 r--s 0000f000 08:01 280579     /usr/lib/jvm/java-8-openjdk-i386/jre/lib/ext/icedtea-sound.jar
b633e000-b633f000 r--s 0000a000 08:01 280580     /usr/lib/jvm/java-8-openjdk-i386/jre/lib/ext/jaccess.jar
b633f000-b6347000 rw-s 00000000 08:01 265897     /tmp/hsperfdata_sergio/12127
b6347000-b636f000 r-xp 00000000 08:01 280602     /usr/lib/jvm/java-8-openjdk-i386/jre/lib/i386/libjava.so
b636f000-b6370000 r--p 00027000 08:01 280602     /usr/lib/jvm/java-8-openjdk-i386/jre/lib/i386/libjava.so
b6370000-b6371000 rw-p 00028000 08:01 280602     /usr/lib/jvm/java-8-openjdk-i386/jre/lib/i386/libjava.so
b6371000-b637f000 r-xp 00000000 08:01 280620     /usr/lib/jvm/java-8-openjdk-i386/jre/lib/i386/libverify.so
b637f000-b6380000 r--p 0000d000 08:01 280620     /usr/lib/jvm/java-8-openjdk-i386/jre/lib/i386/libverify.so
b6380000-b6381000 rw-p 0000e000 08:01 280620     /usr/lib/jvm/java-8-openjdk-i386/jre/lib/i386/libverify.so
b6381000-b6388000 r-xp 00000000 08:01 262182     /lib/i386-linux-gnu/librt-2.24.so
b6388000-b6389000 r--p 00006000 08:01 262182     /lib/i386-linux-gnu/librt-2.24.so
b6389000-b638a000 rw-p 00007000 08:01 262182     /lib/i386-linux-gnu/librt-2.24.so
b638a000-b638d000 ---p 00000000 00:00 0 
b638d000-b63db000 rw-p 00000000 00:00 0 
b63db000-b63f7000 r-xp 00000000 08:01 262160     /lib/i386-linux-gnu/libgcc_s.so.1
b63f7000-b63f8000 r--p 0001b000 08:01 262160     /lib/i386-linux-gnu/libgcc_s.so.1
b63f8000-b63f9000 rw-p 0001c000 08:01 262160     /lib/i386-linux-gnu/libgcc_s.so.1
b63f9000-b644c000 r-xp 00000000 08:01 262170     /lib/i386-linux-gnu/libm-2.24.so
b644c000-b644d000 r--p 00052000 08:01 262170     /lib/i386-linux-gnu/libm-2.24.so
b644d000-b644e000 rw-p 00053000 08:01 262170     /lib/i386-linux-gnu/libm-2.24.so
b644e000-b65be000 r-xp 00000000 08:01 6430       /usr/lib/i386-linux-gnu/libstdc++.so.6.0.22
b65be000-b65c4000 r--p 0016f000 08:01 6430       /usr/lib/i386-linux-gnu/libstdc++.so.6.0.22
b65c4000-b65c5000 rw-p 00175000 08:01 6430       /usr/lib/i386-linux-gnu/libstdc++.so.6.0.22
b65c5000-b65c8000 rw-p 00000000 00:00 0 
b65c8000-b7088000 r-xp 00000000 08:01 280623     /usr/lib/jvm/java-8-openjdk-i386/jre/lib/i386/server/libjvm.so
b7088000-b70d4000 r--p 00abf000 08:01 280623     /usr/lib/jvm/java-8-openjdk-i386/jre/lib/i386/server/libjvm.so
b70d4000-b70eb000 rw-p 00b0b000 08:01 280623     /usr/lib/jvm/java-8-openjdk-i386/jre/lib/i386/server/libjvm.so
b70eb000-b750a000 rw-p 00000000 00:00 0 
b750a000-b750c000 rw-p 00000000 00:00 0 
b750c000-b76bd000 r-xp 00000000 08:01 262166     /lib/i386-linux-gnu/libc-2.24.so
b76bd000-b76bf000 r--p 001b0000 08:01 262166     /lib/i386-linux-gnu/libc-2.24.so
b76bf000-b76c0000 rw-p 001b2000 08:01 262166     /lib/i386-linux-gnu/libc-2.24.so
b76c0000-b76c3000 rw-p 00000000 00:00 0 
b76c3000-b76c6000 r-xp 00000000 08:01 262169     /lib/i386-linux-gnu/libdl-2.24.so
b76c6000-b76c7000 r--p 00002000 08:01 262169     /lib/i386-linux-gnu/libdl-2.24.so
b76c7000-b76c8000 rw-p 00003000 08:01 262169     /lib/i386-linux-gnu/libdl-2.24.so
b76c8000-b76d5000 r-xp 00000000 08:01 280588     /usr/lib/jvm/java-8-openjdk-i386/jre/lib/i386/jli/libjli.so
b76d5000-b76d6000 r--p 0000c000 08:01 280588     /usr/lib/jvm/java-8-openjdk-i386/jre/lib/i386/jli/libjli.so
b76d6000-b76d7000 rw-p 0000d000 08:01 280588     /usr/lib/jvm/java-8-openjdk-i386/jre/lib/i386/jli/libjli.so
b76d7000-b76f0000 r-xp 00000000 08:01 262405     /lib/i386-linux-gnu/libz.so.1.2.8
b76f0000-b76f1000 r--p 00018000 08:01 262405     /lib/i386-linux-gnu/libz.so.1.2.8
b76f1000-b76f2000 rw-p 00019000 08:01 262405     /lib/i386-linux-gnu/libz.so.1.2.8
b76f2000-b770b000 r-xp 00000000 08:01 262180     /lib/i386-linux-gnu/libpthread-2.24.so
b770b000-b770c000 r--p 00018000 08:01 262180     /lib/i386-linux-gnu/libpthread-2.24.so
b770c000-b770d000 rw-p 00019000 08:01 262180     /lib/i386-linux-gnu/libpthread-2.24.so
b770d000-b770f000 rw-p 00000000 00:00 0 
b770f000-b7710000 r--p 0019a000 08:01 1266       /usr/lib/locale/locale-archive
b7710000-b7718000 r-xp 00000000 08:01 262173     /lib/i386-linux-gnu/libnss_compat-2.24.so
b7718000-b7719000 r--p 00007000 08:01 262173     /lib/i386-linux-gnu/libnss_compat-2.24.so
b7719000-b771a000 rw-p 00008000 08:01 262173     /lib/i386-linux-gnu/libnss_compat-2.24.so
b771a000-b771b000 rw-p 00000000 00:00 0 
b771b000-b771c000 ---p 00000000 00:00 0 
b771c000-b771f000 rw-p 00000000 00:00 0 
b771f000-b7721000 r--p 00000000 00:00 0          [vvar]
b7721000-b7723000 r-xp 00000000 00:00 0          [vdso]
b7723000-b7746000 r-xp 00000000 08:01 262162     /lib/i386-linux-gnu/ld-2.24.so
b7746000-b7747000 r--p 00022000 08:01 262162     /lib/i386-linux-gnu/ld-2.24.so
b7747000-b7748000 rw-p 00023000 08:01 262162     /lib/i386-linux-gnu/ld-2.24.so
bfd7d000-bfd9e000 rw-p 00000000 00:00 0          [stack]

VM Arguments:
jvm_args: -Dapplication.home=/usr/lib/jvm/java-8-openjdk-i386 -Xms8m 
java_command: com.sun.tools.javac.Main -d /home/sergio/PD_TP_ESPECIAL/viagens_cliente-rca/build/classes -classpath /home/sergio/PD_TP_ESPECIAL/viagens_cliente-rca/build/classes:/opt/payara5/glassfish/lib/appserv-rt.jar:/opt/payara5/glassfish/lib/gf-client.jar:/opt/payara5/glassfish/lib/javaee.jar:/opt/payara5/glassfish/lib/jndi-properties.jar:/home/sergio/PD_TP_ESPECIAL/viagens-lib/dist/viagens-lib.jar -sourcepath /home/sergio/PD_TP_ESPECIAL/viagens_cliente-rca/build/empty -target 1.8 -encoding UTF-8 -g -processorpath /opt/payara5/glassfish/lib/appserv-rt.jar:/opt/payara5/glassfish/lib/gf-client.jar:/opt/payara5/glassfish/lib/javaee.jar:/opt/payara5/glassfish/lib/jndi-properties.jar:/home/sergio/PD_TP_ESPECIAL/viagens-lib/dist/viagens-lib.jar:/home/sergio/PD_TP_ESPECIAL/viagens_cliente-rca/build/empty -s /home/sergio/PD_TP_ESPECIAL/viagens_cliente-rca/build/generated-sources/ap-source-output -source 1.8 /home/sergio/PD_TP_ESPECIAL/viagens_cliente-rca/src/viagens_cliente/menu/Cliente.java /home/sergio/PD_TP_ESPECIAL/viagens_cliente-rca/src/viagens_cliente/menu/Menu.java /home/sergio/PD_TP_ESPECIAL/viagens_cliente-rca/src/viagens_cliente/menu/Operador.java /home/sergio/PD_TP_ESPECIAL/viagens_cliente-rca/src/viagens_cliente/menu/Visitante.java /home/sergio/PD_TP_ESPECIAL/viagens_cliente-rca/src/viagens_cliente/rca/Viagens_clienteRca.java
java_class_path (initial): /usr/lib/jvm/java-8-openjdk-i386/lib/tools.jar:/usr/lib/jvm/java-8-openjdk-i386/classes
Launcher Type: SUN_STANDARD

Environment Variables:
PATH=/usr/local/bin:/usr/bin:/bin:/usr/local/games:/usr/games
LD_LIBRARY_PATH=/usr/lib/jvm/java-8-openjdk-i386/jre/lib/amd64:/usr/lib/jvm/java-8-openjdk-i386/jre/lib/i386:
SHELL=/bin/bash
DISPLAY=:0.0

Signal Handlers:
SIGSEGV: [libjvm.so+0x8c88c0], sa_mask[0]=11111111011111111101111111111110, sa_flags=SA_RESTART|SA_SIGINFO
SIGBUS: [libjvm.so+0x8c88c0], sa_mask[0]=11111111011111111101111111111110, sa_flags=SA_RESTART|SA_SIGINFO
SIGFPE: [libjvm.so+0x726380], sa_mask[0]=11111111011111111101111111111110, sa_flags=SA_RESTART|SA_SIGINFO
SIGPIPE: [libjvm.so+0x726380], sa_mask[0]=11111111011111111101111111111110, sa_flags=SA_RESTART|SA_SIGINFO
SIGXFSZ: [libjvm.so+0x726380], sa_mask[0]=11111111011111111101111111111110, sa_flags=SA_RESTART|SA_SIGINFO
SIGILL: [libjvm.so+0x726380], sa_mask[0]=11111111011111111101111111111110, sa_flags=SA_RESTART|SA_SIGINFO
SIGUSR1: SIG_DFL, sa_mask[0]=00000000000000000000000000000000, sa_flags=none
SIGUSR2: [libjvm.so+0x7261c0], sa_mask[0]=00100000000000000000000000000000, sa_flags=SA_RESTART|SA_SIGINFO
SIGHUP: [libjvm.so+0x726810], sa_mask[0]=11111111011111111101111111111110, sa_flags=SA_RESTART|SA_SIGINFO
SIGINT: SIG_IGN, sa_mask[0]=00000000000000000000000000000000, sa_flags=none
SIGTERM: [libjvm.so+0x726810], sa_mask[0]=11111111011111111101111111111110, sa_flags=SA_RESTART|SA_SIGINFO
SIGQUIT: [libjvm.so+0x726810], sa_mask[0]=11111111011111111101111111111110, sa_flags=SA_RESTART|SA_SIGINFO


---------------  S Y S T E M  ---------------

OS:PRETTY_NAME="Debian GNU/Linux 9 (stretch)"
NAME="Debian GNU/Linux"
VERSION_ID="9"
VERSION="9 (stretch)"
ID=debian
HOME_URL="https://www.debian.org/"
SUPPORT_URL="https://www.debian.org/support"
BUG_REPORT_URL="https://bugs.debian.org/"

uname:Linux 4.9.0-8-686-pae #1 SMP Debian 4.9.130-2 (2018-10-27) i686
libc:glibc 2.24 NPTL 2.24 
rlimit: STACK 8192k, CORE 0k, NPROC 16012, NOFILE 1048576, AS infinity
load average:1.91 1.60 1.48

/proc/meminfo:
MemTotal:        2067540 kB
MemFree:          115628 kB
MemAvailable:          0 kB
Buffers:            2396 kB
Cached:            62448 kB
SwapCached:            0 kB
Active:          1853916 kB
Inactive:          55976 kB
Active(anon):    1845396 kB
Inactive(anon):    43952 kB
Active(file):       8520 kB
Inactive(file):    12024 kB
Unevictable:          96 kB
Mlocked:              96 kB
HighTotal:       1185736 kB
HighFree:          15232 kB
LowTotal:         881804 kB
LowFree:          100396 kB
SwapTotal:             0 kB
SwapFree:              0 kB
Dirty:               208 kB
Writeback:             0 kB
AnonPages:       1845192 kB
Mapped:            57380 kB
Shmem:             44252 kB
Slab:              19380 kB
SReclaimable:       9228 kB
SUnreclaim:        10152 kB
KernelStack:        3112 kB
PageTables:        10316 kB
NFS_Unstable:          0 kB
Bounce:                0 kB
WritebackTmp:          0 kB
CommitLimit:     1033768 kB
Committed_AS:    3640968 kB
VmallocTotal:     122880 kB
VmallocUsed:           0 kB
VmallocChunk:          0 kB
HardwareCorrupted:     0 kB
AnonHugePages:         0 kB
ShmemHugePages:        0 kB
ShmemPmdMapped:        0 kB
HugePages_Total:       0
HugePages_Free:        0
HugePages_Rsvd:        0
HugePages_Surp:        0
Hugepagesize:       2048 kB
DirectMap4k:       20472 kB
DirectMap2M:      890880 kB


CPU:total 1 (initial active 1) (1 cores per cpu, 1 threads per core) family 6 model 58 stepping 9, cmov, cx8, fxsr, mmx, sse, sse2, sse3, ssse3, sse4.1, sse4.2, popcnt, avx, aes, clmul, tsc, tscinvbit, tscinv

/proc/cpuinfo:
processor	: 0
vendor_id	: GenuineIntel
cpu family	: 6
model		: 58
model name	: Intel(R) Core(TM) i7-3630QM CPU @ 2.40GHz
stepping	: 9
microcode	: 0x19
cpu MHz		: 2394.560
cache size	: 6144 KB
physical id	: 0
siblings	: 1
core id		: 0
cpu cores	: 1
apicid		: 0
initial apicid	: 0
fdiv_bug	: no
f00f_bug	: no
coma_bug	: no
fpu		: yes
fpu_exception	: yes
cpuid level	: 13
wp		: yes
flags		: fpu vme de pse tsc msr pae mce cx8 apic sep mtrr pge mca cmov pat pse36 clflush mmx fxsr sse sse2 nx rdtscp constant_tsc xtopology nonstop_tsc pni pclmulqdq monitor ssse3 cx16 sse4_1 sse4_2 x2apic popcnt aes xsave avx rdrand hypervisor lahf_lm fsgsbase
bugs		: cpu_meltdown spectre_v1 spectre_v2 spec_store_bypass l1tf
bogomips	: 4789.12
clflush size	: 64
cache_alignment	: 64
address sizes	: 36 bits physical, 48 bits virtual
power management:



Memory: 4k page, physical 2067540k(115628k free), swap 0k(0k free)

vm_info: OpenJDK Server VM (25.181-b13) for linux-x86 JRE (1.8.0_181-8u181-b13-2~deb9u1-b13), built on Oct 22 2018 18:05:23 by "buildd" with gcc 6.3.0 20170516

time: Mon Jan 14 22:26:03 2019
elapsed time: 17 seconds (0d 0h 0m 17s)

