#
# There is insufficient memory for the Java Runtime Environment to continue.
# Native memory allocation (mmap) failed to map 131072 bytes for committing reserved memory.
# Possible reasons:
#   The system is out of physical RAM or swap space
#   In 32 bit mode, the process size limit was hit
# Possible solutions:
#   Reduce memory load on the system
#   Increase physical memory or swap space
#   Check if swap backing store is full
#   Use 64 bit Java on a 64 bit OS
#   Decrease Java heap size (-Xmx/-Xms)
#   Decrease number of Java threads
#   Decrease Java thread stack sizes (-Xss)
#   Set larger code cache with -XX:ReservedCodeCacheSize=
# This output file may be truncated or incomplete.
#
#  Out of Memory Error (os_linux.cpp:2643), pid=24389, tid=0xb63b6b40
#
# JRE version: OpenJDK Runtime Environment (8.0_181-b13) (build 1.8.0_181-8u181-b13-2~deb9u1-b13)
# Java VM: OpenJDK Server VM (25.181-b13 mixed mode linux-x86 )
# Failed to write core dump. Core dumps have been disabled. To enable core dumping, try "ulimit -c unlimited" before starting Java again
#

---------------  T H R E A D  ---------------

Current thread (0xb6208c00):  JavaThread "main" [_thread_in_vm, id=24392, stack(0xb6366000,0xb63b7000)]

Stack: [0xb6366000,0xb63b7000],  sp=0xb63b4d14,  free space=315k
Native frames: (J=compiled Java code, j=interpreted, Vv=VM code, C=native code)
V  [libjvm.so+0x8c7df3]
V  [libjvm.so+0x3750f6]
V  [libjvm.so+0x72b0a0]
V  [libjvm.so+0x724fb3]
V  [libjvm.so+0x8c495c]
V  [libjvm.so+0x6b0398]
V  [libjvm.so+0x6b05d1]
V  [libjvm.so+0x6b1905]
V  [libjvm.so+0x6b1a9c]
V  [libjvm.so+0x6b2f0c]
V  [libjvm.so+0x6b3067]
V  [libjvm.so+0x1834b8]
V  [libjvm.so+0x6b92db]
V  [libjvm.so+0x2dc7e6]
V  [libjvm.so+0x2dd1a6]
V  [libjvm.so+0x2df022]
V  [libjvm.so+0x2e5c12]
V  [libjvm.so+0x8441a9]
V  [libjvm.so+0x842e06]
V  [libjvm.so+0x844e36]
V  [libjvm.so+0x36764b]
V  [libjvm.so+0x4eb3db]
j  java.io.File.toURI()Ljava/net/URI;+46
j  com.sun.tools.javac.file.JavacFileManager.getClassLoader(Ljavax/tools/JavaFileManager$Location;)Ljava/lang/ClassLoader;+58
j  com.sun.tools.javac.processing.JavacProcessingEnvironment.initProcessorClassLoader()V+30
j  com.sun.tools.javac.processing.JavacProcessingEnvironment.<init>(Lcom/sun/tools/javac/util/Context;)V+274
j  com.sun.tools.javac.processing.JavacProcessingEnvironment.instance(Lcom/sun/tools/javac/util/Context;)Lcom/sun/tools/javac/processing/JavacProcessingEnvironment;+19
j  com.sun.tools.javac.main.JavaCompiler.initProcessAnnotations(Ljava/lang/Iterable;)V+36
j  com.sun.tools.javac.main.JavaCompiler.compile(Lcom/sun/tools/javac/util/List;Lcom/sun/tools/javac/util/List;Ljava/lang/Iterable;)V+133
j  com.sun.tools.javac.main.Main.compile([Ljava/lang/String;[Ljava/lang/String;Lcom/sun/tools/javac/util/Context;Lcom/sun/tools/javac/util/List;Ljava/lang/Iterable;)Lcom/sun/tools/javac/main/Main$Result;+1299
j  com.sun.tools.javac.main.Main.compile([Ljava/lang/String;Lcom/sun/tools/javac/util/Context;Lcom/sun/tools/javac/util/List;Ljava/lang/Iterable;)Lcom/sun/tools/javac/main/Main$Result;+7
j  com.sun.tools.javac.main.Main.compile([Ljava/lang/String;Lcom/sun/tools/javac/util/Context;)Lcom/sun/tools/javac/main/Main$Result;+7
j  com.sun.tools.javac.main.Main.compile([Ljava/lang/String;)Lcom/sun/tools/javac/main/Main$Result;+15
j  com.sun.tools.javac.Main.compile([Ljava/lang/String;)I+12
j  com.sun.tools.javac.Main.main([Ljava/lang/String;)V+1
v  ~StubRoutines::call_stub
V  [libjvm.so+0x4fd07d]
V  [libjvm.so+0x4fc18a]
V  [libjvm.so+0x51b4a7]
V  [libjvm.so+0x51d240]
C  [libjli.so+0x2c60]
C  [libpthread.so.0+0x627a]  start_thread+0xda
C  [libc.so.6+0xe7ae6]  clone+0x66

Java frames: (J=compiled Java code, j=interpreted, Vv=VM code)
j  java.io.File.toURI()Ljava/net/URI;+46
j  com.sun.tools.javac.file.JavacFileManager.getClassLoader(Ljavax/tools/JavaFileManager$Location;)Ljava/lang/ClassLoader;+58
j  com.sun.tools.javac.processing.JavacProcessingEnvironment.initProcessorClassLoader()V+30
j  com.sun.tools.javac.processing.JavacProcessingEnvironment.<init>(Lcom/sun/tools/javac/util/Context;)V+274
j  com.sun.tools.javac.processing.JavacProcessingEnvironment.instance(Lcom/sun/tools/javac/util/Context;)Lcom/sun/tools/javac/processing/JavacProcessingEnvironment;+19
j  com.sun.tools.javac.main.JavaCompiler.initProcessAnnotations(Ljava/lang/Iterable;)V+36
j  com.sun.tools.javac.main.JavaCompiler.compile(Lcom/sun/tools/javac/util/List;Lcom/sun/tools/javac/util/List;Ljava/lang/Iterable;)V+133
j  com.sun.tools.javac.main.Main.compile([Ljava/lang/String;[Ljava/lang/String;Lcom/sun/tools/javac/util/Context;Lcom/sun/tools/javac/util/List;Ljava/lang/Iterable;)Lcom/sun/tools/javac/main/Main$Result;+1299
j  com.sun.tools.javac.main.Main.compile([Ljava/lang/String;Lcom/sun/tools/javac/util/Context;Lcom/sun/tools/javac/util/List;Ljava/lang/Iterable;)Lcom/sun/tools/javac/main/Main$Result;+7
j  com.sun.tools.javac.main.Main.compile([Ljava/lang/String;Lcom/sun/tools/javac/util/Context;)Lcom/sun/tools/javac/main/Main$Result;+7
j  com.sun.tools.javac.main.Main.compile([Ljava/lang/String;)Lcom/sun/tools/javac/main/Main$Result;+15
j  com.sun.tools.javac.Main.compile([Ljava/lang/String;)I+12
j  com.sun.tools.javac.Main.main([Ljava/lang/String;)V+1
v  ~StubRoutines::call_stub

---------------  P R O C E S S  ---------------

Java Threads: ( => current thread )
  0xb628e800 JavaThread "Service Thread" daemon [_thread_blocked, id=24399, stack(0x8661f000,0x86670000)]
  0xb6284400 JavaThread "C1 CompilerThread1" daemon [_thread_blocked, id=24398, stack(0x86670000,0x866f1000)]
  0xb6282800 JavaThread "C2 CompilerThread0" daemon [_thread_blocked, id=24397, stack(0x866f1000,0x86772000)]
  0xb6281000 JavaThread "Signal Dispatcher" daemon [_thread_blocked, id=24396, stack(0x86772000,0x867c3000)]
  0xb6266000 JavaThread "Finalizer" daemon [_thread_blocked, id=24395, stack(0x8695e000,0x869af000)]
  0xb6264400 JavaThread "Reference Handler" daemon [_thread_blocked, id=24394, stack(0x869af000,0x86a00000)]
=>0xb6208c00 JavaThread "main" [_thread_in_vm, id=24392, stack(0xb6366000,0xb63b7000)]

Other Threads:
  0xb625ec00 VMThread [stack: 0x86b14000,0x86b95000] [id=24393]
  0xb6290400 WatcherThread [stack: 0x8659e000,0x8661f000] [id=24400]

VM state:not at safepoint (normal execution)

VM Mutex/Monitor currently owned by a thread: None

Heap:
 def new generation   total 3840K, used 2049K [0x87400000, 0x87820000, 0x91ca0000)
  eden space 3456K,  48% used [0x87400000, 0x875a0738, 0x87760000)
  from space 384K, 100% used [0x87760000, 0x877c0000, 0x877c0000)
  to   space 384K,   0% used [0x877c0000, 0x877c0000, 0x87820000)
 tenured generation   total 8336K, used 7106K [0x91ca0000, 0x924c4000, 0xa6e00000)
   the space 8336K,  85% used [0x91ca0000, 0x92390bb0, 0x92390c00, 0x924c4000)
 Metaspace       used 4581K, capacity 4612K, committed 4632K, reserved 5424K

Card table byte_map: [0x87302000,0x87400000] byte_map_base: 0x86ec8000

Polling page: 0xb76f5000

CodeCache: size=245760Kb used=1722Kb max_used=1733Kb free=244037Kb
 bounds [0xa71d3000, 0xa7413000, 0xb61d3000]
 total_blobs=631 nmethods=472 adapters=74
 compilation: enabled

Compilation events (10 events):
Event: 7.888 Thread 0xb6284400  468       3       com.sun.tools.javac.file.CacheFSInfo::getCanonicalFile (11 bytes)
Event: 7.888 Thread 0xb6284400 nmethod 468 0xa7374148 code [0xa7374260, 0xa737434c]
Event: 7.888 Thread 0xb6284400  469       3       java.lang.ref.ReferenceQueue::<init> (27 bytes)
Event: 7.900 Thread 0xb6282800  472       4       java.lang.Float::isNaN (12 bytes)
Event: 8.019 Thread 0xb6284400 nmethod 469 0xa73850c8 code [0xa7385200, 0xa7385460]
Event: 8.019 Thread 0xb6284400  471       3       java.lang.ref.ReferenceQueue$Lock::<init> (5 bytes)
Event: 8.019 Thread 0xb6284400 nmethod 471 0xa7384e08 code [0xa7384f20, 0xa7385040]
Event: 8.019 Thread 0xb6284400  470       3       java.lang.ref.ReferenceQueue$Lock::<init> (5 bytes)
Event: 8.019 Thread 0xb6284400 nmethod 470 0xa7384ac8 code [0xa7384be0, 0xa7384d40]
Event: 8.043 Thread 0xb6282800 nmethod 472 0xa7384908 code [0xa7384a00, 0xa7384a70]

GC Heap History (10 events):
Event: 6.191 GC heap before
{Heap before GC invocations=108 (full 0):
 def new generation   total 2432K, used 2193K [0x87400000, 0x876a0000, 0x91ca0000)
  eden space 2176K, 100% used [0x87400000, 0x87620000, 0x87620000)
  from space 256K,   7% used [0x87620000, 0x876247b0, 0x87660000)
  to   space 256K,   0% used [0x87660000, 0x87660000, 0x876a0000)
 tenured generation   total 5504K, used 4698K [0x91ca0000, 0x92200000, 0xa6e00000)
   the space 5504K,  85% used [0x91ca0000, 0x92136a70, 0x92136c00, 0x92200000)
 Metaspace       used 4553K, capacity 4612K, committed 4632K, reserved 5424K
Event: 6.192 GC heap after
Heap after GC invocations=109 (full 0):
 def new generation   total 2432K, used 256K [0x87400000, 0x876a0000, 0x91ca0000)
  eden space 2176K,   0% used [0x87400000, 0x87400000, 0x87620000)
  from space 256K, 100% used [0x87660000, 0x876a0000, 0x876a0000)
  to   space 256K,   0% used [0x87620000, 0x87620000, 0x87660000)
 tenured generation   total 5504K, used 4835K [0x91ca0000, 0x92200000, 0xa6e00000)
   the space 5504K,  87% used [0x91ca0000, 0x92158fe0, 0x92159000, 0x92200000)
 Metaspace       used 4553K, capacity 4612K, committed 4632K, reserved 5424K
}
Event: 6.564 GC heap before
{Heap before GC invocations=109 (full 0):
 def new generation   total 2432K, used 2428K [0x87400000, 0x876a0000, 0x91ca0000)
  eden space 2176K,  99% used [0x87400000, 0x8761f1a0, 0x87620000)
  from space 256K, 100% used [0x87660000, 0x876a0000, 0x876a0000)
  to   space 256K,   0% used [0x87620000, 0x87620000, 0x87660000)
 tenured generation   total 5504K, used 4835K [0x91ca0000, 0x92200000, 0xa6e00000)
   the space 5504K,  87% used [0x91ca0000, 0x92158fe0, 0x92159000, 0x92200000)
 Metaspace       used 4553K, capacity 4612K, committed 4632K, reserved 5424K
Event: 6.566 GC heap after
Heap after GC invocations=110 (full 0):
 def new generation   total 2432K, used 209K [0x87400000, 0x876a0000, 0x91ca0000)
  eden space 2176K,   0% used [0x87400000, 0x87400000, 0x87620000)
  from space 256K,  82% used [0x87620000, 0x876547f0, 0x87660000)
  to   space 256K,   0% used [0x87660000, 0x87660000, 0x876a0000)
 tenured generation   total 5504K, used 5317K [0x91ca0000, 0x92200000, 0xa6e00000)
   the space 5504K,  96% used [0x91ca0000, 0x921d1780, 0x921d1800, 0x92200000)
 Metaspace       used 4553K, capacity 4612K, committed 4632K, reserved 5424K
}
Event: 6.640 GC heap before
{Heap before GC invocations=110 (full 0):
 def new generation   total 2432K, used 2385K [0x87400000, 0x876a0000, 0x91ca0000)
  eden space 2176K, 100% used [0x87400000, 0x87620000, 0x87620000)
  from space 256K,  82% used [0x87620000, 0x876547f0, 0x87660000)
  to   space 256K,   0% used [0x87660000, 0x87660000, 0x876a0000)
 tenured generation   total 5504K, used 5317K [0x91ca0000, 0x92200000, 0xa6e00000)
   the space 5504K,  96% used [0x91ca0000, 0x921d1780, 0x921d1800, 0x92200000)
 Metaspace       used 4555K, capacity 4612K, committed 4632K, reserved 5424K
Event: 6.683 GC heap after
Heap after GC invocations=111 (full 1):
 def new generation   total 3840K, used 0K [0x87400000, 0x87820000, 0x91ca0000)
  eden space 3456K,   0% used [0x87400000, 0x87400000, 0x87760000)
  from space 384K,   0% used [0x87760000, 0x87760000, 0x877c0000)
  to   space 384K,   0% used [0x877c0000, 0x877c0000, 0x87820000)
 tenured generation   total 8336K, used 5000K [0x91ca0000, 0x924c4000, 0xa6e00000)
   the space 8336K,  59% used [0x91ca0000, 0x92182318, 0x92182400, 0x924c4000)
 Metaspace       used 4555K, capacity 4612K, committed 4632K, reserved 5424K
}
Event: 7.254 GC heap before
{Heap before GC invocations=111 (full 1):
 def new generation   total 3840K, used 3456K [0x87400000, 0x87820000, 0x91ca0000)
  eden space 3456K, 100% used [0x87400000, 0x87760000, 0x87760000)
  from space 384K,   0% used [0x87760000, 0x87760000, 0x877c0000)
  to   space 384K,   0% used [0x877c0000, 0x877c0000, 0x87820000)
 tenured generation   total 8336K, used 5000K [0x91ca0000, 0x924c4000, 0xa6e00000)
   the space 8336K,  59% used [0x91ca0000, 0x92182318, 0x92182400, 0x924c4000)
 Metaspace       used 4557K, capacity 4612K, committed 4632K, reserved 5424K
Event: 7.258 GC heap after
Heap after GC invocations=112 (full 1):
 def new generation   total 3840K, used 384K [0x87400000, 0x87820000, 0x91ca0000)
  eden space 3456K,   0% used [0x87400000, 0x87400000, 0x87760000)
  from space 384K, 100% used [0x877c0000, 0x87820000, 0x87820000)
  to   space 384K,   0% used [0x87760000, 0x87760000, 0x877c0000)
 tenured generation   total 8336K, used 6287K [0x91ca0000, 0x924c4000, 0xa6e00000)
   the space 8336K,  75% used [0x91ca0000, 0x922c3f48, 0x922c4000, 0x924c4000)
 Metaspace       used 4557K, capacity 4612K, committed 4632K, reserved 5424K
}
Event: 7.870 GC heap before
{Heap before GC invocations=112 (full 1):
 def new generation   total 3840K, used 3836K [0x87400000, 0x87820000, 0x91ca0000)
  eden space 3456K,  99% used [0x87400000, 0x8775f190, 0x87760000)
  from space 384K, 100% used [0x877c0000, 0x87820000, 0x87820000)
  to   space 384K,   0% used [0x87760000, 0x87760000, 0x877c0000)
 tenured generation   total 8336K, used 6287K [0x91ca0000, 0x924c4000, 0xa6e00000)
   the space 8336K,  75% used [0x91ca0000, 0x922c3f48, 0x922c4000, 0x924c4000)
 Metaspace       used 4559K, capacity 4612K, committed 4632K, reserved 5424K
Event: 7.874 GC heap after
Heap after GC invocations=113 (full 1):
 def new generation   total 3840K, used 384K [0x87400000, 0x87820000, 0x91ca0000)
  eden space 3456K,   0% used [0x87400000, 0x87400000, 0x87760000)
  from space 384K, 100% used [0x87760000, 0x877c0000, 0x877c0000)
  to   space 384K,   0% used [0x877c0000, 0x877c0000, 0x87820000)
 tenured generation   total 8336K, used 7106K [0x91ca0000, 0x924c4000, 0xa6e00000)
   the space 8336K,  85% used [0x91ca0000, 0x92390bb0, 0x92390c00, 0x924c4000)
 Metaspace       used 4559K, capacity 4612K, committed 4632K, reserved 5424K
}

Deoptimization events (3 events):
Event: 2.218 Thread 0xb6208c00 Uncommon trap: reason=null_check action=make_not_entrant pc=0xa72dd9c8 method=java.lang.String.equals(Ljava/lang/Object;)Z @ 8
Event: 2.369 Thread 0xb6208c00 Uncommon trap: reason=unstable_if action=reinterpret pc=0xa72e9ad4 method=java.util.zip.ZipCoder.encoder()Ljava/nio/charset/CharsetEncoder; @ 4
Event: 2.379 Thread 0xb6208c00 Uncommon trap: reason=unstable_if action=reinterpret pc=0xa72fbf5c method=java.util.zip.ZipCoder.encoder()Ljava/nio/charset/CharsetEncoder; @ 4

Classes redefined (0 events):
No events

Internal exceptions (10 events):
Event: 0.945 Thread 0xb6208c00 Exception <a 'java/security/PrivilegedActionException'> (0x8744db10) thrown at [/build/openjdk-8-FRGKAs/openjdk-8-8u181-b13/src/hotspot/src/share/vm/prims/jvm.cpp, line 1435]
Event: 1.516 Thread 0xb6208c00 Exception <a 'java/security/PrivilegedActionException'> (0x87595dc0) thrown at [/build/openjdk-8-FRGKAs/openjdk-8-8u181-b13/src/hotspot/src/share/vm/prims/jvm.cpp, line 1435]
Event: 1.517 Thread 0xb6208c00 Exception <a 'java/security/PrivilegedActionException'> (0x875961a0) thrown at [/build/openjdk-8-FRGKAs/openjdk-8-8u181-b13/src/hotspot/src/share/vm/prims/jvm.cpp, line 1435]
Event: 1.517 Thread 0xb6208c00 Exception <a 'java/security/PrivilegedActionException'> (0x875981c0) thrown at [/build/openjdk-8-FRGKAs/openjdk-8-8u181-b13/src/hotspot/src/share/vm/prims/jvm.cpp, line 1435]
Event: 1.517 Thread 0xb6208c00 Exception <a 'java/security/PrivilegedActionException'> (0x875985a0) thrown at [/build/openjdk-8-FRGKAs/openjdk-8-8u181-b13/src/hotspot/src/share/vm/prims/jvm.cpp, line 1435]
Event: 1.517 Thread 0xb6208c00 Exception <a 'java/security/PrivilegedActionException'> (0x875991b8) thrown at [/build/openjdk-8-FRGKAs/openjdk-8-8u181-b13/src/hotspot/src/share/vm/prims/jvm.cpp, line 1435]
Event: 1.517 Thread 0xb6208c00 Exception <a 'java/security/PrivilegedActionException'> (0x875995e8) thrown at [/build/openjdk-8-FRGKAs/openjdk-8-8u181-b13/src/hotspot/src/share/vm/prims/jvm.cpp, line 1435]
Event: 1.555 Thread 0xb6208c00 Exception <a 'java/security/PrivilegedActionException'> (0x875d0950) thrown at [/build/openjdk-8-FRGKAs/openjdk-8-8u181-b13/src/hotspot/src/share/vm/prims/jvm.cpp, line 1435]
Event: 1.555 Thread 0xb6208c00 Exception <a 'java/security/PrivilegedActionException'> (0x875d0d30) thrown at [/build/openjdk-8-FRGKAs/openjdk-8-8u181-b13/src/hotspot/src/share/vm/prims/jvm.cpp, line 1435]
Event: 2.218 Thread 0xb6208c00 Implicit null exception at 0xa72dd80b to 0xa72dd9b9

Events (10 events):
Event: 7.258 Executing VM operation: RevokeBias done
Event: 7.258 Executing VM operation: RevokeBias
Event: 7.258 Executing VM operation: RevokeBias done
Event: 7.258 Executing VM operation: RevokeBias
Event: 7.258 Executing VM operation: RevokeBias done
Event: 7.258 Executing VM operation: BulkRevokeBias
Event: 7.259 Executing VM operation: BulkRevokeBias done
Event: 7.870 Executing VM operation: GenCollectForAllocation
Event: 7.874 Executing VM operation: GenCollectForAllocation done
Event: 8.113 loading class java/net/URI


Dynamic libraries:
0045a000-0045b000 r-xp 00000000 08:01 559883     /usr/lib/jvm/java-8-openjdk-i386/bin/javac
0045b000-0045c000 r--p 00000000 08:01 559883     /usr/lib/jvm/java-8-openjdk-i386/bin/javac
0045c000-0045d000 rw-p 00001000 08:01 559883     /usr/lib/jvm/java-8-openjdk-i386/bin/javac
00887000-00d68000 rw-p 00000000 00:00 0          [heap]
86000000-8605f000 rw-p 00000000 00:00 0 
8605f000-86100000 ---p 00000000 00:00 0 
86100000-86137000 rw-p 00000000 00:00 0 
86137000-86200000 ---p 00000000 00:00 0 
86200000-86240000 rw-p 00000000 00:00 0 
86260000-86300000 ---p 00000000 00:00 0 
86300000-86400000 rw-p 00000000 00:00 0 
864ee000-86568000 r--s 010ff000 08:01 559922     /usr/lib/jvm/java-8-openjdk-i386/lib/tools.jar
86568000-86583000 r--s 00394000 08:01 532308     /usr/lib/jvm/java-8-openjdk-i386/jre/lib/ext/cldrdata.jar
86583000-8659e000 r--s 001d6000 08:01 532318     /usr/lib/jvm/java-8-openjdk-i386/jre/lib/ext/nashorn.jar
8659e000-8659f000 ---p 00000000 00:00 0 
8659f000-8661f000 rw-p 00000000 00:00 0 
8661f000-86622000 ---p 00000000 00:00 0 
86622000-86670000 rw-p 00000000 00:00 0 
86670000-86673000 ---p 00000000 00:00 0 
86673000-866f1000 rw-p 00000000 00:00 0 
866f1000-866f4000 ---p 00000000 00:00 0 
866f4000-86772000 rw-p 00000000 00:00 0 
86772000-86775000 ---p 00000000 00:00 0 
86775000-867c3000 rw-p 00000000 00:00 0 
867c3000-8695e000 r--p 00000000 08:01 524289     /usr/lib/locale/locale-archive
8695e000-86961000 ---p 00000000 00:00 0 
86961000-869af000 rw-p 00000000 00:00 0 
869af000-869b2000 ---p 00000000 00:00 0 
869b2000-86a00000 rw-p 00000000 00:00 0 
86a00000-86b00000 rw-p 00000000 00:00 0 
86b0b000-86b11000 r--s 0003b000 08:01 532322     /usr/lib/jvm/java-8-openjdk-i386/jre/lib/ext/sunjce_provider.jar
86b11000-86b14000 r--s 00038000 08:01 532324     /usr/lib/jvm/java-8-openjdk-i386/jre/lib/ext/sunpkcs11.jar
86b14000-86b15000 ---p 00000000 00:00 0 
86b15000-86be3000 rw-p 00000000 00:00 0 
86be3000-86db2000 r--s 03c33000 08:01 532432     /usr/lib/jvm/java-8-openjdk-i386/jre/lib/rt.jar
86db2000-86e0d000 rw-p 00000000 00:00 0 
86e0d000-87253000 rw-p 00000000 00:00 0 
87253000-87259000 ---p 00000000 00:00 0 
87259000-8725e000 rw-p 00000000 00:00 0 
8725e000-87302000 ---p 00000000 00:00 0 
87302000-87305000 rw-p 00000000 00:00 0 
87305000-87356000 ---p 00000000 00:00 0 
87356000-8735b000 rw-p 00000000 00:00 0 
8735b000-873ff000 ---p 00000000 00:00 0 
873ff000-87820000 rw-p 00000000 00:00 0 
87820000-91ca0000 ---p 00000000 00:00 0 
91ca0000-924c4000 rw-p 00000000 00:00 0 
924c4000-a6e00000 ---p 00000000 00:00 0 
a6e00000-a6e0a000 r--s 00116000 08:01 532316     /usr/lib/jvm/java-8-openjdk-i386/jre/lib/ext/localedata.jar
a6e0a000-a6e0c000 r--s 00001000 08:01 532310     /usr/lib/jvm/java-8-openjdk-i386/jre/lib/ext/dnsns.jar
a6e0c000-a6e0e000 r--s 00007000 08:01 9546       /usr/share/java/java-atk-wrapper.jar
a6e0e000-a6e10000 r--s 00008000 08:01 532320     /usr/lib/jvm/java-8-openjdk-i386/jre/lib/ext/sunec.jar
a6e10000-a6e13000 r--s 0000f000 08:01 532312     /usr/lib/jvm/java-8-openjdk-i386/jre/lib/ext/icedtea-sound.jar
a6e13000-a6e1c000 rw-p 00000000 00:00 0 
a6e1c000-a71d3000 ---p 00000000 00:00 0 
a71d3000-a7413000 rwxp 00000000 00:00 0 
a7413000-b61d3000 ---p 00000000 00:00 0 
b61d3000-b61de000 r-xp 00000000 08:01 131092     /lib/i386-linux-gnu/libnss_files-2.24.so
b61de000-b61df000 r--p 0000a000 08:01 131092     /lib/i386-linux-gnu/libnss_files-2.24.so
b61df000-b61e0000 rw-p 0000b000 08:01 131092     /lib/i386-linux-gnu/libnss_files-2.24.so
b61e0000-b61e6000 rw-p 00000000 00:00 0 
b61e6000-b61fc000 r-xp 00000000 08:01 131089     /lib/i386-linux-gnu/libnsl-2.24.so
b61fc000-b61fd000 r--p 00016000 08:01 131089     /lib/i386-linux-gnu/libnsl-2.24.so
b61fd000-b61fe000 rw-p 00017000 08:01 131089     /lib/i386-linux-gnu/libnsl-2.24.so
b61fe000-b6200000 rw-p 00000000 00:00 0 
b6200000-b62ff000 rw-p 00000000 00:00 0 
b62ff000-b6300000 ---p 00000000 00:00 0 
b6300000-b6301000 r--s 0000a000 08:01 532314     /usr/lib/jvm/java-8-openjdk-i386/jre/lib/ext/jaccess.jar
b6301000-b630c000 r-xp 00000000 08:01 131094     /lib/i386-linux-gnu/libnss_nis-2.24.so
b630c000-b630d000 r--p 0000a000 08:01 131094     /lib/i386-linux-gnu/libnss_nis-2.24.so
b630d000-b630e000 rw-p 0000b000 08:01 131094     /lib/i386-linux-gnu/libnss_nis-2.24.so
b630e000-b6316000 r-xp 00000000 08:01 131090     /lib/i386-linux-gnu/libnss_compat-2.24.so
b6316000-b6317000 r--p 00007000 08:01 131090     /lib/i386-linux-gnu/libnss_compat-2.24.so
b6317000-b6318000 rw-p 00008000 08:01 131090     /lib/i386-linux-gnu/libnss_compat-2.24.so
b6318000-b6319000 r--s 00010000 08:01 532326     /usr/lib/jvm/java-8-openjdk-i386/jre/lib/ext/zipfs.jar
b6319000-b6321000 r-xp 00000000 08:01 532396     /usr/lib/jvm/java-8-openjdk-i386/jre/lib/i386/libzip.so
b6321000-b6322000 r--p 00007000 08:01 532396     /usr/lib/jvm/java-8-openjdk-i386/jre/lib/i386/libzip.so
b6322000-b6323000 rw-p 00008000 08:01 532396     /usr/lib/jvm/java-8-openjdk-i386/jre/lib/i386/libzip.so
b6323000-b634b000 r-xp 00000000 08:01 532358     /usr/lib/jvm/java-8-openjdk-i386/jre/lib/i386/libjava.so
b634b000-b634c000 r--p 00027000 08:01 532358     /usr/lib/jvm/java-8-openjdk-i386/jre/lib/i386/libjava.so
b634c000-b634d000 rw-p 00028000 08:01 532358     /usr/lib/jvm/java-8-openjdk-i386/jre/lib/i386/libjava.so
b634d000-b635b000 r-xp 00000000 08:01 532394     /usr/lib/jvm/java-8-openjdk-i386/jre/lib/i386/libverify.so
b635b000-b635c000 r--p 0000d000 08:01 532394     /usr/lib/jvm/java-8-openjdk-i386/jre/lib/i386/libverify.so
b635c000-b635d000 rw-p 0000e000 08:01 532394     /usr/lib/jvm/java-8-openjdk-i386/jre/lib/i386/libverify.so
b635d000-b6364000 r-xp 00000000 08:01 131099     /lib/i386-linux-gnu/librt-2.24.so
b6364000-b6365000 r--p 00006000 08:01 131099     /lib/i386-linux-gnu/librt-2.24.so
b6365000-b6366000 rw-p 00007000 08:01 131099     /lib/i386-linux-gnu/librt-2.24.so
b6366000-b6369000 ---p 00000000 00:00 0 
b6369000-b63b7000 rw-p 00000000 00:00 0 
b63b7000-b63d3000 r-xp 00000000 08:01 131079     /lib/i386-linux-gnu/libgcc_s.so.1
b63d3000-b63d4000 r--p 0001b000 08:01 131079     /lib/i386-linux-gnu/libgcc_s.so.1
b63d4000-b63d5000 rw-p 0001c000 08:01 131079     /lib/i386-linux-gnu/libgcc_s.so.1
b63d5000-b6428000 r-xp 00000000 08:01 131087     /lib/i386-linux-gnu/libm-2.24.so
b6428000-b6429000 r--p 00052000 08:01 131087     /lib/i386-linux-gnu/libm-2.24.so
b6429000-b642a000 rw-p 00053000 08:01 131087     /lib/i386-linux-gnu/libm-2.24.so
b642a000-b659a000 r-xp 00000000 08:01 529707     /usr/lib/i386-linux-gnu/libstdc++.so.6.0.22
b659a000-b65a0000 r--p 0016f000 08:01 529707     /usr/lib/i386-linux-gnu/libstdc++.so.6.0.22
b65a0000-b65a1000 rw-p 00175000 08:01 529707     /usr/lib/i386-linux-gnu/libstdc++.so.6.0.22
b65a1000-b65a4000 rw-p 00000000 00:00 0 
b65a4000-b7064000 r-xp 00000000 08:01 532400     /usr/lib/jvm/java-8-openjdk-i386/jre/lib/i386/server/libjvm.so
b7064000-b70b0000 r--p 00abf000 08:01 532400     /usr/lib/jvm/java-8-openjdk-i386/jre/lib/i386/server/libjvm.so
b70b0000-b70c7000 rw-p 00b0b000 08:01 532400     /usr/lib/jvm/java-8-openjdk-i386/jre/lib/i386/server/libjvm.so
b70c7000-b74e6000 rw-p 00000000 00:00 0 
b74e6000-b74e8000 rw-p 00000000 00:00 0 
b74e8000-b7699000 r-xp 00000000 08:01 131083     /lib/i386-linux-gnu/libc-2.24.so
b7699000-b769b000 r--p 001b0000 08:01 131083     /lib/i386-linux-gnu/libc-2.24.so
b769b000-b769c000 rw-p 001b2000 08:01 131083     /lib/i386-linux-gnu/libc-2.24.so
b769c000-b769f000 rw-p 00000000 00:00 0 
b769f000-b76a2000 r-xp 00000000 08:01 131086     /lib/i386-linux-gnu/libdl-2.24.so
b76a2000-b76a3000 r--p 00002000 08:01 131086     /lib/i386-linux-gnu/libdl-2.24.so
b76a3000-b76a4000 rw-p 00003000 08:01 131086     /lib/i386-linux-gnu/libdl-2.24.so
b76a4000-b76b1000 r-xp 00000000 08:01 532330     /usr/lib/jvm/java-8-openjdk-i386/jre/lib/i386/jli/libjli.so
b76b1000-b76b2000 r--p 0000c000 08:01 532330     /usr/lib/jvm/java-8-openjdk-i386/jre/lib/i386/jli/libjli.so
b76b2000-b76b3000 rw-p 0000d000 08:01 532330     /usr/lib/jvm/java-8-openjdk-i386/jre/lib/i386/jli/libjli.so
b76b3000-b76cc000 r-xp 00000000 08:01 131186     /lib/i386-linux-gnu/libz.so.1.2.8
b76cc000-b76cd000 r--p 00018000 08:01 131186     /lib/i386-linux-gnu/libz.so.1.2.8
b76cd000-b76ce000 rw-p 00019000 08:01 131186     /lib/i386-linux-gnu/libz.so.1.2.8
b76ce000-b76e7000 r-xp 00000000 08:01 131097     /lib/i386-linux-gnu/libpthread-2.24.so
b76e7000-b76e8000 r--p 00018000 08:01 131097     /lib/i386-linux-gnu/libpthread-2.24.so
b76e8000-b76e9000 rw-p 00019000 08:01 131097     /lib/i386-linux-gnu/libpthread-2.24.so
b76e9000-b76eb000 rw-p 00000000 00:00 0 
b76eb000-b76ec000 r--p 0019a000 08:01 524289     /usr/lib/locale/locale-archive
b76ec000-b76f4000 rw-s 00000000 08:01 12624      /tmp/hsperfdata_kristhian/24389
b76f4000-b76f5000 rw-p 00000000 00:00 0 
b76f5000-b76f6000 r--p 00000000 00:00 0 
b76f6000-b76f9000 rw-p 00000000 00:00 0 
b76f9000-b76fb000 r--p 00000000 00:00 0          [vvar]
b76fb000-b76fd000 r-xp 00000000 00:00 0          [vdso]
b76fd000-b7720000 r-xp 00000000 08:01 131078     /lib/i386-linux-gnu/ld-2.24.so
b7720000-b7721000 r--p 00022000 08:01 131078     /lib/i386-linux-gnu/ld-2.24.so
b7721000-b7722000 rw-p 00023000 08:01 131078     /lib/i386-linux-gnu/ld-2.24.so
bfb2d000-bfb4e000 rw-p 00000000 00:00 0          [stack]

VM Arguments:
jvm_args: -Dapplication.home=/usr/lib/jvm/java-8-openjdk-i386 -Xms8m 
java_command: com.sun.tools.javac.Main -d /home/kristhian/Desktop/PD_TP_ESPECIAL/viagens_cliente-rca/build/classes -classpath /home/kristhian/Desktop/PD_TP_ESPECIAL/viagens_cliente-rca/build/classes:/opt/payara5/glassfish/lib/appserv-rt.jar:/opt/payara5/glassfish/lib/gf-client.jar:/opt/payara5/glassfish/lib/javaee.jar:/opt/payara5/glassfish/lib/jndi-properties.jar:/home/kristhian/Desktop/PD_TP_ESPECIAL/viagens-lib/dist/viagens-lib.jar:/home/kristhian/netbeans-8.2/enterprise/modules/ext/javaee-api-6.0.jar -sourcepath /home/kristhian/Desktop/PD_TP_ESPECIAL/viagens_cliente-rca/build/empty -target 1.8 -encoding UTF-8 -g -processorpath /opt/payara5/glassfish/lib/appserv-rt.jar:/opt/payara5/glassfish/lib/gf-client.jar:/opt/payara5/glassfish/lib/javaee.jar:/opt/payara5/glassfish/lib/jndi-properties.jar:/home/kristhian/Desktop/PD_TP_ESPECIAL/viagens-lib/dist/viagens-lib.jar:/home/kristhian/netbeans-8.2/enterprise/modules/ext/javaee-api-6.0.jar:/home/kristhian/Desktop/PD_TP_ESPECIAL/viagens_cliente-rca/build/empty -s /home/kristhian/Desktop/PD_TP_ESPECIAL/viagens_cliente-rca/build/generated-sources/ap-source-output -source 1.8 /home/kristhian/Desktop/PD_TP_ESPECIAL/viagens_cliente-rca/src/viagens_cliente/menu/Cliente.java /home/kristhian/Desktop/PD_TP_ESPECIAL/viagens_cliente-rca/src/viagens_cliente/menu/Menu.java /home/kristhian/Desktop/PD_TP_ESPECIAL/viagens_cliente-rca/src/viagens_cliente/menu/Operador.java /home/kristhian/Desktop/PD_TP_ESPECIAL/viagens_cliente-rca/src/viagens_cliente/menu/Visitante.java /home/kristhian/Desktop/PD_TP_ESPECIAL/viagens_cliente-rca/src/viagens_cliente/rca/Viagens_clienteRca.java
java_class_path (initial): /usr/lib/jvm/java-8-openjdk-i386/lib/tools.jar:/usr/lib/jvm/java-8-openjdk-i386/classes
Launcher Type: SUN_STANDARD

Environment Variables:
PATH=/usr/local/bin:/usr/bin:/bin:/usr/local/games:/usr/games
LD_LIBRARY_PATH=/usr/lib/jvm/java-8-openjdk-i386/jre/lib/amd64:/usr/lib/jvm/java-8-openjdk-i386/jre/lib/i386:
SHELL=/bin/bash
DISPLAY=:0.0

Signal Handlers:
SIGSEGV: [libjvm.so+0x8c88c0], sa_mask[0]=11111111011111111101111111111110, sa_flags=SA_RESTART|SA_SIGINFO
SIGBUS: [libjvm.so+0x8c88c0], sa_mask[0]=11111111011111111101111111111110, sa_flags=SA_RESTART|SA_SIGINFO
SIGFPE: [libjvm.so+0x726380], sa_mask[0]=11111111011111111101111111111110, sa_flags=SA_RESTART|SA_SIGINFO
SIGPIPE: [libjvm.so+0x726380], sa_mask[0]=11111111011111111101111111111110, sa_flags=SA_RESTART|SA_SIGINFO
SIGXFSZ: [libjvm.so+0x726380], sa_mask[0]=11111111011111111101111111111110, sa_flags=SA_RESTART|SA_SIGINFO
SIGILL: [libjvm.so+0x726380], sa_mask[0]=11111111011111111101111111111110, sa_flags=SA_RESTART|SA_SIGINFO
SIGUSR1: SIG_DFL, sa_mask[0]=00000000000000000000000000000000, sa_flags=none
SIGUSR2: [libjvm.so+0x7261c0], sa_mask[0]=00100000000000000000000000000000, sa_flags=SA_RESTART|SA_SIGINFO
SIGHUP: [libjvm.so+0x726810], sa_mask[0]=11111111011111111101111111111110, sa_flags=SA_RESTART|SA_SIGINFO
SIGINT: SIG_IGN, sa_mask[0]=00000000000000000000000000000000, sa_flags=none
SIGTERM: [libjvm.so+0x726810], sa_mask[0]=11111111011111111101111111111110, sa_flags=SA_RESTART|SA_SIGINFO
SIGQUIT: [libjvm.so+0x726810], sa_mask[0]=11111111011111111101111111111110, sa_flags=SA_RESTART|SA_SIGINFO


---------------  S Y S T E M  ---------------

OS:PRETTY_NAME="Debian GNU/Linux 9 (stretch)"
NAME="Debian GNU/Linux"
VERSION_ID="9"
VERSION="9 (stretch)"
ID=debian
HOME_URL="https://www.debian.org/"
SUPPORT_URL="https://www.debian.org/support"
BUG_REPORT_URL="https://bugs.debian.org/"

uname:Linux 4.9.0-8-686-pae #1 SMP Debian 4.9.130-2 (2018-10-27) i686
libc:glibc 2.24 NPTL 2.24 
rlimit: STACK 8192k, CORE 0k, NPROC 16018, NOFILE 1048576, AS infinity
load average:0.87 0.64 0.40

/proc/meminfo:
MemTotal:        2068340 kB
MemFree:          116628 kB
MemAvailable:          0 kB
Buffers:            2268 kB
Cached:           108972 kB
SwapCached:            0 kB
Active:          1811964 kB
Inactive:          97520 kB
Active(anon):    1798596 kB
Inactive(anon):    90896 kB
Active(file):      13368 kB
Inactive(file):     6624 kB
Unevictable:          96 kB
Mlocked:              96 kB
HighTotal:       1185736 kB
HighFree:          16068 kB
LowTotal:         882604 kB
LowFree:          100560 kB
SwapTotal:             0 kB
SwapFree:              0 kB
Dirty:               772 kB
Writeback:             0 kB
AnonPages:       1798388 kB
Mapped:           104120 kB
Shmem:             91200 kB
Slab:              19904 kB
SReclaimable:       9592 kB
SUnreclaim:        10312 kB
KernelStack:        2664 kB
PageTables:         9864 kB
NFS_Unstable:          0 kB
Bounce:                0 kB
WritebackTmp:          0 kB
CommitLimit:     1034168 kB
Committed_AS:    3469168 kB
VmallocTotal:     122880 kB
VmallocUsed:           0 kB
VmallocChunk:          0 kB
HardwareCorrupted:     0 kB
AnonHugePages:         0 kB
ShmemHugePages:        0 kB
ShmemPmdMapped:        0 kB
HugePages_Total:       0
HugePages_Free:        0
HugePages_Rsvd:        0
HugePages_Surp:        0
Hugepagesize:       2048 kB
DirectMap4k:       34808 kB
DirectMap2M:      876544 kB


CPU:total 1 (initial active 1) (1 cores per cpu, 1 threads per core) family 6 model 94 stepping 3, cmov, cx8, fxsr, mmx, sse, sse2, sse3, ssse3, sse4.1, sse4.2, popcnt, avx, avx2, aes, clmul, 3dnowpref, lzcnt, tsc, tscinvbit

/proc/cpuinfo:
processor	: 0
vendor_id	: GenuineIntel
cpu family	: 6
model		: 94
model name	: Intel(R) Core(TM) i7-6700HQ CPU @ 2.60GHz
stepping	: 3
cpu MHz		: 2592.002
cache size	: 6144 KB
physical id	: 0
siblings	: 1
core id		: 0
cpu cores	: 1
apicid		: 0
initial apicid	: 0
fdiv_bug	: no
f00f_bug	: no
coma_bug	: no
fpu		: yes
fpu_exception	: yes
cpuid level	: 22
wp		: yes
flags		: fpu vme de pse tsc msr pae mce cx8 apic sep mtrr pge mca cmov pat pse36 clflush mmx fxsr sse sse2 nx rdtscp constant_tsc xtopology nonstop_tsc pni pclmulqdq monitor ssse3 cx16 sse4_1 sse4_2 x2apic movbe popcnt aes xsave avx rdrand hypervisor lahf_lm abm 3dnowprefetch fsgsbase avx2 invpcid rdseed clflushopt flush_l1d
bugs		: cpu_meltdown spectre_v1 spectre_v2 spec_store_bypass l1tf
bogomips	: 5184.00
clflush size	: 64
cache_alignment	: 64
address sizes	: 39 bits physical, 48 bits virtual
power management:



Memory: 4k page, physical 2068340k(116628k free), swap 0k(0k free)

vm_info: OpenJDK Server VM (25.181-b13) for linux-x86 JRE (1.8.0_181-8u181-b13-2~deb9u1-b13), built on Oct 22 2018 18:05:23 by "buildd" with gcc 6.3.0 20170516

time: Mon Sep  9 22:11:25 2019
elapsed time: 8 seconds (0d 0h 0m 8s)

