#
# There is insufficient memory for the Java Runtime Environment to continue.
# Native memory allocation (mmap) failed to map 131072 bytes for committing reserved memory.
# Possible reasons:
#   The system is out of physical RAM or swap space
#   In 32 bit mode, the process size limit was hit
# Possible solutions:
#   Reduce memory load on the system
#   Increase physical memory or swap space
#   Check if swap backing store is full
#   Use 64 bit Java on a 64 bit OS
#   Decrease Java heap size (-Xmx/-Xms)
#   Decrease number of Java threads
#   Decrease Java thread stack sizes (-Xss)
#   Set larger code cache with -XX:ReservedCodeCacheSize=
# This output file may be truncated or incomplete.
#
#  Out of Memory Error (os_linux.cpp:2643), pid=15371, tid=0xb63d0b40
#
# JRE version: OpenJDK Runtime Environment (8.0_181-b13) (build 1.8.0_181-8u181-b13-2~deb9u1-b13)
# Java VM: OpenJDK Server VM (25.181-b13 mixed mode linux-x86 )
# Failed to write core dump. Core dumps have been disabled. To enable core dumping, try "ulimit -c unlimited" before starting Java again
#

---------------  T H R E A D  ---------------

Current thread (0xb6208400):  JavaThread "main" [_thread_in_vm, id=15375, stack(0xb6380000,0xb63d1000)]

Stack: [0xb6380000,0xb63d1000],  sp=0xb63cea20,  free space=314k
Native frames: (J=compiled Java code, j=interpreted, Vv=VM code, C=native code)
V  [libjvm.so+0x8c7df3]
V  [libjvm.so+0x3750f6]
V  [libjvm.so+0x72b0a0]
V  [libjvm.so+0x724fb3]
V  [libjvm.so+0x8c495c]
V  [libjvm.so+0x6b0398]
V  [libjvm.so+0x6b05d1]
V  [libjvm.so+0x6b2285]
V  [libjvm.so+0x2e8832]
V  [libjvm.so+0x6b305b]
V  [libjvm.so+0x3723cb]
V  [libjvm.so+0x2dd51f]
V  [libjvm.so+0x2dea6a]
V  [libjvm.so+0x83da0d]
V  [libjvm.so+0x53869a]
V  [libjvm.so+0x539a6b]  JVM_DefineClassWithSource+0x6b
C  [libjava.so+0xb26b]  Java_java_lang_ClassLoader_defineClass1+0x17b
j  java.lang.ClassLoader.defineClass1(Ljava/lang/String;[BIILjava/security/ProtectionDomain;Ljava/lang/String;)Ljava/lang/Class;+0
j  java.lang.ClassLoader.defineClass(Ljava/lang/String;[BIILjava/security/ProtectionDomain;)Ljava/lang/Class;+27
j  java.security.SecureClassLoader.defineClass(Ljava/lang/String;[BIILjava/security/CodeSource;)Ljava/lang/Class;+12
j  java.net.URLClassLoader.defineClass(Ljava/lang/String;Lsun/misc/Resource;)Ljava/lang/Class;+138
j  java.net.URLClassLoader.access$100(Ljava/net/URLClassLoader;Ljava/lang/String;Lsun/misc/Resource;)Ljava/lang/Class;+3
j  java.net.URLClassLoader$1.run()Ljava/lang/Class;+43
j  java.net.URLClassLoader$1.run()Ljava/lang/Object;+1
v  ~StubRoutines::call_stub
V  [libjvm.so+0x4fd07d]
V  [libjvm.so+0x4fc18a]
V  [libjvm.so+0x545a8d]  JVM_DoPrivileged+0x45d
C  [libjava.so+0x9da5]  Java_java_security_AccessController_doPrivileged__Ljava_security_PrivilegedExceptionAction_2Ljava_security_AccessControlContext_2+0x25
j  java.security.AccessController.doPrivileged(Ljava/security/PrivilegedExceptionAction;Ljava/security/AccessControlContext;)Ljava/lang/Object;+0
j  java.net.URLClassLoader.findClass(Ljava/lang/String;)Ljava/lang/Class;+13
j  java.lang.ClassLoader.loadClass(Ljava/lang/String;Z)Ljava/lang/Class;+70
j  sun.misc.Launcher$AppClassLoader.loadClass(Ljava/lang/String;Z)Ljava/lang/Class;+81
j  java.lang.ClassLoader.loadClass(Ljava/lang/String;)Ljava/lang/Class;+3
j  sun.launcher.LauncherHelper.checkAndLoadMain(ZILjava/lang/String;)Ljava/lang/Class;+93
v  ~StubRoutines::call_stub
V  [libjvm.so+0x4fd07d]
V  [libjvm.so+0x4fc18a]
V  [libjvm.so+0x51b4a7]
V  [libjvm.so+0x51c470]
C  [libjli.so+0x2b08]
C  [libpthread.so.0+0x627a]  start_thread+0xda
C  [libc.so.6+0xe7ae6]  clone+0x66

Java frames: (J=compiled Java code, j=interpreted, Vv=VM code)
j  java.lang.ClassLoader.defineClass1(Ljava/lang/String;[BIILjava/security/ProtectionDomain;Ljava/lang/String;)Ljava/lang/Class;+0
j  java.lang.ClassLoader.defineClass(Ljava/lang/String;[BIILjava/security/ProtectionDomain;)Ljava/lang/Class;+27
j  java.security.SecureClassLoader.defineClass(Ljava/lang/String;[BIILjava/security/CodeSource;)Ljava/lang/Class;+12
j  java.net.URLClassLoader.defineClass(Ljava/lang/String;Lsun/misc/Resource;)Ljava/lang/Class;+138
j  java.net.URLClassLoader.access$100(Ljava/net/URLClassLoader;Ljava/lang/String;Lsun/misc/Resource;)Ljava/lang/Class;+3
j  java.net.URLClassLoader$1.run()Ljava/lang/Class;+43
j  java.net.URLClassLoader$1.run()Ljava/lang/Object;+1
v  ~StubRoutines::call_stub
j  java.security.AccessController.doPrivileged(Ljava/security/PrivilegedExceptionAction;Ljava/security/AccessControlContext;)Ljava/lang/Object;+0
j  java.net.URLClassLoader.findClass(Ljava/lang/String;)Ljava/lang/Class;+13
j  java.lang.ClassLoader.loadClass(Ljava/lang/String;Z)Ljava/lang/Class;+70
j  sun.misc.Launcher$AppClassLoader.loadClass(Ljava/lang/String;Z)Ljava/lang/Class;+81
j  java.lang.ClassLoader.loadClass(Ljava/lang/String;)Ljava/lang/Class;+3
j  sun.launcher.LauncherHelper.checkAndLoadMain(ZILjava/lang/String;)Ljava/lang/Class;+93
v  ~StubRoutines::call_stub

---------------  P R O C E S S  ---------------

Java Threads: ( => current thread )
  0xb6285c00 JavaThread "Service Thread" daemon [_thread_blocked, id=15382, stack(0x8661f000,0x86670000)]
  0xb6283800 JavaThread "C1 CompilerThread1" daemon [_thread_blocked, id=15381, stack(0x86670000,0x866f1000)]
  0xb6282000 JavaThread "C2 CompilerThread0" daemon [_thread_blocked, id=15380, stack(0x866f1000,0x86772000)]
  0xb6280800 JavaThread "Signal Dispatcher" daemon [_thread_blocked, id=15379, stack(0x86772000,0x867c3000)]
  0xb6265800 JavaThread "Finalizer" daemon [_thread_blocked, id=15378, stack(0x8695e000,0x869af000)]
  0xb6263800 JavaThread "Reference Handler" daemon [_thread_blocked, id=15377, stack(0x869af000,0x86a00000)]
=>0xb6208400 JavaThread "main" [_thread_in_vm, id=15375, stack(0xb6380000,0xb63d1000)]

Other Threads:
  0xb625e000 VMThread [stack: 0x86b14000,0x86b95000] [id=15376]
  0xb6287800 WatcherThread [stack: 0x8659e000,0x8661f000] [id=15383]

VM state:synchronizing (normal execution)

VM Mutex/Monitor currently owned by a thread:  ([mutex/lock_event])
[0xb6205950] Threads_lock - owner thread: 0xb625e000

Heap:
 def new generation   total 9792K, used 6023K [0x87400000, 0x87ea0000, 0x91ca0000)
  eden space 8704K,  60% used [0x87400000, 0x8791d5b8, 0x87c80000)
  from space 1088K,  72% used [0x87d90000, 0x87e547b8, 0x87ea0000)
  to   space 1088K,   0% used [0x87c80000, 0x87c80000, 0x87d90000)
 tenured generation   total 21888K, used 2026K [0x91ca0000, 0x93200000, 0xa6e00000)
   the space 21888K,   9% used [0x91ca0000, 0x91e9abf8, 0x91e9ac00, 0x93200000)
 Metaspace       used 1976K, capacity 2200K, committed 2200K, reserved 4400K

Card table byte_map: [0x87302000,0x87400000] byte_map_base: 0x86ec8000

Polling page: 0xb7711000

CodeCache: size=245760Kb used=1425Kb max_used=1425Kb free=244334Kb
 bounds [0xa71e3000, 0xa7423000, 0xb61e3000]
 total_blobs=488 nmethods=331 adapters=72
 compilation: enabled

Compilation events (10 events):
Event: 7.045 Thread 0xb6283800  327  s    3       sun.misc.URLClassPath::validateLookupCache (80 bytes)
Event: 7.046 Thread 0xb6283800 nmethod 327 0xa733ef08 code [0xa733f060, 0xa733f494]
Event: 7.054 Thread 0xb6283800  328   !   3       sun.misc.URLClassPath$JarLoader::checkJar (51 bytes)
Event: 7.055 Thread 0xb6283800 nmethod 328 0xa733f648 code [0xa733f7c0, 0xa733fc00]
Event: 7.067 Thread 0xb6283800  329   !   3       java.net.URL::<init> (543 bytes)
Event: 7.077 Thread 0xb6283800 nmethod 329 0xa733fe08 code [0xa73402a0, 0xa73428bc]
Event: 7.077 Thread 0xb6283800  330       3       java.util.zip.ZipFile::<init> (197 bytes)
Event: 7.082 Thread 0xb6283800 nmethod 330 0xa7344c08 code [0xa73450a0, 0xa7346f68]
Event: 9.097 Thread 0xb6283800  331       3       java.lang.String::hashCode (55 bytes)
Event: 9.098 Thread 0xb6283800 nmethod 331 0xa7348608 code [0xa7348720, 0xa73488e0]

GC Heap History (6 events):
Event: 2.743 GC heap before
{Heap before GC invocations=0 (full 0):
 def new generation   total 9792K, used 8704K [0x87400000, 0x87ea0000, 0x91ca0000)
  eden space 8704K, 100% used [0x87400000, 0x87c80000, 0x87c80000)
  from space 1088K,   0% used [0x87c80000, 0x87c80000, 0x87d90000)
  to   space 1088K,   0% used [0x87d90000, 0x87d90000, 0x87ea0000)
 tenured generation   total 21888K, used 0K [0x91ca0000, 0x93200000, 0xa6e00000)
   the space 21888K,   0% used [0x91ca0000, 0x91ca0000, 0x91ca0200, 0x93200000)
 Metaspace       used 1853K, capacity 2200K, committed 2200K, reserved 4400K
Event: 2.780 GC heap after
Heap after GC invocations=1 (full 0):
 def new generation   total 9792K, used 1088K [0x87400000, 0x87ea0000, 0x91ca0000)
  eden space 8704K,   0% used [0x87400000, 0x87400000, 0x87c80000)
  from space 1088K, 100% used [0x87d90000, 0x87ea0000, 0x87ea0000)
  to   space 1088K,   0% used [0x87c80000, 0x87c80000, 0x87d90000)
 tenured generation   total 21888K, used 465K [0x91ca0000, 0x93200000, 0xa6e00000)
   the space 21888K,   2% used [0x91ca0000, 0x91d14428, 0x91d14600, 0x93200000)
 Metaspace       used 1853K, capacity 2200K, committed 2200K, reserved 4400K
}
Event: 3.809 GC heap before
{Heap before GC invocations=1 (full 0):
 def new generation   total 9792K, used 9792K [0x87400000, 0x87ea0000, 0x91ca0000)
  eden space 8704K, 100% used [0x87400000, 0x87c80000, 0x87c80000)
  from space 1088K, 100% used [0x87d90000, 0x87ea0000, 0x87ea0000)
  to   space 1088K,   0% used [0x87c80000, 0x87c80000, 0x87d90000)
 tenured generation   total 21888K, used 465K [0x91ca0000, 0x93200000, 0xa6e00000)
   the space 21888K,   2% used [0x91ca0000, 0x91d14428, 0x91d14600, 0x93200000)
 Metaspace       used 1874K, capacity 2200K, committed 2200K, reserved 4400K
Event: 3.836 GC heap after
Heap after GC invocations=2 (full 0):
 def new generation   total 9792K, used 1074K [0x87400000, 0x87ea0000, 0x91ca0000)
  eden space 8704K,   0% used [0x87400000, 0x87400000, 0x87c80000)
  from space 1088K,  98% used [0x87c80000, 0x87d8ca40, 0x87d90000)
  to   space 1088K,   0% used [0x87d90000, 0x87d90000, 0x87ea0000)
 tenured generation   total 21888K, used 1423K [0x91ca0000, 0x93200000, 0xa6e00000)
   the space 21888K,   6% used [0x91ca0000, 0x91e03c18, 0x91e03e00, 0x93200000)
 Metaspace       used 1874K, capacity 2200K, committed 2200K, reserved 4400K
}
Event: 5.127 GC heap before
{Heap before GC invocations=2 (full 0):
 def new generation   total 9792K, used 9741K [0x87400000, 0x87ea0000, 0x91ca0000)
  eden space 8704K,  99% used [0x87400000, 0x87c76c40, 0x87c80000)
  from space 1088K,  98% used [0x87c80000, 0x87d8ca40, 0x87d90000)
  to   space 1088K,   0% used [0x87d90000, 0x87d90000, 0x87ea0000)
 tenured generation   total 21888K, used 1423K [0x91ca0000, 0x93200000, 0xa6e00000)
   the space 21888K,   6% used [0x91ca0000, 0x91e03c18, 0x91e03e00, 0x93200000)
 Metaspace       used 1883K, capacity 2200K, committed 2200K, reserved 4400K
Event: 5.140 GC heap after
Heap after GC invocations=3 (full 0):
 def new generation   total 9792K, used 785K [0x87400000, 0x87ea0000, 0x91ca0000)
  eden space 8704K,   0% used [0x87400000, 0x87400000, 0x87c80000)
  from space 1088K,  72% used [0x87d90000, 0x87e547b8, 0x87ea0000)
  to   space 1088K,   0% used [0x87c80000, 0x87c80000, 0x87d90000)
 tenured generation   total 21888K, used 2026K [0x91ca0000, 0x93200000, 0xa6e00000)
   the space 21888K,   9% used [0x91ca0000, 0x91e9abf8, 0x91e9ac00, 0x93200000)
 Metaspace       used 1883K, capacity 2200K, committed 2200K, reserved 4400K
}

Deoptimization events (5 events):
Event: 5.556 Thread 0xb6208400 Uncommon trap: reason=unstable_if action=reinterpret pc=0xa72f98d4 method=java.lang.String.startsWith(Ljava/lang/String;I)Z @ 37
Event: 7.056 Thread 0xb6208400 Uncommon trap: reason=unstable_if action=reinterpret pc=0xa7308c94 method=java.lang.CharacterDataLatin1.toUpperCase(I)I @ 12
Event: 8.657 Thread 0xb6208400 Uncommon trap: reason=unstable_if action=reinterpret pc=0xa7310304 method=java.io.UnixFileSystem.normalize(Ljava/lang/String;)Ljava/lang/String; @ 60
Event: 8.836 Thread 0xb6208400 Uncommon trap: reason=unstable_if action=reinterpret pc=0xa7310dbc method=java.lang.String.replace(CC)Ljava/lang/String; @ 2
Event: 9.097 Thread 0xb6208400 Uncommon trap: reason=unstable_if action=reinterpret pc=0xa72ef610 method=java.lang.String.hashCode()I @ 14

Classes redefined (0 events):
No events

Internal exceptions (10 events):
Event: 7.016 Thread 0xb6208400 Exception <a 'java/security/PrivilegedActionException'> (0x878a9fa0) thrown at [/build/openjdk-8-FRGKAs/openjdk-8-8u181-b13/src/hotspot/src/share/vm/prims/jvm.cpp, line 1435]
Event: 7.016 Thread 0xb6208400 Exception <a 'java/security/PrivilegedActionException'> (0x878aa1a0) thrown at [/build/openjdk-8-FRGKAs/openjdk-8-8u181-b13/src/hotspot/src/share/vm/prims/jvm.cpp, line 1435]
Event: 7.016 Thread 0xb6208400 Exception <a 'java/security/PrivilegedActionException'> (0x878ac080) thrown at [/build/openjdk-8-FRGKAs/openjdk-8-8u181-b13/src/hotspot/src/share/vm/prims/jvm.cpp, line 1435]
Event: 7.016 Thread 0xb6208400 Exception <a 'java/security/PrivilegedActionException'> (0x878ac280) thrown at [/build/openjdk-8-FRGKAs/openjdk-8-8u181-b13/src/hotspot/src/share/vm/prims/jvm.cpp, line 1435]
Event: 7.016 Thread 0xb6208400 Exception <a 'java/security/PrivilegedActionException'> (0x878acf78) thrown at [/build/openjdk-8-FRGKAs/openjdk-8-8u181-b13/src/hotspot/src/share/vm/prims/jvm.cpp, line 1435]
Event: 7.016 Thread 0xb6208400 Exception <a 'java/security/PrivilegedActionException'> (0x878ad178) thrown at [/build/openjdk-8-FRGKAs/openjdk-8-8u181-b13/src/hotspot/src/share/vm/prims/jvm.cpp, line 1435]
Event: 7.016 Thread 0xb6208400 Exception <a 'java/security/PrivilegedActionException'> (0x878afaf8) thrown at [/build/openjdk-8-FRGKAs/openjdk-8-8u181-b13/src/hotspot/src/share/vm/prims/jvm.cpp, line 1435]
Event: 7.017 Thread 0xb6208400 Exception <a 'java/security/PrivilegedActionException'> (0x878afcf8) thrown at [/build/openjdk-8-FRGKAs/openjdk-8-8u181-b13/src/hotspot/src/share/vm/prims/jvm.cpp, line 1435]
Event: 7.046 Thread 0xb6208400 Exception <a 'java/security/PrivilegedActionException'> (0x878c0968) thrown at [/build/openjdk-8-FRGKAs/openjdk-8-8u181-b13/src/hotspot/src/share/vm/prims/jvm.cpp, line 1435]
Event: 7.046 Thread 0xb6208400 Exception <a 'java/security/PrivilegedActionException'> (0x878c0b68) thrown at [/build/openjdk-8-FRGKAs/openjdk-8-8u181-b13/src/hotspot/src/share/vm/prims/jvm.cpp, line 1435]

Events (10 events):
Event: 9.111 loading class java/io/FilePermission$1
Event: 9.111 loading class java/io/FilePermission$1 done
Event: 9.112 loading class java/io/FilePermissionCollection
Event: 9.112 loading class java/io/FilePermissionCollection done
Event: 9.113 loading class java/security/AllPermission
Event: 9.113 loading class java/security/AllPermission done
Event: 9.113 loading class java/security/UnresolvedPermission
Event: 9.114 loading class java/security/UnresolvedPermission done
Event: 9.114 loading class java/security/BasicPermissionCollection
Event: 9.115 loading class java/security/BasicPermissionCollection done


Dynamic libraries:
004a5000-004a6000 r-xp 00000000 08:01 280559     /usr/lib/jvm/java-8-openjdk-i386/jre/bin/java
004a6000-004a7000 r--p 00000000 08:01 280559     /usr/lib/jvm/java-8-openjdk-i386/jre/bin/java
004a7000-004a8000 rw-p 00001000 08:01 280559     /usr/lib/jvm/java-8-openjdk-i386/jre/bin/java
0219f000-02281000 rw-p 00000000 00:00 0          [heap]
85200000-85235000 rw-p 00000000 00:00 0 
85235000-85300000 ---p 00000000 00:00 0 
85300000-85400000 rw-p 00000000 00:00 0 
85493000-85494000 r--s 00000000 08:01 410750     /opt/payara5/glassfish/lib/jndi-properties.jar
85494000-85497000 r--s 00006000 08:01 410308     /opt/payara5/glassfish/modules/javax.batch-api.jar
85497000-85499000 r--s 00002000 08:01 410345     /opt/payara5/glassfish/modules/javax.enterprise.concurrent-api.jar
85499000-8549a000 r--s 00007000 08:01 409951     /opt/payara5/glassfish/modules/javax.servlet.jsp.jstl-api.jar
8549a000-854ca000 r--s 00379000 08:01 410373     /opt/payara5/glassfish/modules/javax.faces.jar
854ca000-854cb000 r--s 00000000 08:01 411026     /opt/payara5/glassfish/lib/javaee.jar
854cb000-854f4000 r--s 00277000 08:01 410142     /opt/payara5/glassfish/modules/weld-osgi-bundle.jar
854f4000-854f6000 r--s 00003000 08:01 410226     /opt/payara5/glassfish/modules/jdbc-config.jar
854f6000-854f8000 r--s 00014000 08:01 410276     /opt/payara5/glassfish/modules/jdbc-runtime.jar
854f8000-854fb000 r--s 00018000 08:01 410125     /opt/payara5/glassfish/modules/entitybean-container.jar
854fb000-854fc000 r--s 00003000 08:01 410624     /opt/payara5/glassfish/lib/install/applications/jaxr-ra/jaxr-ra.jar
854fc000-854ff000 r--s 00012000 08:01 407702     /opt/payara5/javadb/lib/derbyoptionaltools.jar
854ff000-85500000 r--s 00002000 08:01 399418     /opt/payara5/javadb/lib/derbyrun.jar
85500000-855f9000 rw-p 00000000 00:00 0 
855f9000-85600000 ---p 00000000 00:00 0 
85600000-85604000 r--s 00035000 08:01 409365     /opt/payara5/javadb/lib/derbytools.jar
85604000-85608000 r--s 0003f000 08:01 407765     /opt/payara5/javadb/lib/derbynet.jar
85608000-8560e000 r--s 0008a000 08:01 407688     /opt/payara5/javadb/lib/derbyclient.jar
8560e000-85611000 r--s 00019000 08:01 399415     /opt/payara5/javadb/lib/derbyLocale_zh_TW.jar
85611000-85613000 r--s 00019000 08:01 409362     /opt/payara5/javadb/lib/derbyLocale_zh_CN.jar
85613000-85615000 r--s 0001c000 08:01 409466     /opt/payara5/javadb/lib/derbyLocale_ru.jar
85615000-85618000 r--s 00014000 08:01 399420     /opt/payara5/javadb/lib/derbyLocale_pt_BR.jar
85618000-8561a000 r--s 00015000 08:01 399417     /opt/payara5/javadb/lib/derbyLocale_pl.jar
8561a000-8561c000 r--s 0001b000 08:01 405758     /opt/payara5/javadb/lib/derbyLocale_ko_KR.jar
8561c000-8561f000 r--s 0001c000 08:01 407887     /opt/payara5/javadb/lib/derbyLocale_ja_JP.jar
8561f000-85621000 r--s 00018000 08:01 409346     /opt/payara5/javadb/lib/derbyLocale_it.jar
85621000-85623000 r--s 00016000 08:01 409492     /opt/payara5/javadb/lib/derbyLocale_hu.jar
85623000-85625000 r--s 0001a000 08:01 407699     /opt/payara5/javadb/lib/derbyLocale_fr.jar
85625000-85627000 r--s 00018000 08:01 409345     /opt/payara5/javadb/lib/derbyLocale_es.jar
85627000-85629000 r--s 0001a000 08:01 407630     /opt/payara5/javadb/lib/derbyLocale_de_DE.jar
85629000-8562c000 r--s 00015000 08:01 409468     /opt/payara5/javadb/lib/derbyLocale_cs.jar
8562c000-8565a000 r--s 002e7000 08:01 408237     /opt/payara5/javadb/lib/derby.jar
8565a000-8565e000 r--s 00029000 08:01 410690     /opt/payara5/glassfish/lib/install/applications/__dm_jdbc_ra/__dm_jdbc_ra.jar
8565e000-85661000 r--s 00029000 08:01 410610     /opt/payara5/glassfish/lib/install/applications/__xa_jdbc_ra/__xa_jdbc_ra.jar
85661000-85664000 r--s 00029000 08:01 410631     /opt/payara5/glassfish/lib/install/applications/__cp_jdbc_ra/__cp_jdbc_ra.jar
85664000-85667000 r--s 00029000 08:01 410635     /opt/payara5/glassfish/lib/install/applications/__ds_jdbc_ra/__ds_jdbc_ra.jar
85667000-85669000 r--s 00017000 08:01 410614     /opt/payara5/glassfish/lib/install/applications/jmsra/fscontext.jar
85669000-8566e000 r--s 0003e000 08:01 410615     /opt/payara5/glassfish/lib/install/applications/jmsra/imqjmsbridge.jar
8566e000-85671000 r--s 00022000 08:01 410617     /opt/payara5/glassfish/lib/install/applications/jmsra/imqstomp.jar
85671000-85673000 r--s 0000d000 08:01 410621     /opt/payara5/glassfish/lib/install/applications/jmsra/imqjmx.jar
85673000-85691000 r--s 002bf000 08:01 410622     /opt/payara5/glassfish/lib/install/applications/jmsra/imqbroker.jar
85691000-856a8000 r--s 001bb000 08:01 410616     /opt/payara5/glassfish/lib/install/applications/jmsra/imqjmsra.jar
856a8000-856aa000 r--s 00017000 08:01 411290     /opt/payara5/mq/lib/fscontext.jar
856aa000-856b3000 r--s 0008c000 08:01 411363     /opt/payara5/mq/lib/jhall.jar
856b3000-856b5000 r--s 0000d000 08:01 411355     /opt/payara5/mq/lib/imqjmx.jar
856b5000-856bc000 r--s 00069000 08:01 411360     /opt/payara5/mq/lib/imqutil.jar
856bc000-856c2000 r--s 00079000 08:01 411297     /opt/payara5/mq/lib/imqadmin.jar
856c2000-856c3000 r--s 00006000 08:01 411361     /opt/payara5/mq/lib/jaxm-api.jar
856c3000-856c5000 r--s 00008000 08:01 411298     /opt/payara5/mq/lib/imqxm.jar
856c5000-856cf000 r--s 000a4000 08:01 411299     /opt/payara5/mq/lib/imq.jar
856cf000-85700000 r--s 0022b000 08:01 410742     /opt/payara5/glassfish/lib/appclient/weld-se-shaded.jar
85700000-857ff000 rw-p 00000000 00:00 0 
857ff000-85800000 ---p 00000000 00:00 0 
85800000-85803000 r--s 0000d000 08:01 411339     /opt/payara5/mq/lib/jms.jar
85803000-85805000 r--s 00008000 08:01 410127     /opt/payara5/glassfish/modules/resources-runtime.jar
85805000-85808000 r--s 00012000 08:01 409728     /opt/payara5/glassfish/modules/endorsed/webservices-api-osgi.jar
85808000-8580c000 r--s 0001b000 08:01 409720     /opt/payara5/glassfish/modules/endorsed/jaxb-api.jar
8580c000-8580e000 r--s 00005000 08:01 409727     /opt/payara5/glassfish/modules/endorsed/javax.annotation-api.jar
8580e000-8580f000 r--s 00004000 08:01 410134     /opt/payara5/glassfish/modules/javamail-runtime.jar
8580f000-85811000 r--s 00001000 08:01 409977     /opt/payara5/glassfish/modules/appclient-connector.jar
85811000-85813000 r--s 0001f000 08:01 410335     /opt/payara5/glassfish/modules/javax.xml.registry-api.jar
85813000-85815000 r--s 00004000 08:01 410297     /opt/payara5/glassfish/modules/cmp-internal-api.jar
85815000-85817000 r--s 0000a000 08:01 410459     /opt/payara5/glassfish/modules/jpa-container.jar
85817000-8581e000 r--s 00073000 08:01 410293     /opt/payara5/glassfish/modules/org.eclipse.persistence.asm.jar
8581e000-85823000 r--s 00024000 08:01 409848     /opt/payara5/glassfish/modules/org.eclipse.persistence.antlr.jar
85823000-85825000 r--s 00014000 08:01 410462     /opt/payara5/glassfish/modules/org.eclipse.persistence.oracle.jar
85825000-8582b000 r--s 00052000 08:01 410282     /opt/payara5/glassfish/modules/org.eclipse.persistence.dbws.jar
8582b000-85834000 r--s 00097000 08:01 409818     /opt/payara5/glassfish/modules/org.eclipse.persistence.moxy.jar
85834000-85836000 r--s 0000d000 08:01 410089     /opt/payara5/glassfish/modules/org.eclipse.persistence.jpa.modelgen.processor.jar
85836000-85854000 r--s 00142000 08:01 410094     /opt/payara5/glassfish/modules/org.eclipse.persistence.jpa.jpql.jar
85854000-8586b000 r--s 00155000 08:01 410267     /opt/payara5/glassfish/modules/org.eclipse.persistence.jpa.jar
8586b000-858ab000 r--s 004e4000 08:01 410272     /opt/payara5/glassfish/modules/org.eclipse.persistence.core.jar
858ab000-858ac000 r--s 00003000 08:01 410261     /opt/payara5/glassfish/modules/gf-jms-connector.jar
858ac000-858ae000 r--s 00014000 08:01 410262     /opt/payara5/glassfish/modules/jms-core.jar
858ae000-858b0000 r--s 0000f000 08:01 410479     /opt/payara5/glassfish/modules/jta.jar
858b0000-858b6000 r--s 00059000 08:01 410303     /opt/payara5/glassfish/modules/jts.jar
858b6000-858b8000 r--s 00010000 08:01 410468     /opt/payara5/glassfish/modules/webservices-connector.jar
858b8000-858bf000 r--s 0007b000 08:01 410482     /opt/payara5/glassfish/modules/connectors-runtime.jar
858bf000-85900000 r--s 00359000 08:01 410359     /opt/payara5/glassfish/modules/jaxb-osgi.jar
85900000-85a00000 rw-p 00000000 00:00 0 
85a00000-85aff000 rw-p 00000000 00:00 0 
85aff000-85b00000 ---p 00000000 00:00 0 
85b00000-85b02000 r--s 00006000 08:01 410239     /opt/payara5/glassfish/modules/javamail-connector.jar
85b02000-85b03000 r--s 00002000 08:01 410352     /opt/payara5/glassfish/modules/gf-connectors-connector.jar
85b03000-85b04000 r--s 00007000 08:01 410218     /opt/payara5/glassfish/modules/connectors-inbound-runtime.jar
85b04000-85b06000 r--s 0000a000 08:01 409644     /opt/payara5/glassfish/modules/work-management.jar
85b06000-85b0a000 r--s 0003d000 08:01 410467     /opt/payara5/glassfish/modules/jsr109-impl.jar
85b0a000-85b1e000 r--s 000e3000 08:01 409963     /opt/payara5/glassfish/modules/jaxb-extra-osgi.jar
85b1e000-85b22000 r--s 00024000 08:01 410100     /opt/payara5/glassfish/modules/stax2-api.jar
85b22000-85b28000 r--s 00071000 08:01 409655     /opt/payara5/glassfish/modules/woodstox-core-asl.jar
85b28000-85b29000 r--s 00000000 08:01 410225     /opt/payara5/glassfish/modules/webservices-extra-jdk-packages.jar
85b29000-85b2c000 r--s 00009000 08:01 409958     /opt/payara5/glassfish/modules/javax.xml.rpc-api.jar
85b2c000-85bf5000 r--s 00c07000 08:01 409892     /opt/payara5/glassfish/modules/webservices-osgi.jar
85bf5000-85bf7000 r--s 00004000 08:01 410231     /opt/payara5/glassfish/modules/web-sse.jar
85bf7000-85bf9000 r--s 00006000 08:01 410429     /opt/payara5/glassfish/modules/web-embed-api.jar
85bf9000-85c00000 r--s 00080000 08:01 409838     /opt/payara5/glassfish/modules/javax.servlet.jsp.jar
85c00000-85cf9000 rw-p 00000000 00:00 0 
85cf9000-85d00000 ---p 00000000 00:00 0 
85d00000-85d02000 r--s 0000b000 08:01 410137     /opt/payara5/glassfish/modules/websecurity.jar
85d02000-85d03000 r--s 00009000 08:01 410080     /opt/payara5/glassfish/modules/web-gui-plugin-common.jar
85d03000-85d05000 r--s 00001000 08:01 410320     /opt/payara5/glassfish/modules/admin-core.jar
85d05000-85d06000 r--s 00002000 08:01 410413     /opt/payara5/glassfish/modules/microprofile-opentracing-api.jar
85d06000-85d07000 r--s 00004000 08:01 409746     /opt/payara5/glassfish/modules/opentracing-adapter.jar
85d07000-85d0b000 r--s 0001c000 08:01 409555     /opt/payara5/glassfish/modules/javax.ws.rs-api.jar
85d0b000-85d0e000 r--s 0000f000 08:01 410454     /opt/payara5/glassfish/modules/jersey-media-jaxb.jar
85d0e000-85d14000 r--s 00036000 08:01 410438     /opt/payara5/glassfish/modules/jersey-client.jar
85d14000-85d27000 r--s 000d1000 08:01 410097     /opt/payara5/glassfish/modules/jersey-server.jar
85d27000-85d29000 r--s 00003000 08:01 410220     /opt/payara5/glassfish/modules/microprofile-config-api.jar
85d29000-85d2a000 r--s 00003000 08:01 410063     /opt/payara5/glassfish/modules/microprofile-rest-client-api.jar
85d2a000-85d41000 r--s 00100000 08:01 410343     /opt/payara5/glassfish/modules/jersey-common.jar
85d41000-85d43000 r--s 0000d000 08:01 410095     /opt/payara5/glassfish/modules/jersey-container-servlet-core.jar
85d43000-85d45000 r--s 0000b000 08:01 410216     /opt/payara5/glassfish/modules/tyrus-container-grizzly-client.jar
85d45000-85d47000 r--s 00002000 08:01 410471     /opt/payara5/glassfish/modules/tyrus-spi.jar
85d47000-85d4e000 r--s 00057000 08:01 410253     /opt/payara5/glassfish/modules/tyrus-core.jar
85d4e000-85d50000 r--s 00010000 08:01 410222     /opt/payara5/glassfish/modules/tyrus-client.jar
85d50000-85d52000 r--s 00007000 08:01 410240     /opt/payara5/glassfish/modules/javax.websocket-api.jar
85d52000-85d53000 r--s 00003000 08:01 410122     /opt/payara5/glassfish/modules/tyrus-server.jar
85d53000-85d55000 r--s 00005000 08:01 410473     /opt/payara5/glassfish/modules/tyrus-container-servlet.jar
85d55000-85d62000 r--s 00112000 08:01 410432     /opt/payara5/glassfish/modules/web-core.jar
85d62000-85d65000 r--s 0001a000 08:01 410230     /opt/payara5/glassfish/modules/web-naming.jar
85d65000-85d67000 r--s 00008000 08:01 409893     /opt/payara5/glassfish/modules/gf-web-connector.jar
85d67000-85d6a000 r--s 0000b000 08:01 410243     /opt/payara5/glassfish/modules/javax.servlet.jsp-api.jar
85d6a000-85d6d000 r--s 00019000 08:01 410305     /opt/payara5/glassfish/modules/war-util.jar
85d6d000-85d6f000 r--s 00006000 08:01 410135     /opt/payara5/glassfish/modules/javax.management.j2ee-api.jar
85d6f000-85d72000 r--s 00012000 08:01 410138     /opt/payara5/glassfish/modules/amx-javaee.jar
85d72000-85d76000 r--s 0002f000 08:01 410257     /opt/payara5/glassfish/modules/web-cli.jar
85d76000-85d7f000 r--s 0009b000 08:01 410103     /opt/payara5/glassfish/modules/web-glue.jar
85d7f000-85d81000 r--s 00013000 08:01 410441     /opt/payara5/glassfish/modules/webservices.security.jar
85d81000-85d83000 r--s 00006000 08:01 409663     /opt/payara5/glassfish/modules/acc-config.jar
85d83000-85d86000 r--s 00014000 08:01 410431     /opt/payara5/glassfish/modules/orb-iiop.jar
85d86000-85da4000 r--s 0017a000 08:01 410283     /opt/payara5/glassfish/modules/glassfish-corba-orb.jar
85da4000-85da8000 r--s 00019000 08:01 410314     /opt/payara5/glassfish/modules/glassfish-corba-csiv2-idl.jar
85da8000-85dab000 r--s 00015000 08:01 410288     /opt/payara5/glassfish/modules/ejb.security.jar
85dab000-85dac000 r--s 00004000 08:01 410437     /opt/payara5/glassfish/modules/appclient.security.jar
85dac000-85daf000 r--s 0000d000 08:01 409753     /opt/payara5/glassfish/modules/javax.jms-api.jar
85daf000-85db1000 r--s 00007000 08:01 410306     /opt/payara5/glassfish/modules/glassfish-corba-internal-api.jar
85db1000-85dce000 r--s 00133000 08:01 410326     /opt/payara5/glassfish/modules/glassfish-corba-omgapi.jar
85dce000-85dd0000 r--s 00002000 08:01 410427     /opt/payara5/glassfish/modules/orb-enabler.jar
85dd0000-85dd3000 r--s 0000c000 08:01 409675     /opt/payara5/glassfish/modules/orb-connector.jar
85dd3000-85dd4000 r--s 00004000 08:01 410354     /opt/payara5/glassfish/modules/gf-ejb-connector.jar
85dd4000-85dd5000 r--s 00006000 08:01 410404     /opt/payara5/glassfish/modules/persistence-common.jar
85dd5000-85dd6000 r--s 00004000 08:01 410270     /opt/payara5/glassfish/modules/osgi-resource-locator.jar
85dd6000-85dd8000 r--s 00007000 08:01 410367     /opt/payara5/glassfish/modules/ha-api.jar
85dd8000-85ddb000 r--s 00012000 08:01 410099     /opt/payara5/glassfish/modules/glassfish-naming.jar
85ddb000-85de1000 r--s 00029000 08:01 410238     /opt/payara5/glassfish/modules/container-common.jar
85de1000-85de5000 r--s 00011000 08:01 410348     /opt/payara5/glassfish/modules/stats77.jar
85de5000-85dea000 r--s 00038000 08:01 410451     /opt/payara5/glassfish/modules/jmxremote_optional-repackaged.jar
85dea000-85dec000 r--s 00010000 08:01 409680     /opt/payara5/glassfish/modules/glassfish-mbeanserver.jar
85dec000-85df4000 r--s 00068000 08:01 410448     /opt/payara5/glassfish/modules/amx-core.jar
85df4000-85df8000 r--s 0001a000 08:01 410252     /opt/payara5/glassfish/modules/monitoring-core.jar
85df8000-85dfc000 r--s 00033000 08:01 410476     /opt/payara5/glassfish/modules/javax.el.jar
85dfc000-85dff000 r--s 0001d000 08:01 410136     /opt/payara5/glassfish/modules/healthcheck-core.jar
85dff000-85e00000 r--s 00003000 08:01 410214     /opt/payara5/glassfish/modules/healthcheck-stuck.jar
85e00000-85efb000 rw-p 00000000 00:00 0 
85efb000-85f00000 ---p 00000000 00:00 0 
85f00000-85f01000 r--s 00003000 08:01 410295     /opt/payara5/glassfish/modules/payara-executor-service.jar
85f01000-85f03000 r--s 0000e000 08:01 410215     /opt/payara5/glassfish/modules/launcher.jar
85f03000-85f06000 r--s 0001c000 08:01 410340     /opt/payara5/glassfish/modules/javax.json.jar
85f06000-85f08000 r--s 0000e000 08:01 410258     /opt/payara5/glassfish/modules/mimepull.jar
85f08000-85f0c000 r--s 0002a000 08:01 409561     /opt/payara5/glassfish/modules/admin-cli.jar
85f0c000-85fd8000 r--s 00872000 08:01 410481     /opt/payara5/glassfish/modules/hazelcast.jar
85fd8000-85fdb000 r--s 00016000 08:01 410378     /opt/payara5/glassfish/modules/hazelcast-bootstrap.jar
85fdb000-85fe3000 r--s 00098000 08:01 409662     /opt/payara5/glassfish/modules/javax.mail.jar
85fe3000-85fe7000 r--s 00014000 08:01 410244     /opt/payara5/glassfish/modules/notification-core.jar
85fe7000-85fea000 r--s 00010000 08:01 410300     /opt/payara5/glassfish/modules/requesttracing-core.jar
85fea000-85fec000 r--s 00000000 08:01 410360     /opt/payara5/glassfish/modules/api-exporter.jar
85fec000-85ff0000 r--s 0002e000 08:01 410313     /opt/payara5/glassfish/modules/logging.jar
85ff0000-85ff1000 r--s 00002000 08:01 410322     /opt/payara5/glassfish/modules/simple-glassfish-api.jar
85ff1000-85ff5000 r--s 00020000 08:01 410415     /opt/payara5/glassfish/modules/flashlight-framework.jar
85ff5000-86000000 r--s 000b9000 08:01 410447     /opt/payara5/glassfish/modules/kernel.jar
86000000-860ff000 rw-p 00000000 00:00 0 
860ff000-86100000 ---p 00000000 00:00 0 
86100000-861f9000 rw-p 00000000 00:00 0 
861f9000-86200000 ---p 00000000 00:00 0 
86200000-86276000 rw-p 00000000 00:00 0 
86276000-86300000 ---p 00000000 00:00 0 
86300000-86303000 r--s 0001e000 08:01 409979     /opt/payara5/glassfish/modules/glassfish.jar
86303000-86304000 r--s 00007000 08:01 410093     /opt/payara5/glassfish/modules/deployment-javaee-core.jar
86304000-86306000 r--s 00004000 08:01 410417     /opt/payara5/glassfish/modules/libpam4j-repackaged.jar
86306000-86309000 r--s 00019000 08:01 410266     /opt/payara5/glassfish/modules/resources-connector.jar
86309000-8630a000 r--s 00007000 08:01 410301     /opt/payara5/glassfish/modules/jackson-module-jaxb-annotations.jar
8630a000-8630e000 r--s 0004b000 08:01 410465     /opt/payara5/glassfish/modules/jackson-core.jar
8630e000-86321000 r--s 00135000 08:01 410224     /opt/payara5/glassfish/modules/jackson-databind.jar
86321000-86324000 r--s 0000e000 08:01 410349     /opt/payara5/glassfish/modules/jackson-annotations.jar
86324000-86329000 r--s 00021000 08:01 410361     /opt/payara5/glassfish/modules/security-services.jar
86329000-86330000 r--s 00051000 08:01 410290     /opt/payara5/glassfish/modules/admin-util.jar
86330000-86332000 r--s 00005000 08:01 409565     /opt/payara5/glassfish/modules/transaction-internal-api.jar
86332000-86335000 r--s 00016000 08:01 409654     /opt/payara5/glassfish/modules/connectors-internal-api.jar
86335000-86336000 r--s 00002000 08:01 410336     /opt/payara5/glassfish/modules/ejb-internal-api.jar
86336000-86338000 r--s 0000f000 08:01 410250     /opt/payara5/glassfish/modules/jaspic.provider.framework.jar
86338000-86339000 r--s 0000c000 08:01 410269     /opt/payara5/glassfish/modules/javax.security.jacc-api.jar
86339000-8633b000 r--s 0000b000 08:01 410376     /opt/payara5/glassfish/modules/javax.security.auth.message-api.jar
8633b000-8633d000 r--s 0000e000 08:01 410268     /opt/payara5/glassfish/modules/nucleus-resources.jar
8633d000-86340000 r--s 00009000 08:01 409876     /opt/payara5/glassfish/modules/payara-api.jar
86340000-8636c000 r--s 00208000 08:01 409820     /opt/payara5/glassfish/modules/guava.jar
8636c000-8636e000 r--s 00009000 08:01 410423     /opt/payara5/glassfish/modules/annotation-framework.jar
8636e000-86372000 r--s 0000e000 08:01 410289     /opt/payara5/glassfish/modules/javax.resource-api.jar
86372000-86378000 r--s 0002a000 08:01 410246     /opt/payara5/glassfish/modules/javax.persistence.jar
86378000-8637b000 r--s 0000a000 08:01 410455     /opt/payara5/glassfish/modules/javax.enterprise.deploy-api.jar
8637b000-8637d000 r--s 00005000 08:01 410372     /opt/payara5/glassfish/modules/javax.interceptor-api.jar
8637d000-86382000 r--s 00016000 08:01 410217     /opt/payara5/glassfish/modules/cdi-api.jar
86382000-86390000 r--s 000b7000 08:01 410362     /opt/payara5/glassfish/modules/dol.jar
86390000-86394000 r--s 00016000 08:01 409846     /opt/payara5/glassfish/modules/javax.servlet-api.jar
86394000-86395000 r--s 00002000 08:01 410235     /opt/payara5/glassfish/modules/glassfish-ee-api.jar
86395000-86398000 r--s 0000b000 08:01 410274     /opt/payara5/glassfish/modules/ldapbp-repackaged.jar
86398000-8639a000 r--s 0000b000 08:01 410281     /opt/payara5/glassfish/modules/pfl-tf-tools.jar
8639a000-8639c000 r--s 00010000 08:01 410369     /opt/payara5/glassfish/modules/pfl-basic-tools.jar
8639c000-863a5000 r--s 0004c000 08:01 409563     /opt/payara5/glassfish/modules/pfl-dynamic.jar
863a5000-863ab000 r--s 00051000 08:01 410334     /opt/payara5/glassfish/modules/pfl-asm.jar
863ab000-863ae000 r--s 00015000 08:01 410118     /opt/payara5/glassfish/modules/pfl-tf.jar
863ae000-863b4000 r--s 0002c000 08:01 410011     /opt/payara5/glassfish/modules/pfl-basic.jar
863b4000-863b9000 r--s 0002d000 08:01 409896     /opt/payara5/glassfish/modules/gmbal.jar
863b9000-863bd000 r--s 0002a000 08:01 410446     /opt/payara5/glassfish/modules/deployment-common.jar
863bd000-863c2000 r--s 0001e000 08:01 410416     /opt/payara5/glassfish/modules/internal-api.jar
863c2000-863c3000 r--s 00005000 08:01 410128     /opt/payara5/glassfish/modules/ssl-impl.jar
863c3000-863d0000 r--s 00085000 08:01 410312     /opt/payara5/glassfish/modules/config-api.jar
863d0000-863d7000 r--s 00059000 08:01 410285     /opt/payara5/glassfish/modules/asm-repackaged.jar
863d7000-863da000 r--s 00013000 08:01 410091     /opt/payara5/glassfish/modules/class-model.jar
863da000-863db000 r--s 00000000 08:01 410112     /opt/payara5/glassfish/modules/hk2.jar
863db000-863e3000 r--s 0006d000 08:01 410002     /opt/payara5/glassfish/modules/security.jar
863e3000-863ea000 r--s 0004c000 08:01 410425     /opt/payara5/glassfish/modules/security-ee.jar
863ea000-863eb000 r--s 00002000 08:01 409657     /opt/payara5/glassfish/modules/ejb-client.jar
863eb000-863ed000 r--s 00006000 08:01 410141     /opt/payara5/glassfish/modules/javax.transaction-api.jar
863ed000-863f0000 r--s 0000d000 08:01 410374     /opt/payara5/glassfish/modules/javax.ejb-api.jar
863f0000-863fc000 r--s 000de000 08:01 410428     /opt/payara5/glassfish/modules/ejb-container.jar
863fc000-863fe000 r--s 00011000 08:01 410442     /opt/payara5/glassfish/modules/ejb-full-container.jar
863fe000-86400000 r--s 0000a000 08:01 410452     /opt/payara5/glassfish/modules/management-api.jar
86400000-864fb000 rw-p 00000000 00:00 0 
864fb000-86500000 ---p 00000000 00:00 0 
86500000-86502000 r--s 0000e000 08:01 410101     /opt/payara5/glassfish/modules/classmate.jar
86502000-86504000 r--s 0000f000 08:01 410342     /opt/payara5/glassfish/modules/jboss-logging.jar
86504000-86509000 r--s 00012000 08:01 410412     /opt/payara5/glassfish/modules/validation-api.jar
86509000-86526000 r--s 000fe000 08:01 410248     /opt/payara5/glassfish/modules/hibernate-validator.jar
86526000-8652b000 r--s 00030000 08:01 410278     /opt/payara5/glassfish/modules/hk2-config.jar
8652b000-8654a000 r--s 001af000 08:01 410483     /opt/payara5/glassfish/modules/nucleus-grizzly-all.jar
8654a000-8654d000 r--s 0000c000 08:01 410098     /opt/payara5/glassfish/modules/hk2-runlevel.jar
8654d000-8654f000 r--s 00002000 08:01 410298     /opt/payara5/glassfish/modules/scattered-archive-api.jar
8654f000-86557000 r--s 00029000 08:01 410475     /opt/payara5/glassfish/modules/glassfish-api.jar
86557000-86562000 r--s 00078000 08:01 410444     /opt/payara5/glassfish/modules/common-util.jar
86562000-86565000 r--s 0001e000 08:01 410383     /opt/payara5/glassfish/modules/hk2-utils.jar
86565000-8656f000 r--s 000ab000 08:01 410304     /opt/payara5/glassfish/modules/javassist.jar
8656f000-86574000 r--s 00029000 08:01 410368     /opt/payara5/glassfish/modules/hk2-api.jar
86574000-86576000 r--s 00002000 08:01 410299     /opt/payara5/glassfish/modules/aopalliance-repackaged.jar
86576000-86583000 r--s 001ae000 08:01 410227     /opt/payara5/glassfish/modules/gf-client-module.jar
86583000-8659e000 r--s 001d6000 08:01 280582     /usr/lib/jvm/java-8-openjdk-i386/jre/lib/ext/nashorn.jar
8659e000-8659f000 ---p 00000000 00:00 0 
8659f000-8661f000 rw-p 00000000 00:00 0 
8661f000-86622000 ---p 00000000 00:00 0 
86622000-86670000 rw-p 00000000 00:00 0 
86670000-86673000 ---p 00000000 00:00 0 
86673000-866f1000 rw-p 00000000 00:00 0 
866f1000-866f4000 ---p 00000000 00:00 0 
866f4000-86772000 rw-p 00000000 00:00 0 
86772000-86775000 ---p 00000000 00:00 0 
86775000-867c3000 rw-p 00000000 00:00 0 
867c3000-8695e000 r--p 00000000 08:01 1266       /usr/lib/locale/locale-archive
8695e000-86961000 ---p 00000000 00:00 0 
86961000-869af000 rw-p 00000000 00:00 0 
869af000-869b2000 ---p 00000000 00:00 0 
869b2000-86a00000 rw-p 00000000 00:00 0 
86a00000-86afc000 rw-p 00000000 00:00 0 
86afc000-86b00000 ---p 00000000 00:00 0 
86b00000-86b01000 r--s 00002000 08:01 410256     /opt/payara5/glassfish/modules/config-types.jar
86b01000-86b02000 r--s 00001000 08:01 409982     /opt/payara5/glassfish/modules/javax.inject.jar
86b02000-86b06000 r--s 0002b000 08:01 410319     /opt/payara5/glassfish/modules/hk2-locator.jar
86b06000-86b0a000 r--s 00019000 08:01 410255     /opt/payara5/glassfish/modules/hk2-core.jar
86b0a000-86b14000 r--s 00116000 08:01 280581     /usr/lib/jvm/java-8-openjdk-i386/jre/lib/ext/localedata.jar
86b14000-86b15000 ---p 00000000 00:00 0 
86b15000-86be3000 rw-p 00000000 00:00 0 
86be3000-86db2000 r--s 03c33000 08:01 280632     /usr/lib/jvm/java-8-openjdk-i386/jre/lib/rt.jar
86db2000-86e0d000 rw-p 00000000 00:00 0 
86e0d000-87033000 rw-p 00000000 00:00 0 
87053000-87259000 ---p 00000000 00:00 0 
87259000-87264000 rw-p 00000000 00:00 0 
87264000-87302000 ---p 00000000 00:00 0 
87302000-87308000 rw-p 00000000 00:00 0 
87308000-87356000 ---p 00000000 00:00 0 
87356000-87361000 rw-p 00000000 00:00 0 
87361000-873ff000 ---p 00000000 00:00 0 
873ff000-87ea0000 rw-p 00000000 00:00 0 
87ea0000-91ca0000 ---p 00000000 00:00 0 
91ca0000-93200000 rw-p 00000000 00:00 0 
93200000-a6e00000 ---p 00000000 00:00 0 
a6e00000-a6e01000 r--s 00005000 08:01 410751     /opt/payara5/glassfish/lib/gf-client.jar
a6e01000-a6e02000 r--s 00000000 08:01 411028     /opt/payara5/glassfish/lib/appserv-rt.jar
a6e02000-a6e08000 r--s 0003b000 08:01 280584     /usr/lib/jvm/java-8-openjdk-i386/jre/lib/ext/sunjce_provider.jar
a6e08000-a6e23000 r--s 00394000 08:01 280577     /usr/lib/jvm/java-8-openjdk-i386/jre/lib/ext/cldrdata.jar
a6e23000-a6e2c000 rw-p 00000000 00:00 0 
a6e2c000-a71e3000 ---p 00000000 00:00 0 
a71e3000-a7423000 rwxp 00000000 00:00 0 
a7423000-b61e3000 ---p 00000000 00:00 0 
b61e3000-b61eb000 r-xp 00000000 08:01 280621     /usr/lib/jvm/java-8-openjdk-i386/jre/lib/i386/libzip.so
b61eb000-b61ec000 r--p 00007000 08:01 280621     /usr/lib/jvm/java-8-openjdk-i386/jre/lib/i386/libzip.so
b61ec000-b61ed000 rw-p 00008000 08:01 280621     /usr/lib/jvm/java-8-openjdk-i386/jre/lib/i386/libzip.so
b61ed000-b61f8000 r-xp 00000000 08:01 262175     /lib/i386-linux-gnu/libnss_files-2.24.so
b61f8000-b61f9000 r--p 0000a000 08:01 262175     /lib/i386-linux-gnu/libnss_files-2.24.so
b61f9000-b61fa000 rw-p 0000b000 08:01 262175     /lib/i386-linux-gnu/libnss_files-2.24.so
b61fa000-b6200000 rw-p 00000000 00:00 0 
b6200000-b62fd000 rw-p 00000000 00:00 0 
b62fd000-b6300000 ---p 00000000 00:00 0 
b6300000-b6303000 r--s 00038000 08:01 280585     /usr/lib/jvm/java-8-openjdk-i386/jre/lib/ext/sunpkcs11.jar
b6303000-b6305000 r--s 00007000 08:01 155715     /usr/share/java/java-atk-wrapper.jar
b6305000-b6307000 r--s 00008000 08:01 280583     /usr/lib/jvm/java-8-openjdk-i386/jre/lib/ext/sunec.jar
b6307000-b6309000 r--s 00001000 08:01 280578     /usr/lib/jvm/java-8-openjdk-i386/jre/lib/ext/dnsns.jar
b6309000-b6314000 r-xp 00000000 08:01 262177     /lib/i386-linux-gnu/libnss_nis-2.24.so
b6314000-b6315000 r--p 0000a000 08:01 262177     /lib/i386-linux-gnu/libnss_nis-2.24.so
b6315000-b6316000 rw-p 0000b000 08:01 262177     /lib/i386-linux-gnu/libnss_nis-2.24.so
b6316000-b632c000 r-xp 00000000 08:01 262172     /lib/i386-linux-gnu/libnsl-2.24.so
b632c000-b632d000 r--p 00016000 08:01 262172     /lib/i386-linux-gnu/libnsl-2.24.so
b632d000-b632e000 rw-p 00017000 08:01 262172     /lib/i386-linux-gnu/libnsl-2.24.so
b632e000-b6330000 rw-p 00000000 00:00 0 
b6330000-b6331000 r--s 00010000 08:01 280586     /usr/lib/jvm/java-8-openjdk-i386/jre/lib/ext/zipfs.jar
b6331000-b6334000 r--s 0000f000 08:01 280579     /usr/lib/jvm/java-8-openjdk-i386/jre/lib/ext/icedtea-sound.jar
b6334000-b6335000 r--s 0000a000 08:01 280580     /usr/lib/jvm/java-8-openjdk-i386/jre/lib/ext/jaccess.jar
b6335000-b633d000 rw-s 00000000 08:01 266463     /tmp/hsperfdata_sergio/15371
b633d000-b6365000 r-xp 00000000 08:01 280602     /usr/lib/jvm/java-8-openjdk-i386/jre/lib/i386/libjava.so
b6365000-b6366000 r--p 00027000 08:01 280602     /usr/lib/jvm/java-8-openjdk-i386/jre/lib/i386/libjava.so
b6366000-b6367000 rw-p 00028000 08:01 280602     /usr/lib/jvm/java-8-openjdk-i386/jre/lib/i386/libjava.so
b6367000-b6375000 r-xp 00000000 08:01 280620     /usr/lib/jvm/java-8-openjdk-i386/jre/lib/i386/libverify.so
b6375000-b6376000 r--p 0000d000 08:01 280620     /usr/lib/jvm/java-8-openjdk-i386/jre/lib/i386/libverify.so
b6376000-b6377000 rw-p 0000e000 08:01 280620     /usr/lib/jvm/java-8-openjdk-i386/jre/lib/i386/libverify.so
b6377000-b637e000 r-xp 00000000 08:01 262182     /lib/i386-linux-gnu/librt-2.24.so
b637e000-b637f000 r--p 00006000 08:01 262182     /lib/i386-linux-gnu/librt-2.24.so
b637f000-b6380000 rw-p 00007000 08:01 262182     /lib/i386-linux-gnu/librt-2.24.so
b6380000-b6383000 ---p 00000000 00:00 0 
b6383000-b63d1000 rw-p 00000000 00:00 0 
b63d1000-b63ed000 r-xp 00000000 08:01 262160     /lib/i386-linux-gnu/libgcc_s.so.1
b63ed000-b63ee000 r--p 0001b000 08:01 262160     /lib/i386-linux-gnu/libgcc_s.so.1
b63ee000-b63ef000 rw-p 0001c000 08:01 262160     /lib/i386-linux-gnu/libgcc_s.so.1
b63ef000-b6442000 r-xp 00000000 08:01 262170     /lib/i386-linux-gnu/libm-2.24.so
b6442000-b6443000 r--p 00052000 08:01 262170     /lib/i386-linux-gnu/libm-2.24.so
b6443000-b6444000 rw-p 00053000 08:01 262170     /lib/i386-linux-gnu/libm-2.24.so
b6444000-b65b4000 r-xp 00000000 08:01 6430       /usr/lib/i386-linux-gnu/libstdc++.so.6.0.22
b65b4000-b65ba000 r--p 0016f000 08:01 6430       /usr/lib/i386-linux-gnu/libstdc++.so.6.0.22
b65ba000-b65bb000 rw-p 00175000 08:01 6430       /usr/lib/i386-linux-gnu/libstdc++.so.6.0.22
b65bb000-b65be000 rw-p 00000000 00:00 0 
b65be000-b707e000 r-xp 00000000 08:01 280623     /usr/lib/jvm/java-8-openjdk-i386/jre/lib/i386/server/libjvm.so
b707e000-b70ca000 r--p 00abf000 08:01 280623     /usr/lib/jvm/java-8-openjdk-i386/jre/lib/i386/server/libjvm.so
b70ca000-b70e1000 rw-p 00b0b000 08:01 280623     /usr/lib/jvm/java-8-openjdk-i386/jre/lib/i386/server/libjvm.so
b70e1000-b7500000 rw-p 00000000 00:00 0 
b7500000-b7502000 rw-p 00000000 00:00 0 
b7502000-b76b3000 r-xp 00000000 08:01 262166     /lib/i386-linux-gnu/libc-2.24.so
b76b3000-b76b5000 r--p 001b0000 08:01 262166     /lib/i386-linux-gnu/libc-2.24.so
b76b5000-b76b6000 rw-p 001b2000 08:01 262166     /lib/i386-linux-gnu/libc-2.24.so
b76b6000-b76b9000 rw-p 00000000 00:00 0 
b76b9000-b76bc000 r-xp 00000000 08:01 262169     /lib/i386-linux-gnu/libdl-2.24.so
b76bc000-b76bd000 r--p 00002000 08:01 262169     /lib/i386-linux-gnu/libdl-2.24.so
b76bd000-b76be000 rw-p 00003000 08:01 262169     /lib/i386-linux-gnu/libdl-2.24.so
b76be000-b76cb000 r-xp 00000000 08:01 280588     /usr/lib/jvm/java-8-openjdk-i386/jre/lib/i386/jli/libjli.so
b76cb000-b76cc000 r--p 0000c000 08:01 280588     /usr/lib/jvm/java-8-openjdk-i386/jre/lib/i386/jli/libjli.so
b76cc000-b76cd000 rw-p 0000d000 08:01 280588     /usr/lib/jvm/java-8-openjdk-i386/jre/lib/i386/jli/libjli.so
b76cd000-b76e6000 r-xp 00000000 08:01 262405     /lib/i386-linux-gnu/libz.so.1.2.8
b76e6000-b76e7000 r--p 00018000 08:01 262405     /lib/i386-linux-gnu/libz.so.1.2.8
b76e7000-b76e8000 rw-p 00019000 08:01 262405     /lib/i386-linux-gnu/libz.so.1.2.8
b76e8000-b7701000 r-xp 00000000 08:01 262180     /lib/i386-linux-gnu/libpthread-2.24.so
b7701000-b7702000 r--p 00018000 08:01 262180     /lib/i386-linux-gnu/libpthread-2.24.so
b7702000-b7703000 rw-p 00019000 08:01 262180     /lib/i386-linux-gnu/libpthread-2.24.so
b7703000-b7705000 rw-p 00000000 00:00 0 
b7705000-b7706000 r--p 0019a000 08:01 1266       /usr/lib/locale/locale-archive
b7706000-b770e000 r-xp 00000000 08:01 262173     /lib/i386-linux-gnu/libnss_compat-2.24.so
b770e000-b770f000 r--p 00007000 08:01 262173     /lib/i386-linux-gnu/libnss_compat-2.24.so
b770f000-b7710000 rw-p 00008000 08:01 262173     /lib/i386-linux-gnu/libnss_compat-2.24.so
b7710000-b7711000 rw-p 00000000 00:00 0 
b7711000-b7712000 ---p 00000000 00:00 0 
b7712000-b7715000 rw-p 00000000 00:00 0 
b7715000-b7717000 r--p 00000000 00:00 0          [vvar]
b7717000-b7719000 r-xp 00000000 00:00 0          [vdso]
b7719000-b773c000 r-xp 00000000 08:01 262162     /lib/i386-linux-gnu/ld-2.24.so
b773c000-b773d000 r--p 00022000 08:01 262162     /lib/i386-linux-gnu/ld-2.24.so
b773d000-b773e000 rw-p 00023000 08:01 262162     /lib/i386-linux-gnu/ld-2.24.so
bfdbe000-bfddf000 rw-p 00000000 00:00 0          [stack]

VM Arguments:
jvm_args: -Dfile.encoding=UTF-8 
java_command: viagens_cliente.rca.Viagens_clienteRca
java_class_path (initial): /opt/payara5/glassfish/lib/appserv-rt.jar:/opt/payara5/glassfish/lib/gf-client.jar:/opt/payara5/glassfish/lib/javaee.jar:/opt/payara5/glassfish/lib/jndi-properties.jar:/home/sergio/PD_TP_ESPECIAL/viagens-lib/build/classes:/home/sergio/PD_TP_ESPECIAL/viagens_cliente-rca/build/classes
Launcher Type: SUN_STANDARD

Environment Variables:
PATH=/usr/local/bin:/usr/bin:/bin:/usr/local/games:/usr/games
LD_LIBRARY_PATH=/usr/lib/jvm/java-8-openjdk-i386/jre/lib/amd64:/usr/lib/jvm/java-8-openjdk-i386/jre/lib/i386:
SHELL=/bin/bash
DISPLAY=:0.0

Signal Handlers:
SIGSEGV: [libjvm.so+0x8c88c0], sa_mask[0]=11111111011111111101111111111110, sa_flags=SA_RESTART|SA_SIGINFO
SIGBUS: [libjvm.so+0x8c88c0], sa_mask[0]=11111111011111111101111111111110, sa_flags=SA_RESTART|SA_SIGINFO
SIGFPE: [libjvm.so+0x726380], sa_mask[0]=11111111011111111101111111111110, sa_flags=SA_RESTART|SA_SIGINFO
SIGPIPE: [libjvm.so+0x726380], sa_mask[0]=11111111011111111101111111111110, sa_flags=SA_RESTART|SA_SIGINFO
SIGXFSZ: [libjvm.so+0x726380], sa_mask[0]=11111111011111111101111111111110, sa_flags=SA_RESTART|SA_SIGINFO
SIGILL: [libjvm.so+0x726380], sa_mask[0]=11111111011111111101111111111110, sa_flags=SA_RESTART|SA_SIGINFO
SIGUSR1: SIG_DFL, sa_mask[0]=00000000000000000000000000000000, sa_flags=none
SIGUSR2: [libjvm.so+0x7261c0], sa_mask[0]=00100000000000000000000000000000, sa_flags=SA_RESTART|SA_SIGINFO
SIGHUP: [libjvm.so+0x726810], sa_mask[0]=11111111011111111101111111111110, sa_flags=SA_RESTART|SA_SIGINFO
SIGINT: SIG_IGN, sa_mask[0]=00000000000000000000000000000000, sa_flags=none
SIGTERM: [libjvm.so+0x726810], sa_mask[0]=11111111011111111101111111111110, sa_flags=SA_RESTART|SA_SIGINFO
SIGQUIT: [libjvm.so+0x726810], sa_mask[0]=11111111011111111101111111111110, sa_flags=SA_RESTART|SA_SIGINFO


---------------  S Y S T E M  ---------------

OS:PRETTY_NAME="Debian GNU/Linux 9 (stretch)"
NAME="Debian GNU/Linux"
VERSION_ID="9"
VERSION="9 (stretch)"
ID=debian
HOME_URL="https://www.debian.org/"
SUPPORT_URL="https://www.debian.org/support"
BUG_REPORT_URL="https://bugs.debian.org/"

uname:Linux 4.9.0-8-686-pae #1 SMP Debian 4.9.130-2 (2018-10-27) i686
libc:glibc 2.24 NPTL 2.24 
rlimit: STACK 8192k, CORE 0k, NPROC 16012, NOFILE 1048576, AS infinity
load average:1.29 0.88 0.46

/proc/meminfo:
MemTotal:        2067540 kB
MemFree:          117140 kB
MemAvailable:          0 kB
Buffers:            2276 kB
Cached:            32484 kB
SwapCached:            0 kB
Active:          1887024 kB
Inactive:          25608 kB
Active(anon):    1878196 kB
Inactive(anon):    14808 kB
Active(file):       8828 kB
Inactive(file):    10800 kB
Unevictable:          96 kB
Mlocked:              96 kB
HighTotal:       1185736 kB
HighFree:          15232 kB
LowTotal:         881804 kB
LowFree:          101908 kB
SwapTotal:             0 kB
SwapFree:              0 kB
Dirty:               368 kB
Writeback:             0 kB
AnonPages:       1877988 kB
Mapped:            28320 kB
Shmem:             15112 kB
Slab:              18120 kB
SReclaimable:       8840 kB
SUnreclaim:         9280 kB
KernelStack:        2328 kB
PageTables:         7952 kB
NFS_Unstable:          0 kB
Bounce:                0 kB
WritebackTmp:          0 kB
CommitLimit:     1033768 kB
Committed_AS:    2388236 kB
VmallocTotal:     122880 kB
VmallocUsed:           0 kB
VmallocChunk:          0 kB
HardwareCorrupted:     0 kB
AnonHugePages:         0 kB
ShmemHugePages:        0 kB
ShmemPmdMapped:        0 kB
HugePages_Total:       0
HugePages_Free:        0
HugePages_Rsvd:        0
HugePages_Surp:        0
Hugepagesize:       2048 kB
DirectMap4k:       20472 kB
DirectMap2M:      890880 kB


CPU:total 1 (initial active 1) (1 cores per cpu, 1 threads per core) family 6 model 58 stepping 9, cmov, cx8, fxsr, mmx, sse, sse2, sse3, ssse3, sse4.1, sse4.2, popcnt, avx, aes, clmul, tsc, tscinvbit, tscinv

/proc/cpuinfo:
processor	: 0
vendor_id	: GenuineIntel
cpu family	: 6
model		: 58
model name	: Intel(R) Core(TM) i7-3630QM CPU @ 2.40GHz
stepping	: 9
microcode	: 0x19
cpu MHz		: 2394.560
cache size	: 6144 KB
physical id	: 0
siblings	: 1
core id		: 0
cpu cores	: 1
apicid		: 0
initial apicid	: 0
fdiv_bug	: no
f00f_bug	: no
coma_bug	: no
fpu		: yes
fpu_exception	: yes
cpuid level	: 13
wp		: yes
flags		: fpu vme de pse tsc msr pae mce cx8 apic sep mtrr pge mca cmov pat pse36 clflush mmx fxsr sse sse2 nx rdtscp constant_tsc xtopology nonstop_tsc pni pclmulqdq monitor ssse3 cx16 sse4_1 sse4_2 x2apic popcnt aes xsave avx rdrand hypervisor lahf_lm fsgsbase
bugs		: cpu_meltdown spectre_v1 spectre_v2 spec_store_bypass l1tf
bogomips	: 4789.12
clflush size	: 64
cache_alignment	: 64
address sizes	: 36 bits physical, 48 bits virtual
power management:



Memory: 4k page, physical 2067540k(117140k free), swap 0k(0k free)

vm_info: OpenJDK Server VM (25.181-b13) for linux-x86 JRE (1.8.0_181-8u181-b13-2~deb9u1-b13), built on Oct 22 2018 18:05:23 by "buildd" with gcc 6.3.0 20170516

time: Tue Jan 15 00:15:57 2019
elapsed time: 10 seconds (0d 0h 0m 10s)

