#
# There is insufficient memory for the Java Runtime Environment to continue.
# Native memory allocation (mmap) failed to map 131072 bytes for committing reserved memory.
# Possible reasons:
#   The system is out of physical RAM or swap space
#   In 32 bit mode, the process size limit was hit
# Possible solutions:
#   Reduce memory load on the system
#   Increase physical memory or swap space
#   Check if swap backing store is full
#   Use 64 bit Java on a 64 bit OS
#   Decrease Java heap size (-Xmx/-Xms)
#   Decrease number of Java threads
#   Decrease Java thread stack sizes (-Xss)
#   Set larger code cache with -XX:ReservedCodeCacheSize=
# This output file may be truncated or incomplete.
#
#  Out of Memory Error (os_linux.cpp:2643), pid=9233, tid=0xb6414b40
#
# JRE version: OpenJDK Runtime Environment (8.0_181-b13) (build 1.8.0_181-8u181-b13-2~deb9u1-b13)
# Java VM: OpenJDK Server VM (25.181-b13 mixed mode linux-x86 )
# Failed to write core dump. Core dumps have been disabled. To enable core dumping, try "ulimit -c unlimited" before starting Java again
#

---------------  T H R E A D  ---------------

Current thread (0xb6208c00):  JavaThread "main" [_thread_in_vm, id=9237, stack(0xb63c4000,0xb6415000)]

Stack: [0xb63c4000,0xb6415000],  sp=0xb6411ef0,  free space=311k
Native frames: (J=compiled Java code, j=interpreted, Vv=VM code, C=native code)
V  [libjvm.so+0x8c7df3]
V  [libjvm.so+0x3750f6]
V  [libjvm.so+0x72b0a0]
V  [libjvm.so+0x724fb3]
V  [libjvm.so+0x8c495c]
V  [libjvm.so+0x6b0398]
V  [libjvm.so+0x6b05d1]
V  [libjvm.so+0x6b1905]
V  [libjvm.so+0x6b1a9c]
V  [libjvm.so+0x6b2f0c]
V  [libjvm.so+0x6b3067]
V  [libjvm.so+0x2da86f]
V  [libjvm.so+0x2defd9]
V  [libjvm.so+0x83da0d]
V  [libjvm.so+0x53869a]
V  [libjvm.so+0x539a6b]  JVM_DefineClassWithSource+0x6b
C  [libjava.so+0xb26b]  Java_java_lang_ClassLoader_defineClass1+0x17b
J 488  java.lang.ClassLoader.defineClass1(Ljava/lang/String;[BIILjava/security/ProtectionDomain;Ljava/lang/String;)Ljava/lang/Class; (0 bytes) @ 0xa739c00b [0xa739bf20+0xeb]
J 246 C1 java.lang.ClassLoader.defineClass(Ljava/lang/String;[BIILjava/security/ProtectionDomain;)Ljava/lang/Class; (43 bytes) @ 0xa7323f0f [0xa7323a60+0x4af]
J 222 C1 java.net.URLClassLoader.defineClass(Ljava/lang/String;Lsun/misc/Resource;)Ljava/lang/Class; (142 bytes) @ 0xa730a681 [0xa7308fe0+0x16a1]
J 160 C1 java.net.URLClassLoader$1.run()Ljava/lang/Class; (63 bytes) @ 0xa72e97ee [0xa72e95c0+0x22e]
J 138 C1 java.net.URLClassLoader$1.run()Ljava/lang/Object; (5 bytes) @ 0xa72e06d0 [0xa72e0660+0x70]
v  ~StubRoutines::call_stub
V  [libjvm.so+0x4fd07d]
V  [libjvm.so+0x4fc18a]
V  [libjvm.so+0x545a8d]  JVM_DoPrivileged+0x45d
C  [libjava.so+0x9da5]  Java_java_security_AccessController_doPrivileged__Ljava_security_PrivilegedExceptionAction_2Ljava_security_AccessControlContext_2+0x25
J 118  java.security.AccessController.doPrivileged(Ljava/security/PrivilegedExceptionAction;Ljava/security/AccessControlContext;)Ljava/lang/Object; (0 bytes) @ 0xa72d4c8c [0xa72d4be0+0xac]
J 137 C1 java.net.URLClassLoader.findClass(Ljava/lang/String;)Ljava/lang/Class; (47 bytes) @ 0xa72dfff2 [0xa72dfec0+0x132]
J 98 C1 java.lang.ClassLoader.loadClass(Ljava/lang/String;Z)Ljava/lang/Class; (122 bytes) @ 0xa72d1da7 [0xa72d1660+0x747]
J 153 C1 sun.misc.Launcher$AppClassLoader.loadClass(Ljava/lang/String;Z)Ljava/lang/Class; (85 bytes) @ 0xa72e58b7 [0xa72e5120+0x797]
J 152 C1 java.lang.ClassLoader.loadClass(Ljava/lang/String;)Ljava/lang/Class; (7 bytes) @ 0xa72e4dff [0xa72e4d20+0xdf]
v  ~StubRoutines::call_stub
V  [libjvm.so+0x4fd07d]
V  [libjvm.so+0x4fac10]
V  [libjvm.so+0x4fb12b]
V  [libjvm.so+0x8443a1]
V  [libjvm.so+0x842e06]
V  [libjvm.so+0x844e36]
V  [libjvm.so+0x36764b]
V  [libjvm.so+0x4eb3db]
j  com.sun.tools.javac.code.Scope$CompoundScope.getElementsByName(Lcom/sun/tools/javac/util/Name;Lcom/sun/tools/javac/util/Filter;)Ljava/lang/Iterable;+0
j  com.sun.tools.javac.comp.Check.checkOverrideClashes(Lcom/sun/tools/javac/util/JCDiagnostic$DiagnosticPosition;Lcom/sun/tools/javac/code/Type;Lcom/sun/tools/javac/code/Symbol$MethodSymbol;)V+34
j  com.sun.tools.javac.comp.Attr.visitMethodDef(Lcom/sun/tools/javac/tree/JCTree$JCMethodDecl;)V+175
j  com.sun.tools.javac.tree.JCTree$JCMethodDecl.accept(Lcom/sun/tools/javac/tree/JCTree$Visitor;)V+2
j  com.sun.tools.javac.comp.Attr.attribTree(Lcom/sun/tools/javac/tree/JCTree;Lcom/sun/tools/javac/comp/Env;Lcom/sun/tools/javac/comp/Attr$ResultInfo;)Lcom/sun/tools/javac/code/Type;+24
j  com.sun.tools.javac.comp.Attr.attribStat(Lcom/sun/tools/javac/tree/JCTree;Lcom/sun/tools/javac/comp/Env;)Lcom/sun/tools/javac/code/Type;+7
j  com.sun.tools.javac.comp.Attr.attribClassBody(Lcom/sun/tools/javac/comp/Env;Lcom/sun/tools/javac/code/Symbol$ClassSymbol;)V+472
j  com.sun.tools.javac.comp.Attr.attribClass(Lcom/sun/tools/javac/code/Symbol$ClassSymbol;)V+392
j  com.sun.tools.javac.comp.Attr.attribClass(Lcom/sun/tools/javac/util/JCDiagnostic$DiagnosticPosition;Lcom/sun/tools/javac/code/Symbol$ClassSymbol;)V+9
j  com.sun.tools.javac.comp.Attr.attrib(Lcom/sun/tools/javac/comp/Env;)V+36
j  com.sun.tools.javac.main.JavaCompiler.attribute(Lcom/sun/tools/javac/comp/Env;)Lcom/sun/tools/javac/comp/Env;+176
j  com.sun.tools.javac.main.JavaCompiler.compile2()V+177
j  com.sun.tools.javac.main.JavaCompiler.compile(Lcom/sun/tools/javac/util/List;Lcom/sun/tools/javac/util/List;Ljava/lang/Iterable;)V+165
j  com.sun.tools.javac.main.Main.compile([Ljava/lang/String;[Ljava/lang/String;Lcom/sun/tools/javac/util/Context;Lcom/sun/tools/javac/util/List;Ljava/lang/Iterable;)Lcom/sun/tools/javac/main/Main$Result;+1299
j  com.sun.tools.javac.main.Main.compile([Ljava/lang/String;Lcom/sun/tools/javac/util/Context;Lcom/sun/tools/javac/util/List;Ljava/lang/Iterable;)Lcom/sun/tools/javac/main/Main$Result;+7
j  com.sun.tools.javac.main.Main.compile([Ljava/lang/String;Lcom/sun/tools/javac/util/Context;)Lcom/sun/tools/javac/main/Main$Result;+7
j  com.sun.tools.javac.main.Main.compile([Ljava/lang/String;)Lcom/sun/tools/javac/main/Main$Result;+15
j  com.sun.tools.javac.Main.compile([Ljava/lang/String;)I+12
j  com.sun.tools.javac.Main.main([Ljava/lang/String;)V+1
v  ~StubRoutines::call_stub
V  [libjvm.so+0x4fd07d]
V  [libjvm.so+0x4fc18a]
V  [libjvm.so+0x51b4a7]
V  [libjvm.so+0x51d240]
C  [libjli.so+0x2c60]
C  [libpthread.so.0+0x627a]  start_thread+0xda
C  [libc.so.6+0xe7ae6]  clone+0x66

Java frames: (J=compiled Java code, j=interpreted, Vv=VM code)
J 488  java.lang.ClassLoader.defineClass1(Ljava/lang/String;[BIILjava/security/ProtectionDomain;Ljava/lang/String;)Ljava/lang/Class; (0 bytes) @ 0xa739bfc7 [0xa739bf20+0xa7]
J 246 C1 java.lang.ClassLoader.defineClass(Ljava/lang/String;[BIILjava/security/ProtectionDomain;)Ljava/lang/Class; (43 bytes) @ 0xa7323f0f [0xa7323a60+0x4af]
J 222 C1 java.net.URLClassLoader.defineClass(Ljava/lang/String;Lsun/misc/Resource;)Ljava/lang/Class; (142 bytes) @ 0xa730a681 [0xa7308fe0+0x16a1]
J 160 C1 java.net.URLClassLoader$1.run()Ljava/lang/Class; (63 bytes) @ 0xa72e97ee [0xa72e95c0+0x22e]
J 138 C1 java.net.URLClassLoader$1.run()Ljava/lang/Object; (5 bytes) @ 0xa72e06d0 [0xa72e0660+0x70]
v  ~StubRoutines::call_stub
J 118  java.security.AccessController.doPrivileged(Ljava/security/PrivilegedExceptionAction;Ljava/security/AccessControlContext;)Ljava/lang/Object; (0 bytes) @ 0xa72d4c48 [0xa72d4be0+0x68]
J 137 C1 java.net.URLClassLoader.findClass(Ljava/lang/String;)Ljava/lang/Class; (47 bytes) @ 0xa72dfff2 [0xa72dfec0+0x132]
J 98 C1 java.lang.ClassLoader.loadClass(Ljava/lang/String;Z)Ljava/lang/Class; (122 bytes) @ 0xa72d1da7 [0xa72d1660+0x747]
J 153 C1 sun.misc.Launcher$AppClassLoader.loadClass(Ljava/lang/String;Z)Ljava/lang/Class; (85 bytes) @ 0xa72e58b7 [0xa72e5120+0x797]
J 152 C1 java.lang.ClassLoader.loadClass(Ljava/lang/String;)Ljava/lang/Class; (7 bytes) @ 0xa72e4dff [0xa72e4d20+0xdf]
v  ~StubRoutines::call_stub
j  com.sun.tools.javac.code.Scope$CompoundScope.getElementsByName(Lcom/sun/tools/javac/util/Name;Lcom/sun/tools/javac/util/Filter;)Ljava/lang/Iterable;+0
j  com.sun.tools.javac.comp.Check.checkOverrideClashes(Lcom/sun/tools/javac/util/JCDiagnostic$DiagnosticPosition;Lcom/sun/tools/javac/code/Type;Lcom/sun/tools/javac/code/Symbol$MethodSymbol;)V+34
j  com.sun.tools.javac.comp.Attr.visitMethodDef(Lcom/sun/tools/javac/tree/JCTree$JCMethodDecl;)V+175
j  com.sun.tools.javac.tree.JCTree$JCMethodDecl.accept(Lcom/sun/tools/javac/tree/JCTree$Visitor;)V+2
j  com.sun.tools.javac.comp.Attr.attribTree(Lcom/sun/tools/javac/tree/JCTree;Lcom/sun/tools/javac/comp/Env;Lcom/sun/tools/javac/comp/Attr$ResultInfo;)Lcom/sun/tools/javac/code/Type;+24
j  com.sun.tools.javac.comp.Attr.attribStat(Lcom/sun/tools/javac/tree/JCTree;Lcom/sun/tools/javac/comp/Env;)Lcom/sun/tools/javac/code/Type;+7
j  com.sun.tools.javac.comp.Attr.attribClassBody(Lcom/sun/tools/javac/comp/Env;Lcom/sun/tools/javac/code/Symbol$ClassSymbol;)V+472
j  com.sun.tools.javac.comp.Attr.attribClass(Lcom/sun/tools/javac/code/Symbol$ClassSymbol;)V+392
j  com.sun.tools.javac.comp.Attr.attribClass(Lcom/sun/tools/javac/util/JCDiagnostic$DiagnosticPosition;Lcom/sun/tools/javac/code/Symbol$ClassSymbol;)V+9
j  com.sun.tools.javac.comp.Attr.attrib(Lcom/sun/tools/javac/comp/Env;)V+36
j  com.sun.tools.javac.main.JavaCompiler.attribute(Lcom/sun/tools/javac/comp/Env;)Lcom/sun/tools/javac/comp/Env;+176
j  com.sun.tools.javac.main.JavaCompiler.compile2()V+177
j  com.sun.tools.javac.main.JavaCompiler.compile(Lcom/sun/tools/javac/util/List;Lcom/sun/tools/javac/util/List;Ljava/lang/Iterable;)V+165
j  com.sun.tools.javac.main.Main.compile([Ljava/lang/String;[Ljava/lang/String;Lcom/sun/tools/javac/util/Context;Lcom/sun/tools/javac/util/List;Ljava/lang/Iterable;)Lcom/sun/tools/javac/main/Main$Result;+1299
j  com.sun.tools.javac.main.Main.compile([Ljava/lang/String;Lcom/sun/tools/javac/util/Context;Lcom/sun/tools/javac/util/List;Ljava/lang/Iterable;)Lcom/sun/tools/javac/main/Main$Result;+7
j  com.sun.tools.javac.main.Main.compile([Ljava/lang/String;Lcom/sun/tools/javac/util/Context;)Lcom/sun/tools/javac/main/Main$Result;+7
j  com.sun.tools.javac.main.Main.compile([Ljava/lang/String;)Lcom/sun/tools/javac/main/Main$Result;+15
j  com.sun.tools.javac.Main.compile([Ljava/lang/String;)I+12
j  com.sun.tools.javac.Main.main([Ljava/lang/String;)V+1
v  ~StubRoutines::call_stub

---------------  P R O C E S S  ---------------

Java Threads: ( => current thread )
  0xb6297400 JavaThread "Service Thread" daemon [_thread_blocked, id=9246, stack(0x8661f000,0x86670000)]
  0xb6284000 JavaThread "C1 CompilerThread1" daemon [_thread_blocked, id=9245, stack(0x86670000,0x866f1000)]
  0xb6282800 JavaThread "C2 CompilerThread0" daemon [_thread_blocked, id=9244, stack(0x866f1000,0x86772000)]
  0xb6281000 JavaThread "Signal Dispatcher" daemon [_thread_blocked, id=9243, stack(0x86772000,0x867c3000)]
  0xb6266000 JavaThread "Finalizer" daemon [_thread_blocked, id=9241, stack(0x8695e000,0x869af000)]
  0xb6264400 JavaThread "Reference Handler" daemon [_thread_blocked, id=9240, stack(0x869af000,0x86a00000)]
=>0xb6208c00 JavaThread "main" [_thread_in_vm, id=9237, stack(0xb63c4000,0xb6415000)]

Other Threads:
  0xb625ec00 VMThread [stack: 0x86b14000,0x86b95000] [id=9239]
  0xb6299000 WatcherThread [stack: 0x8659e000,0x8661f000] [id=9247]

VM state:synchronizing (normal execution)

VM Mutex/Monitor currently owned by a thread:  ([mutex/lock_event])
[0xb6206290] Threads_lock - owner thread: 0xb625ec00

Heap:
 def new generation   total 3264K, used 2710K [0x87400000, 0x87780000, 0x91ca0000)
  eden space 2944K,  81% used [0x87400000, 0x876558a0, 0x876e0000)
  from space 320K, 100% used [0x876e0000, 0x87730000, 0x87730000)
  to   space 320K,   0% used [0x87730000, 0x87730000, 0x87780000)
 tenured generation   total 7116K, used 6656K [0x91ca0000, 0x92393000, 0xa6e00000)
   the space 7116K,  93% used [0x91ca0000, 0x923201b8, 0x92320200, 0x92393000)
 Metaspace       used 5115K, capacity 5124K, committed 5144K, reserved 5424K

Card table byte_map: [0x87302000,0x87400000] byte_map_base: 0x86ec8000

Polling page: 0xb7755000

CodeCache: size=245760Kb used=1799Kb max_used=1822Kb free=243961Kb
 bounds [0xa7200000, 0xa7440000, 0xb6200000]
 total_blobs=709 nmethods=547 adapters=77
 compilation: enabled

Compilation events (10 events):
Event: 12.760 Thread 0xb6284000  560       2       com.sun.tools.javac.util.ListBuffer::next (56 bytes)
Event: 12.760 Thread 0xb6284000 nmethod 560 0xa73b71c8 code [0xa73b72e0, 0xa73b7434]
Event: 13.118 Thread 0xb6284000  561       2       com.sun.tools.javac.tree.JCTree::hasTag (14 bytes)
Event: 13.119 Thread 0xb6284000 nmethod 561 0xa73b7508 code [0xa73b7620, 0xa73b772c]
Event: 13.119 Thread 0xb6284000  562       2       com.sun.tools.javac.tree.TreeScanner::scan (33 bytes)
Event: 13.119 Thread 0xb6284000 nmethod 562 0xa73b77c8 code [0xa73b78e0, 0xa73b7a6c]
Event: 13.216 Thread 0xb6284000  563       2       com.sun.tools.javac.code.Types$UnaryVisitor::visit (7 bytes)
Event: 13.216 Thread 0xb6284000 nmethod 563 0xa73b7b88 code [0xa73b7ca0, 0xa73b7d8c]
Event: 13.800 Thread 0xb6282800 nmethod 393% 0xa73bed88 code [0xa73bf2c0, 0xa73c3564]
Event: 13.800 Thread 0xb6282800  537       4       com.sun.tools.javac.util.Name$Table::hashValue (36 bytes)

GC Heap History (10 events):
Event: 8.975 GC heap before
{Heap before GC invocations=6 (full 0):
 def new generation   total 2432K, used 2046K [0x87400000, 0x876a0000, 0x91ca0000)
  eden space 2176K,  82% used [0x87400000, 0x875bf9d0, 0x87620000)
  from space 256K, 100% used [0x87620000, 0x87660000, 0x87660000)
  to   space 256K,   0% used [0x87660000, 0x87660000, 0x876a0000)
 tenured generation   total 5504K, used 1508K [0x91ca0000, 0x92200000, 0xa6e00000)
   the space 5504K,  27% used [0x91ca0000, 0x91e19098, 0x91e19200, 0x92200000)
 Metaspace       used 4835K, capacity 4868K, committed 4888K, reserved 5424K
Event: 8.981 GC heap after
Heap after GC invocations=7 (full 0):
 def new generation   total 2432K, used 256K [0x87400000, 0x876a0000, 0x91ca0000)
  eden space 2176K,   0% used [0x87400000, 0x87400000, 0x87620000)
  from space 256K, 100% used [0x87660000, 0x876a0000, 0x876a0000)
  to   space 256K,   0% used [0x87620000, 0x87620000, 0x87660000)
 tenured generation   total 5504K, used 1866K [0x91ca0000, 0x92200000, 0xa6e00000)
   the space 5504K,  33% used [0x91ca0000, 0x91e72af8, 0x91e72c00, 0x92200000)
 Metaspace       used 4835K, capacity 4868K, committed 4888K, reserved 5424K
}
Event: 9.138 GC heap before
{Heap before GC invocations=7 (full 0):
 def new generation   total 2432K, used 2432K [0x87400000, 0x876a0000, 0x91ca0000)
  eden space 2176K, 100% used [0x87400000, 0x87620000, 0x87620000)
  from space 256K, 100% used [0x87660000, 0x876a0000, 0x876a0000)
  to   space 256K,   0% used [0x87620000, 0x87620000, 0x87660000)
 tenured generation   total 5504K, used 1866K [0x91ca0000, 0x92200000, 0xa6e00000)
   the space 5504K,  33% used [0x91ca0000, 0x91e72af8, 0x91e72c00, 0x92200000)
 Metaspace       used 4841K, capacity 4868K, committed 4888K, reserved 5424K
Event: 9.150 GC heap after
Heap after GC invocations=8 (full 0):
 def new generation   total 2432K, used 255K [0x87400000, 0x876a0000, 0x91ca0000)
  eden space 2176K,   0% used [0x87400000, 0x87400000, 0x87620000)
  from space 256K,  99% used [0x87620000, 0x8765fff8, 0x87660000)
  to   space 256K,   0% used [0x87660000, 0x87660000, 0x876a0000)
 tenured generation   total 5504K, used 3963K [0x91ca0000, 0x92200000, 0xa6e00000)
   the space 5504K,  72% used [0x91ca0000, 0x9207efe8, 0x9207f000, 0x92200000)
 Metaspace       used 4841K, capacity 4868K, committed 4888K, reserved 5424K
}
Event: 10.039 GC heap before
{Heap before GC invocations=8 (full 0):
 def new generation   total 2432K, used 2342K [0x87400000, 0x876a0000, 0x91ca0000)
  eden space 2176K,  95% used [0x87400000, 0x87609a60, 0x87620000)
  from space 256K,  99% used [0x87620000, 0x8765fff8, 0x87660000)
  to   space 256K,   0% used [0x87660000, 0x87660000, 0x876a0000)
 tenured generation   total 5504K, used 3963K [0x91ca0000, 0x92200000, 0xa6e00000)
   the space 5504K,  72% used [0x91ca0000, 0x9207efe8, 0x9207f000, 0x92200000)
 Metaspace       used 4852K, capacity 4868K, committed 4888K, reserved 5424K
Event: 10.409 GC heap after
Heap after GC invocations=9 (full 1):
 def new generation   total 3264K, used 0K [0x87400000, 0x87780000, 0x91ca0000)
  eden space 2944K,   0% used [0x87400000, 0x87400000, 0x876e0000)
  from space 320K,   0% used [0x876e0000, 0x876e0000, 0x87730000)
  to   space 320K,   0% used [0x87730000, 0x87730000, 0x87780000)
 tenured generation   total 7116K, used 4269K [0x91ca0000, 0x92393000, 0xa6e00000)
   the space 7116K,  59% used [0x91ca0000, 0x920cb558, 0x920cb600, 0x92393000)
 Metaspace       used 4852K, capacity 4868K, committed 4888K, reserved 5424K
}
Event: 11.198 GC heap before
{Heap before GC invocations=9 (full 1):
 def new generation   total 3264K, used 2944K [0x87400000, 0x87780000, 0x91ca0000)
  eden space 2944K, 100% used [0x87400000, 0x876e0000, 0x876e0000)
  from space 320K,   0% used [0x876e0000, 0x876e0000, 0x87730000)
  to   space 320K,   0% used [0x87730000, 0x87730000, 0x87780000)
 tenured generation   total 7116K, used 4269K [0x91ca0000, 0x92393000, 0xa6e00000)
   the space 7116K,  59% used [0x91ca0000, 0x920cb558, 0x920cb600, 0x92393000)
 Metaspace       used 4852K, capacity 4868K, committed 4888K, reserved 5424K
Event: 11.241 GC heap after
Heap after GC invocations=10 (full 1):
 def new generation   total 3264K, used 320K [0x87400000, 0x87780000, 0x91ca0000)
  eden space 2944K,   0% used [0x87400000, 0x87400000, 0x876e0000)
  from space 320K, 100% used [0x87730000, 0x87780000, 0x87780000)
  to   space 320K,   0% used [0x876e0000, 0x876e0000, 0x87730000)
 tenured generation   total 7116K, used 5972K [0x91ca0000, 0x92393000, 0xa6e00000)
   the space 7116K,  83% used [0x91ca0000, 0x92275380, 0x92275400, 0x92393000)
 Metaspace       used 4852K, capacity 4868K, committed 4888K, reserved 5424K
}
Event: 12.115 GC heap before
{Heap before GC invocations=10 (full 1):
 def new generation   total 3264K, used 3264K [0x87400000, 0x87780000, 0x91ca0000)
  eden space 2944K, 100% used [0x87400000, 0x876e0000, 0x876e0000)
  from space 320K, 100% used [0x87730000, 0x87780000, 0x87780000)
  to   space 320K,   0% used [0x876e0000, 0x876e0000, 0x87730000)
 tenured generation   total 7116K, used 5972K [0x91ca0000, 0x92393000, 0xa6e00000)
   the space 7116K,  83% used [0x91ca0000, 0x92275380, 0x92275400, 0x92393000)
 Metaspace       used 4972K, capacity 4996K, committed 5016K, reserved 5424K
Event: 12.190 GC heap after
Heap after GC invocations=11 (full 1):
 def new generation   total 3264K, used 320K [0x87400000, 0x87780000, 0x91ca0000)
  eden space 2944K,   0% used [0x87400000, 0x87400000, 0x876e0000)
  from space 320K, 100% used [0x876e0000, 0x87730000, 0x87730000)
  to   space 320K,   0% used [0x87730000, 0x87730000, 0x87780000)
 tenured generation   total 7116K, used 6656K [0x91ca0000, 0x92393000, 0xa6e00000)
   the space 7116K,  93% used [0x91ca0000, 0x923201b8, 0x92320200, 0x92393000)
 Metaspace       used 4972K, capacity 4996K, committed 5016K, reserved 5424K
}

Deoptimization events (4 events):
Event: 7.411 Thread 0xb6208c00 Uncommon trap: reason=unstable_if action=reinterpret pc=0xa730d394 method=java.util.zip.ZipCoder.encoder()Ljava/nio/charset/CharsetEncoder; @ 4
Event: 7.802 Thread 0xb6208c00 Uncommon trap: reason=unstable_if action=reinterpret pc=0xa72ff094 method=java.lang.String.replace(CC)Ljava/lang/String; @ 2
Event: 7.952 Thread 0xb6208c00 Uncommon trap: reason=class_check action=maybe_recompile pc=0xa7328c90 method=sun.misc.URLClassPath.getLoader(I)Lsun/misc/URLClassPath$Loader; @ 94
Event: 8.862 Thread 0xb6208c00 Uncommon trap: reason=unstable_if action=reinterpret pc=0xa732b708 method=java.lang.String.<init>([CII)V @ 18

Classes redefined (0 events):
No events

Internal exceptions (10 events):
Event: 2.580 Thread 0xb6208c00 Exception <a 'java/security/PrivilegedActionException'> (0x87595700) thrown at [/build/openjdk-8-FRGKAs/openjdk-8-8u181-b13/src/hotspot/src/share/vm/prims/jvm.cpp, line 1435]
Event: 2.580 Thread 0xb6208c00 Exception <a 'java/security/PrivilegedActionException'> (0x87597748) thrown at [/build/openjdk-8-FRGKAs/openjdk-8-8u181-b13/src/hotspot/src/share/vm/prims/jvm.cpp, line 1435]
Event: 2.580 Thread 0xb6208c00 Exception <a 'java/security/PrivilegedActionException'> (0x87597b28) thrown at [/build/openjdk-8-FRGKAs/openjdk-8-8u181-b13/src/hotspot/src/share/vm/prims/jvm.cpp, line 1435]
Event: 2.595 Thread 0xb6208c00 Exception <a 'java/security/PrivilegedActionException'> (0x87598740) thrown at [/build/openjdk-8-FRGKAs/openjdk-8-8u181-b13/src/hotspot/src/share/vm/prims/jvm.cpp, line 1435]
Event: 2.595 Thread 0xb6208c00 Exception <a 'java/security/PrivilegedActionException'> (0x87598b20) thrown at [/build/openjdk-8-FRGKAs/openjdk-8-8u181-b13/src/hotspot/src/share/vm/prims/jvm.cpp, line 1435]
Event: 2.700 Thread 0xb6208c00 Exception <a 'java/security/PrivilegedActionException'> (0x875cfda8) thrown at [/build/openjdk-8-FRGKAs/openjdk-8-8u181-b13/src/hotspot/src/share/vm/prims/jvm.cpp, line 1435]
Event: 2.700 Thread 0xb6208c00 Exception <a 'java/security/PrivilegedActionException'> (0x875d0188) thrown at [/build/openjdk-8-FRGKAs/openjdk-8-8u181-b13/src/hotspot/src/share/vm/prims/jvm.cpp, line 1435]
Event: 9.840 Thread 0xb6208c00 Exception <a 'java/io/FileNotFoundException'> (0x875bf500) thrown at [/build/openjdk-8-FRGKAs/openjdk-8-8u181-b13/src/hotspot/src/share/vm/prims/jni.cpp, line 709]
Event: 9.903 Thread 0xb6208c00 Exception <a 'java/io/FileNotFoundException'> (0x875f7be8) thrown at [/build/openjdk-8-FRGKAs/openjdk-8-8u181-b13/src/hotspot/src/share/vm/prims/jni.cpp, line 709]
Event: 9.903 Thread 0xb6208c00 Exception <a 'java/io/FileNotFoundException'> (0x875f8420) thrown at [/build/openjdk-8-FRGKAs/openjdk-8-8u181-b13/src/hotspot/src/share/vm/prims/jni.cpp, line 709]

Events (10 events):
Event: 13.217 loading class com/sun/tools/javac/code/Scope$3
Event: 13.217 loading class com/sun/tools/javac/code/Scope$3 done
Event: 13.396 loading class com/sun/tools/javac/code/Scope$3$1
Event: 13.396 loading class com/sun/tools/javac/code/Scope$3$1 done
Event: 13.397 loading class com/sun/tools/javac/code/Types$ImplementationCache$Entry
Event: 13.397 loading class com/sun/tools/javac/code/Types$ImplementationCache$Entry done
Event: 13.912 loading class com/sun/tools/javac/comp/Check$ClashFilter
Event: 13.912 loading class com/sun/tools/javac/comp/Check$ClashFilter done
Event: 14.006 loading class com/sun/tools/javac/code/Scope$CompoundScope$2
Event: 14.006 loading class com/sun/tools/javac/code/Scope$CompoundScope$2 done


Dynamic libraries:
00494000-00495000 r-xp 00000000 08:01 162652     /usr/lib/jvm/java-8-openjdk-i386/bin/javac
00495000-00496000 r--p 00000000 08:01 162652     /usr/lib/jvm/java-8-openjdk-i386/bin/javac
00496000-00497000 rw-p 00001000 08:01 162652     /usr/lib/jvm/java-8-openjdk-i386/bin/javac
00763000-00b46000 rw-p 00000000 00:00 0          [heap]
85f00000-85fe6000 rw-p 00000000 00:00 0 
85fe6000-86000000 ---p 00000000 00:00 0 
8604f000-860cb000 r--s 0079b000 08:01 413184     /home/sergio/netbeans-8.2/java/modules/ext/eclipselink/eclipselink.jar
860cb000-86100000 r--s 001a8000 08:01 291941     /home/sergio/netbeans-8.2/enterprise/modules/ext/javaee-api-7.0.jar
86100000-861c0000 rw-p 00000000 00:00 0 
861e0000-86200000 ---p 00000000 00:00 0 
86200000-862fb000 rw-p 00000000 00:00 0 
862fb000-86300000 ---p 00000000 00:00 0 
86300000-863ef000 rw-p 00000000 00:00 0 
863ef000-86400000 ---p 00000000 00:00 0 
86400000-864fd000 rw-p 00000000 00:00 0 
864fd000-86500000 ---p 00000000 00:00 0 
86507000-86524000 r--s 00131000 08:01 412171     /home/sergio/netbeans-8.2/java/modules/ext/eclipselink/org.eclipse.persistence.jpa.jpql_2.5.2.v20140319-9ad6abd.jar
86524000-8659e000 r--s 010ff000 08:01 162691     /usr/lib/jvm/java-8-openjdk-i386/lib/tools.jar
8659e000-8659f000 ---p 00000000 00:00 0 
8659f000-8661f000 rw-p 00000000 00:00 0 
8661f000-86622000 ---p 00000000 00:00 0 
86622000-86670000 rw-p 00000000 00:00 0 
86670000-86673000 ---p 00000000 00:00 0 
86673000-866f1000 rw-p 00000000 00:00 0 
866f1000-866f4000 ---p 00000000 00:00 0 
866f4000-86772000 rw-p 00000000 00:00 0 
86772000-86775000 ---p 00000000 00:00 0 
86775000-867c3000 rw-p 00000000 00:00 0 
867c3000-8695e000 r--p 00000000 08:01 1266       /usr/lib/locale/locale-archive
8695e000-86961000 ---p 00000000 00:00 0 
86961000-869af000 rw-p 00000000 00:00 0 
869af000-869b2000 ---p 00000000 00:00 0 
869b2000-86a00000 rw-p 00000000 00:00 0 
86a00000-86afd000 rw-p 00000000 00:00 0 
86afd000-86b00000 ---p 00000000 00:00 0 
86b14000-86b15000 ---p 00000000 00:00 0 
86b15000-86be3000 rw-p 00000000 00:00 0 
86be3000-86db2000 r--s 03c33000 08:01 280632     /usr/lib/jvm/java-8-openjdk-i386/jre/lib/rt.jar
86db2000-86e0d000 rw-p 00000000 00:00 0 
86e0d000-87253000 rw-p 00000000 00:00 0 
87253000-87259000 ---p 00000000 00:00 0 
87259000-8725d000 rw-p 00000000 00:00 0 
8725d000-87302000 ---p 00000000 00:00 0 
87302000-87304000 rw-p 00000000 00:00 0 
87304000-87356000 ---p 00000000 00:00 0 
87356000-8735a000 rw-p 00000000 00:00 0 
8735a000-873ff000 ---p 00000000 00:00 0 
873ff000-87780000 rw-p 00000000 00:00 0 
87780000-91ca0000 ---p 00000000 00:00 0 
91ca0000-92393000 rw-p 00000000 00:00 0 
92393000-a6e00000 ---p 00000000 00:00 0 
a6e12000-a6e19000 r--s 0009f000 08:01 164799     /home/sergio/netbeans-8.2/ide/modules/ext/postgresql-9.4.1209.jar
a6e19000-a6e1f000 r--s 00023000 08:01 412247     /home/sergio/netbeans-8.2/java/modules/ext/eclipselink/javax.persistence_2.1.0.v201304241213.jar
a6e1f000-a6e25000 r--s 0003b000 08:01 280584     /usr/lib/jvm/java-8-openjdk-i386/jre/lib/ext/sunjce_provider.jar
a6e25000-a6e40000 r--s 001d6000 08:01 280582     /usr/lib/jvm/java-8-openjdk-i386/jre/lib/ext/nashorn.jar
a6e40000-a6e49000 rw-p 00000000 00:00 0 
a6e49000-a7200000 ---p 00000000 00:00 0 
a7200000-a7440000 rwxp 00000000 00:00 0 
a7440000-b6200000 ---p 00000000 00:00 0 
b6200000-b62f3000 rw-p 00000000 00:00 0 
b62f3000-b6300000 ---p 00000000 00:00 0 
b6302000-b6305000 r--s 00038000 08:01 280585     /usr/lib/jvm/java-8-openjdk-i386/jre/lib/ext/sunpkcs11.jar
b6305000-b6307000 r--s 00007000 08:01 155715     /usr/share/java/java-atk-wrapper.jar
b6307000-b6311000 r--s 00116000 08:01 280581     /usr/lib/jvm/java-8-openjdk-i386/jre/lib/ext/localedata.jar
b6311000-b6313000 r--s 00008000 08:01 280583     /usr/lib/jvm/java-8-openjdk-i386/jre/lib/ext/sunec.jar
b6313000-b6315000 r--s 00001000 08:01 280578     /usr/lib/jvm/java-8-openjdk-i386/jre/lib/ext/dnsns.jar
b6315000-b6330000 r--s 00394000 08:01 280577     /usr/lib/jvm/java-8-openjdk-i386/jre/lib/ext/cldrdata.jar
b6330000-b6338000 r-xp 00000000 08:01 280621     /usr/lib/jvm/java-8-openjdk-i386/jre/lib/i386/libzip.so
b6338000-b6339000 r--p 00007000 08:01 280621     /usr/lib/jvm/java-8-openjdk-i386/jre/lib/i386/libzip.so
b6339000-b633a000 rw-p 00008000 08:01 280621     /usr/lib/jvm/java-8-openjdk-i386/jre/lib/i386/libzip.so
b633a000-b6345000 r-xp 00000000 08:01 262175     /lib/i386-linux-gnu/libnss_files-2.24.so
b6345000-b6346000 r--p 0000a000 08:01 262175     /lib/i386-linux-gnu/libnss_files-2.24.so
b6346000-b6347000 rw-p 0000b000 08:01 262175     /lib/i386-linux-gnu/libnss_files-2.24.so
b6347000-b634d000 rw-p 00000000 00:00 0 
b634d000-b6358000 r-xp 00000000 08:01 262177     /lib/i386-linux-gnu/libnss_nis-2.24.so
b6358000-b6359000 r--p 0000a000 08:01 262177     /lib/i386-linux-gnu/libnss_nis-2.24.so
b6359000-b635a000 rw-p 0000b000 08:01 262177     /lib/i386-linux-gnu/libnss_nis-2.24.so
b635a000-b6370000 r-xp 00000000 08:01 262172     /lib/i386-linux-gnu/libnsl-2.24.so
b6370000-b6371000 r--p 00016000 08:01 262172     /lib/i386-linux-gnu/libnsl-2.24.so
b6371000-b6372000 rw-p 00017000 08:01 262172     /lib/i386-linux-gnu/libnsl-2.24.so
b6372000-b6374000 rw-p 00000000 00:00 0 
b6374000-b6375000 r--s 00010000 08:01 280586     /usr/lib/jvm/java-8-openjdk-i386/jre/lib/ext/zipfs.jar
b6375000-b6378000 r--s 0000f000 08:01 280579     /usr/lib/jvm/java-8-openjdk-i386/jre/lib/ext/icedtea-sound.jar
b6378000-b6379000 r--s 0000a000 08:01 280580     /usr/lib/jvm/java-8-openjdk-i386/jre/lib/ext/jaccess.jar
b6379000-b6381000 rw-s 00000000 08:01 265785     /tmp/hsperfdata_sergio/9233
b6381000-b63a9000 r-xp 00000000 08:01 280602     /usr/lib/jvm/java-8-openjdk-i386/jre/lib/i386/libjava.so
b63a9000-b63aa000 r--p 00027000 08:01 280602     /usr/lib/jvm/java-8-openjdk-i386/jre/lib/i386/libjava.so
b63aa000-b63ab000 rw-p 00028000 08:01 280602     /usr/lib/jvm/java-8-openjdk-i386/jre/lib/i386/libjava.so
b63ab000-b63b9000 r-xp 00000000 08:01 280620     /usr/lib/jvm/java-8-openjdk-i386/jre/lib/i386/libverify.so
b63b9000-b63ba000 r--p 0000d000 08:01 280620     /usr/lib/jvm/java-8-openjdk-i386/jre/lib/i386/libverify.so
b63ba000-b63bb000 rw-p 0000e000 08:01 280620     /usr/lib/jvm/java-8-openjdk-i386/jre/lib/i386/libverify.so
b63bb000-b63c2000 r-xp 00000000 08:01 262182     /lib/i386-linux-gnu/librt-2.24.so
b63c2000-b63c3000 r--p 00006000 08:01 262182     /lib/i386-linux-gnu/librt-2.24.so
b63c3000-b63c4000 rw-p 00007000 08:01 262182     /lib/i386-linux-gnu/librt-2.24.so
b63c4000-b63c7000 ---p 00000000 00:00 0 
b63c7000-b6415000 rw-p 00000000 00:00 0 
b6415000-b6431000 r-xp 00000000 08:01 262160     /lib/i386-linux-gnu/libgcc_s.so.1
b6431000-b6432000 r--p 0001b000 08:01 262160     /lib/i386-linux-gnu/libgcc_s.so.1
b6432000-b6433000 rw-p 0001c000 08:01 262160     /lib/i386-linux-gnu/libgcc_s.so.1
b6433000-b6486000 r-xp 00000000 08:01 262170     /lib/i386-linux-gnu/libm-2.24.so
b6486000-b6487000 r--p 00052000 08:01 262170     /lib/i386-linux-gnu/libm-2.24.so
b6487000-b6488000 rw-p 00053000 08:01 262170     /lib/i386-linux-gnu/libm-2.24.so
b6488000-b65f8000 r-xp 00000000 08:01 6430       /usr/lib/i386-linux-gnu/libstdc++.so.6.0.22
b65f8000-b65fe000 r--p 0016f000 08:01 6430       /usr/lib/i386-linux-gnu/libstdc++.so.6.0.22
b65fe000-b65ff000 rw-p 00175000 08:01 6430       /usr/lib/i386-linux-gnu/libstdc++.so.6.0.22
b65ff000-b6602000 rw-p 00000000 00:00 0 
b6602000-b70c2000 r-xp 00000000 08:01 280623     /usr/lib/jvm/java-8-openjdk-i386/jre/lib/i386/server/libjvm.so
b70c2000-b710e000 r--p 00abf000 08:01 280623     /usr/lib/jvm/java-8-openjdk-i386/jre/lib/i386/server/libjvm.so
b710e000-b7125000 rw-p 00b0b000 08:01 280623     /usr/lib/jvm/java-8-openjdk-i386/jre/lib/i386/server/libjvm.so
b7125000-b7544000 rw-p 00000000 00:00 0 
b7544000-b7546000 rw-p 00000000 00:00 0 
b7546000-b76f7000 r-xp 00000000 08:01 262166     /lib/i386-linux-gnu/libc-2.24.so
b76f7000-b76f9000 r--p 001b0000 08:01 262166     /lib/i386-linux-gnu/libc-2.24.so
b76f9000-b76fa000 rw-p 001b2000 08:01 262166     /lib/i386-linux-gnu/libc-2.24.so
b76fa000-b76fd000 rw-p 00000000 00:00 0 
b76fd000-b7700000 r-xp 00000000 08:01 262169     /lib/i386-linux-gnu/libdl-2.24.so
b7700000-b7701000 r--p 00002000 08:01 262169     /lib/i386-linux-gnu/libdl-2.24.so
b7701000-b7702000 rw-p 00003000 08:01 262169     /lib/i386-linux-gnu/libdl-2.24.so
b7702000-b770f000 r-xp 00000000 08:01 280588     /usr/lib/jvm/java-8-openjdk-i386/jre/lib/i386/jli/libjli.so
b770f000-b7710000 r--p 0000c000 08:01 280588     /usr/lib/jvm/java-8-openjdk-i386/jre/lib/i386/jli/libjli.so
b7710000-b7711000 rw-p 0000d000 08:01 280588     /usr/lib/jvm/java-8-openjdk-i386/jre/lib/i386/jli/libjli.so
b7711000-b772a000 r-xp 00000000 08:01 262405     /lib/i386-linux-gnu/libz.so.1.2.8
b772a000-b772b000 r--p 00018000 08:01 262405     /lib/i386-linux-gnu/libz.so.1.2.8
b772b000-b772c000 rw-p 00019000 08:01 262405     /lib/i386-linux-gnu/libz.so.1.2.8
b772c000-b7745000 r-xp 00000000 08:01 262180     /lib/i386-linux-gnu/libpthread-2.24.so
b7745000-b7746000 r--p 00018000 08:01 262180     /lib/i386-linux-gnu/libpthread-2.24.so
b7746000-b7747000 rw-p 00019000 08:01 262180     /lib/i386-linux-gnu/libpthread-2.24.so
b7747000-b7749000 rw-p 00000000 00:00 0 
b7749000-b774a000 r--p 0019a000 08:01 1266       /usr/lib/locale/locale-archive
b774a000-b7752000 r-xp 00000000 08:01 262173     /lib/i386-linux-gnu/libnss_compat-2.24.so
b7752000-b7753000 r--p 00007000 08:01 262173     /lib/i386-linux-gnu/libnss_compat-2.24.so
b7753000-b7754000 rw-p 00008000 08:01 262173     /lib/i386-linux-gnu/libnss_compat-2.24.so
b7754000-b7755000 rw-p 00000000 00:00 0 
b7755000-b7756000 ---p 00000000 00:00 0 
b7756000-b7759000 rw-p 00000000 00:00 0 
b7759000-b775b000 r--p 00000000 00:00 0          [vvar]
b775b000-b775d000 r-xp 00000000 00:00 0          [vdso]
b775d000-b7780000 r-xp 00000000 08:01 262162     /lib/i386-linux-gnu/ld-2.24.so
b7780000-b7781000 r--p 00022000 08:01 262162     /lib/i386-linux-gnu/ld-2.24.so
b7781000-b7782000 rw-p 00023000 08:01 262162     /lib/i386-linux-gnu/ld-2.24.so
bfbfb000-bfc1c000 rw-p 00000000 00:00 0          [stack]

VM Arguments:
jvm_args: -Dapplication.home=/usr/lib/jvm/java-8-openjdk-i386 -Xms8m 
java_command: com.sun.tools.javac.Main -d /home/sergio/PD_TP_ESPECIAL/viagens-lib/build/classes -classpath /home/sergio/PD_TP_ESPECIAL/viagens-lib/build/classes:/home/sergio/netbeans-8.2/enterprise/modules/ext/javaee-api-7.0.jar:/home/sergio/netbeans-8.2/java/modules/ext/eclipselink/javax.persistence_2.1.0.v201304241213.jar:/home/sergio/netbeans-8.2/ide/modules/ext/postgresql-9.4.1209.jar:/home/sergio/netbeans-8.2/java/modules/ext/eclipselink/eclipselink.jar:/home/sergio/netbeans-8.2/java/modules/ext/eclipselink/org.eclipse.persistence.jpa.jpql_2.5.2.v20140319-9ad6abd.jar -sourcepath /home/sergio/PD_TP_ESPECIAL/viagens-lib/build/empty -target 1.8 -encoding UTF-8 -g -processorpath /home/sergio/netbeans-8.2/enterprise/modules/ext/javaee-api-7.0.jar:/home/sergio/netbeans-8.2/java/modules/ext/eclipselink/javax.persistence_2.1.0.v201304241213.jar:/home/sergio/netbeans-8.2/ide/modules/ext/postgresql-9.4.1209.jar:/home/sergio/netbeans-8.2/java/modules/ext/eclipselink/eclipselink.jar:/home/sergio/netbeans-8.2/java/modules/ext/eclipselink/org.eclipse.persistence.jpa.jpql_2.5.2.v20140319-9ad6abd.jar:/home/sergio/PD_TP_ESPECIAL/viagens-lib/build/empty -s /home/sergio/PD_TP_ESPECIAL/viagens-lib/build/generated-sources/ap-source-output -source 1.8 /home/sergio/PD_TP_ESPECIAL/viagens-lib/src/regras/negocio/ControladorRemote.java /home/sergio/PD_TP_ESPECIAL/viagens-lib/src/regras/negocio/entidade/UtilizadorPojo.java
java_class_path (initial): /usr/lib/jvm/java-8-openjdk-i386/lib/tools.jar:/usr/lib/jvm/java-8-openjdk-i386/classes
Launcher Type: SUN_STANDARD

Environment Variables:
PATH=/usr/local/bin:/usr/bin:/bin:/usr/local/games:/usr/games
LD_LIBRARY_PATH=/usr/lib/jvm/java-8-openjdk-i386/jre/lib/amd64:/usr/lib/jvm/java-8-openjdk-i386/jre/lib/i386:
SHELL=/bin/bash
DISPLAY=:0.0

Signal Handlers:
SIGSEGV: [libjvm.so+0x8c88c0], sa_mask[0]=11111111011111111101111111111110, sa_flags=SA_RESTART|SA_SIGINFO
SIGBUS: [libjvm.so+0x8c88c0], sa_mask[0]=11111111011111111101111111111110, sa_flags=SA_RESTART|SA_SIGINFO
SIGFPE: [libjvm.so+0x726380], sa_mask[0]=11111111011111111101111111111110, sa_flags=SA_RESTART|SA_SIGINFO
SIGPIPE: [libjvm.so+0x726380], sa_mask[0]=11111111011111111101111111111110, sa_flags=SA_RESTART|SA_SIGINFO
SIGXFSZ: [libjvm.so+0x726380], sa_mask[0]=11111111011111111101111111111110, sa_flags=SA_RESTART|SA_SIGINFO
SIGILL: [libjvm.so+0x726380], sa_mask[0]=11111111011111111101111111111110, sa_flags=SA_RESTART|SA_SIGINFO
SIGUSR1: SIG_DFL, sa_mask[0]=00000000000000000000000000000000, sa_flags=none
SIGUSR2: [libjvm.so+0x7261c0], sa_mask[0]=00100000000000000000000000000000, sa_flags=SA_RESTART|SA_SIGINFO
SIGHUP: [libjvm.so+0x726810], sa_mask[0]=11111111011111111101111111111110, sa_flags=SA_RESTART|SA_SIGINFO
SIGINT: SIG_IGN, sa_mask[0]=00000000000000000000000000000000, sa_flags=none
SIGTERM: [libjvm.so+0x726810], sa_mask[0]=11111111011111111101111111111110, sa_flags=SA_RESTART|SA_SIGINFO
SIGQUIT: [libjvm.so+0x726810], sa_mask[0]=11111111011111111101111111111110, sa_flags=SA_RESTART|SA_SIGINFO


---------------  S Y S T E M  ---------------

OS:PRETTY_NAME="Debian GNU/Linux 9 (stretch)"
NAME="Debian GNU/Linux"
VERSION_ID="9"
VERSION="9 (stretch)"
ID=debian
HOME_URL="https://www.debian.org/"
SUPPORT_URL="https://www.debian.org/support"
BUG_REPORT_URL="https://bugs.debian.org/"

uname:Linux 4.9.0-8-686-pae #1 SMP Debian 4.9.130-2 (2018-10-27) i686
libc:glibc 2.24 NPTL 2.24 
rlimit: STACK 8192k, CORE 0k, NPROC 16014, NOFILE 1048576, AS infinity
load average:6.39 6.09 5.71

/proc/meminfo:
MemTotal:        2067700 kB
MemFree:          115320 kB
MemAvailable:          0 kB
Buffers:            2828 kB
Cached:            32192 kB
SwapCached:            0 kB
Active:          1890296 kB
Inactive:          22240 kB
Active(anon):    1877940 kB
Inactive(anon):    13728 kB
Active(file):      12356 kB
Inactive(file):     8512 kB
Unevictable:          96 kB
Mlocked:              96 kB
HighTotal:       1185736 kB
HighFree:          15176 kB
LowTotal:         881964 kB
LowFree:          100144 kB
SwapTotal:             0 kB
SwapFree:              0 kB
Dirty:               312 kB
Writeback:             0 kB
AnonPages:       1877728 kB
Mapped:            26228 kB
Shmem:             14036 kB
Slab:              19876 kB
SReclaimable:       9948 kB
SUnreclaim:         9928 kB
KernelStack:        2840 kB
PageTables:         8228 kB
NFS_Unstable:          0 kB
Bounce:                0 kB
WritebackTmp:          0 kB
CommitLimit:     1033848 kB
Committed_AS:    2914804 kB
VmallocTotal:     122880 kB
VmallocUsed:           0 kB
VmallocChunk:          0 kB
HardwareCorrupted:     0 kB
AnonHugePages:         0 kB
ShmemHugePages:        0 kB
ShmemPmdMapped:        0 kB
HugePages_Total:       0
HugePages_Free:        0
HugePages_Rsvd:        0
HugePages_Surp:        0
Hugepagesize:       2048 kB
DirectMap4k:       12280 kB
DirectMap2M:      899072 kB


CPU:total 1 (initial active 1) (1 cores per cpu, 1 threads per core) family 6 model 58 stepping 9, cmov, cx8, fxsr, mmx, sse, sse2, sse3, ssse3, sse4.1, sse4.2, popcnt, avx, aes, clmul, tsc, tscinvbit, tscinv

/proc/cpuinfo:
processor	: 0
vendor_id	: GenuineIntel
cpu family	: 6
model		: 58
model name	: Intel(R) Core(TM) i7-3630QM CPU @ 2.40GHz
stepping	: 9
microcode	: 0x19
cpu MHz		: 2394.560
cache size	: 6144 KB
physical id	: 0
siblings	: 1
core id		: 0
cpu cores	: 1
apicid		: 0
initial apicid	: 0
fdiv_bug	: no
f00f_bug	: no
coma_bug	: no
fpu		: yes
fpu_exception	: yes
cpuid level	: 13
wp		: yes
flags		: fpu vme de pse tsc msr pae mce cx8 apic sep mtrr pge mca cmov pat pse36 clflush mmx fxsr sse sse2 nx rdtscp constant_tsc xtopology nonstop_tsc pni pclmulqdq monitor ssse3 cx16 sse4_1 sse4_2 x2apic popcnt aes xsave avx rdrand hypervisor lahf_lm fsgsbase
bugs		: cpu_meltdown spectre_v1 spectre_v2 spec_store_bypass l1tf
bogomips	: 4789.12
clflush size	: 64
cache_alignment	: 64
address sizes	: 36 bits physical, 48 bits virtual
power management:



Memory: 4k page, physical 2067700k(115196k free), swap 0k(0k free)

vm_info: OpenJDK Server VM (25.181-b13) for linux-x86 JRE (1.8.0_181-8u181-b13-2~deb9u1-b13), built on Oct 22 2018 18:05:23 by "buildd" with gcc 6.3.0 20170516

time: Wed Jan 16 17:42:47 2019
elapsed time: 14 seconds (0d 0h 0m 14s)

